2022-11-23 21:06:10,830-INFO-WO3ThGt84Q_0112888827  command xml : lst_vlan.xml - VOICE
2022-11-23 21:06:10,830-INFO-WO3ThGt84Q_0112888827  {'VOBB': '660'}
2022-11-23 21:06:10,892-INFO-fWSfPWZPLR_0112862691  command xml : lst_vlan.xml - VOICE
2022-11-23 21:06:10,892-INFO-fWSfPWZPLR_0112862691  {'VOBB': '660'}
2022-11-23 21:06:11,002-INFO-WO3ThGt84Q_0112888827  command xml : lst_vlan.xml - BB
2022-11-23 21:06:11,002-INFO-WO3ThGt84Q_0112888827  {'EVLAN': '1000', 'SVLAN': '1540'}
2022-11-23 21:06:11,080-INFO-fWSfPWZPLR_0112862691  command xml : lst_vlan.xml - BB
2022-11-23 21:06:11,080-INFO-fWSfPWZPLR_0112862691  {'EVLAN': '1000', 'SVLAN': '1540'}
2022-11-23 21:06:11,142-INFO-fsN6NbL3sT_0112877571  command xml : lst_vlan.xml - VOICE
2022-11-23 21:06:11,142-INFO-fsN6NbL3sT_0112877571  {'VOBB': '660'}
2022-11-23 21:06:11,158-INFO-WO3ThGt84Q_0112888827  command xml : lst_vlan.xml - IPTV
2022-11-23 21:06:11,158-INFO-WO3ThGt84Q_0112888827  {'IPSV': '1640', 'IPTVLAN': '2000'}
2022-11-23 21:06:11,236-INFO-fWSfPWZPLR_0112862691  command xml : lst_vlan.xml - IPTV
2022-11-23 21:06:11,236-INFO-fWSfPWZPLR_0112862691  {'IPSV': '1640', 'IPTVLAN': '2000'}
2022-11-23 21:06:11,252-INFO-3L7KBXVtq3_0112871245  command xml : lst_vlan.xml - VOICE
2022-11-23 21:06:11,252-INFO-3L7KBXVtq3_0112871245  {'VOBB': '660'}
2022-11-23 21:06:11,299-INFO-fsN6NbL3sT_0112877571  command xml : lst_vlan.xml - BB
2022-11-23 21:06:11,299-INFO-fsN6NbL3sT_0112877571  {'EVLAN': '1000', 'SVLAN': '1540'}
2022-11-23 21:06:11,354-INFO-0Rzg0Zznau_0112888348  command xml : lst_vlan.xml - VOICE
2022-11-23 21:06:11,354-INFO-0Rzg0Zznau_0112888348  {'VOBB': '660'}
2022-11-23 21:06:11,401-INFO-EOztQF3rzO_0112888346  command xml : lst_vlan.xml - VOICE
2022-11-23 21:06:11,401-INFO-EOztQF3rzO_0112888346  {'VOBB': '660'}
2022-11-23 21:06:11,401-INFO-3L7KBXVtq3_0112871245  command xml : lst_vlan.xml - IPTV
2022-11-23 21:06:11,401-INFO-3L7KBXVtq3_0112871245  {'IPSV': '1640', 'IPTVLAN': '2000'}
2022-11-23 21:06:11,495-INFO-fsN6NbL3sT_0112877571  command xml : lst_vlan.xml - IPTV
2022-11-23 21:06:11,495-INFO-fsN6NbL3sT_0112877571  {'IPSV': '1640', 'IPTVLAN': '2000'}
2022-11-23 21:06:11,495-INFO-EFQHK3Ozp0_0112888347  command xml : lst_vlan.xml - VOICE
2022-11-23 21:06:11,495-INFO-EFQHK3Ozp0_0112888347  {'VOBB': '660'}
2022-11-23 21:06:11,511-INFO-0Rzg0Zznau_0112888348  command xml : lst_vlan.xml - IPTV
2022-11-23 21:06:11,511-INFO-0Rzg0Zznau_0112888348  {'IPSV': '1640', 'IPTVLAN': '2000'}
2022-11-23 21:06:11,589-INFO-EOztQF3rzO_0112888346  command xml : lst_vlan.xml - IPTV
2022-11-23 21:06:11,589-INFO-EOztQF3rzO_0112888346  {'IPSV': '1640', 'IPTVLAN': '2000'}
2022-11-23 21:06:11,651-INFO-EFQHK3Ozp0_0112888347  command xml : lst_vlan.xml - BB
2022-11-23 21:06:11,651-INFO-EFQHK3Ozp0_0112888347  {'EVLAN': '1000', 'SVLAN': '1540'}
2022-11-23 21:06:11,823-INFO-EFQHK3Ozp0_0112888347  command xml : lst_vlan.xml - IPTV
2022-11-23 21:06:12,102-INFO-EFQHK3Ozp0_0112888347  {'IPSV': '1640', 'IPTVLAN': '2000'}
2022-11-23 21:06:12,142-INFO-hUECGksfLT_0112870138  command xml : lst_vlan.xml - VOICE
2022-11-23 21:06:12,142-INFO-hUECGksfLT_0112870138  {'VOBB': '660'}
2022-11-23 21:06:12,317-INFO-hUECGksfLT_0112870138  command xml : lst_vlan.xml - BB
2022-11-23 21:06:12,317-INFO-hUECGksfLT_0112870138  {'EVLAN': '1000', 'SVLAN': '1540'}
2022-11-23 21:06:12,349-INFO-ikaM82XfIm_0112877364  command xml : lst_vlan.xml - VOICE
2022-11-23 21:06:12,349-INFO-ikaM82XfIm_0112877364  {'VOBB': '660'}
2022-11-23 21:06:12,514-INFO-ikaM82XfIm_0112877364  command xml : lst_vlan.xml - BB
2022-11-23 21:06:12,514-INFO-ikaM82XfIm_0112877364  {'EVLAN': '1000', 'SVLAN': '1540'}
2022-11-23 21:06:12,543-INFO-hUECGksfLT_0112870138  command xml : lst_vlan.xml - IPTV
2022-11-23 21:06:12,544-INFO-hUECGksfLT_0112870138  {'IPSV': '1640', 'IPTVLAN': '2000'}
2022-11-23 21:06:12,637-INFO-fWSfPWZPLR_0112862691  command xml : DELETE IMS
2022-11-23 21:06:12,637-INFO-fWSfPWZPLR_0112862691  0
2022-11-23 21:06:12,653-INFO-ikaM82XfIm_0112877364  command xml : lst_vlan.xml - IPTV
2022-11-23 21:06:12,653-INFO-ikaM82XfIm_0112877364  {'IPSV': '1640', 'IPTVLAN': '2000'}
2022-11-23 21:06:12,684-INFO-WoLrTtyUru_0112869439  command xml : lst_vlan.xml - VOICE
2022-11-23 21:06:12,684-INFO-WoLrTtyUru_0112869439  {'VOBB': '660'}
2022-11-23 21:06:12,872-INFO-WoLrTtyUru_0112869439  command xml : lst_vlan.xml - BB
2022-11-23 21:06:12,872-INFO-WoLrTtyUru_0112869439  {'EVLAN': '1000', 'SVLAN': '1540'}
2022-11-23 21:06:13,056-INFO-WoLrTtyUru_0112869439  command xml : lst_vlan.xml - IPTV
2022-11-23 21:06:13,056-INFO-WoLrTtyUru_0112869439  {'IPSV': '1640', 'IPTVLAN': '2000'}
2022-11-23 21:06:13,150-INFO-WO3ThGt84Q_0112888827  command xml : DELETE IMS
2022-11-23 21:06:13,150-INFO-WO3ThGt84Q_0112888827  0
2022-11-23 21:06:13,537-INFO-fsN6NbL3sT_0112877571  command xml : DELETE IMS
2022-11-23 21:06:13,537-INFO-fsN6NbL3sT_0112877571  0
2022-11-23 21:06:13,868-INFO-EOztQF3rzO_0112888346  command xml : DELETE IMS
2022-11-23 21:06:13,868-INFO-EOztQF3rzO_0112888346  0
2022-11-23 21:06:13,981-INFO-3L7KBXVtq3_0112871245  command xml : DELETE IMS
2022-11-23 21:06:13,981-INFO-3L7KBXVtq3_0112871245  0
2022-11-23 21:06:14,782-INFO-0Rzg0Zznau_0112888348  command xml : DELETE IMS
2022-11-23 21:06:14,782-INFO-0Rzg0Zznau_0112888348  0
2022-11-23 21:06:15,068-INFO-EFQHK3Ozp0_0112888347  command xml : DELETE IMS
2022-11-23 21:06:15,068-INFO-EFQHK3Ozp0_0112888347  0
2022-11-23 21:06:15,214-INFO-fWSfPWZPLR_0112862691  command xml : DELETE HSS
2022-11-23 21:06:15,214-INFO-fWSfPWZPLR_0112862691  0
2022-11-23 21:06:15,230-INFO-ikaM82XfIm_0112877364  command xml : DELETE IMS
2022-11-23 21:06:15,230-INFO-ikaM82XfIm_0112877364  0
2022-11-23 21:06:15,509-INFO-hUECGksfLT_0112870138  command xml : DELETE IMS
2022-11-23 21:06:15,510-INFO-hUECGksfLT_0112870138  0
2022-11-23 21:06:15,701-INFO-WO3ThGt84Q_0112888827  command xml : DELETE HSS
2022-11-23 21:06:15,701-INFO-WO3ThGt84Q_0112888827  0
2022-11-23 21:06:15,923-INFO-fsN6NbL3sT_0112877571  command xml : DELETE HSS
2022-11-23 21:06:15,924-INFO-fsN6NbL3sT_0112877571  0
2022-11-23 21:06:16,053-INFO-WoLrTtyUru_0112869439  command xml : DELETE IMS
2022-11-23 21:06:16,053-INFO-WoLrTtyUru_0112869439  0
2022-11-23 21:06:16,366-INFO-EOztQF3rzO_0112888346  command xml : DELETE HSS
2022-11-23 21:06:16,366-INFO-EOztQF3rzO_0112888346  0
2022-11-23 21:06:16,691-INFO-3L7KBXVtq3_0112871245  command xml : DELETE HSS
2022-11-23 21:06:16,691-INFO-3L7KBXVtq3_0112871245  0
2022-11-23 21:06:17,503-INFO-0Rzg0Zznau_0112888348  command xml : DELETE HSS
2022-11-23 21:06:17,503-INFO-0Rzg0Zznau_0112888348  0
2022-11-23 21:06:17,503-INFO-EFQHK3Ozp0_0112888347  command xml : DELETE HSS
2022-11-23 21:06:17,503-INFO-EFQHK3Ozp0_0112888347  0
2022-11-23 21:06:17,518-INFO-ikaM82XfIm_0112877364  command xml : DELETE HSS
2022-11-23 21:06:17,518-INFO-ikaM82XfIm_0112877364  0
2022-11-23 21:06:18,038-INFO-hUECGksfLT_0112870138  command xml : DELETE HSS
2022-11-23 21:06:18,039-INFO-hUECGksfLT_0112870138  0
2022-11-23 21:06:18,211-INFO-fWSfPWZPLR_0112862691  command xml : DELETE ENS
2022-11-23 21:06:18,211-INFO-fWSfPWZPLR_0112862691  0
2022-11-23 21:06:19,201-INFO-3L7KBXVtq3_0112871245  command xml : DELETE ENS
2022-11-23 21:06:19,201-INFO-3L7KBXVtq3_0112871245  0
2022-11-23 21:06:19,233-INFO-WoLrTtyUru_0112869439  command xml : DELETE HSS
2022-11-23 21:06:19,233-INFO-WoLrTtyUru_0112869439  0
2022-11-23 21:06:19,248-INFO-WO3ThGt84Q_0112888827  command xml : DELETE ENS
2022-11-23 21:06:19,248-INFO-WO3ThGt84Q_0112888827  0
2022-11-23 21:06:19,248-INFO-fsN6NbL3sT_0112877571  command xml : DELETE ENS
2022-11-23 21:06:19,248-INFO-fsN6NbL3sT_0112877571  0
2022-11-23 21:06:19,295-INFO-EOztQF3rzO_0112888346  command xml : DELETE ENS
2022-11-23 21:06:19,295-INFO-EOztQF3rzO_0112888346  0
2022-11-23 21:06:20,196-INFO-ikaM82XfIm_0112877364  command xml : DELETE ENS
2022-11-23 21:06:20,196-INFO-ikaM82XfIm_0112877364  0
2022-11-23 21:06:20,365-INFO-0Rzg0Zznau_0112888348  command xml : DELETE ENS
2022-11-23 21:06:20,365-INFO-0Rzg0Zznau_0112888348  0
2022-11-23 21:06:20,673-INFO-hUECGksfLT_0112870138  command xml : DELETE ENS
2022-11-23 21:06:20,673-INFO-hUECGksfLT_0112870138  0
2022-11-23 21:06:20,673-INFO-fWSfPWZPLR_0112862691  command xml : DELETE MSAN
2022-11-23 21:06:20,673-INFO-fWSfPWZPLR_0112862691  0
2022-11-23 21:06:20,673-INFO-EFQHK3Ozp0_0112888347  command xml : DELETE ENS
2022-11-23 21:06:20,673-INFO-EFQHK3Ozp0_0112888347  0
2022-11-23 21:06:21,832-INFO-WoLrTtyUru_0112869439  command xml : DELETE ENS
2022-11-23 21:06:21,832-INFO-WoLrTtyUru_0112869439  0
2022-11-23 21:06:23,059-INFO-hUECGksfLT_0112870138  command xml : DELETE MSAN
2022-11-23 21:06:23,059-INFO-hUECGksfLT_0112870138  1
2022-11-23 21:06:23,375-INFO-fsN6NbL3sT_0112877571  command xml : DELETE MSAN
2022-11-23 21:06:23,375-INFO-fsN6NbL3sT_0112877571  0
2022-11-23 21:06:23,375-INFO-WO3ThGt84Q_0112888827  command xml : DELETE MSAN
2022-11-23 21:06:23,375-INFO-WO3ThGt84Q_0112888827  0
2022-11-23 21:06:23,375-INFO-fWSfPWZPLR_0112862691  command xml : DELETE NMS
2022-11-23 21:06:23,375-INFO-fWSfPWZPLR_0112862691  0
2022-11-23 21:06:23,516-INFO-EFQHK3Ozp0_0112888347  command xml : DELETE MSAN
2022-11-23 21:06:23,516-INFO-EFQHK3Ozp0_0112888347  0
2022-11-23 21:06:23,547-INFO-3L7KBXVtq3_0112871245  command xml : DELETE MSAN
2022-11-23 21:06:23,547-INFO-3L7KBXVtq3_0112871245  0
2022-11-23 21:06:23,563-INFO-ikaM82XfIm_0112877364  command xml : DELETE MSAN
2022-11-23 21:06:23,563-INFO-ikaM82XfIm_0112877364  0
2022-11-23 21:06:23,563-INFO-0Rzg0Zznau_0112888348  command xml : DELETE MSAN
2022-11-23 21:06:23,563-INFO-0Rzg0Zznau_0112888348  0
2022-11-23 21:06:23,594-INFO-EOztQF3rzO_0112888346  command xml : DELETE MSAN
2022-11-23 21:06:23,594-INFO-EOztQF3rzO_0112888346  0
2022-11-23 21:06:23,610-INFO-WoLrTtyUru_0112869439  command xml : DELETE MSAN
2022-11-23 21:06:23,610-INFO-WoLrTtyUru_0112869439  0
2022-11-23 21:06:25,302-INFO-hUECGksfLT_0112870138  command xml : DELETE NMS
2022-11-23 21:06:25,302-INFO-hUECGksfLT_0112870138  0
2022-11-23 21:06:26,571-INFO-fsN6NbL3sT_0112877571  command xml : DELETE NMS
2022-11-23 21:06:26,571-INFO-fsN6NbL3sT_0112877571  0
2022-11-23 21:06:28,216-INFO-WO3ThGt84Q_0112888827  command xml : DELETE NMS
2022-11-23 21:06:28,216-INFO-WO3ThGt84Q_0112888827  0
2022-11-23 21:06:28,876-INFO-fWSfPWZPLR_0112862691  command xml : FAB CREATE
2022-11-23 21:06:28,876-INFO-fWSfPWZPLR_0112862691  0
2022-11-23 21:06:29,880-INFO-fWSfPWZPLR_0112862691  command xml : PROFILE CREATE
2022-11-23 21:06:29,880-INFO-fWSfPWZPLR_0112862691  0
2022-11-23 21:06:29,880-INFO-EFQHK3Ozp0_0112888347  command xml : DELETE NMS
2022-11-23 21:06:29,880-INFO-EFQHK3Ozp0_0112888347  0
2022-11-23 21:06:30,275-INFO-fWSfPWZPLR_0112862691  command xml : VOICE CREATE
2022-11-23 21:06:30,275-INFO-fWSfPWZPLR_0112862691  0
2022-11-23 21:06:30,623-INFO-fWSfPWZPLR_0112862691  command xml : BB CREATE
2022-11-23 21:06:30,623-INFO-fWSfPWZPLR_0112862691  0
2022-11-23 21:06:30,670-INFO-hUECGksfLT_0112870138  command xml : FAB CREATE
2022-11-23 21:06:30,670-INFO-hUECGksfLT_0112870138  0
2022-11-23 21:06:31,533-INFO-0Rzg0Zznau_0112888348  command xml : DELETE NMS
2022-11-23 21:06:31,533-INFO-0Rzg0Zznau_0112888348  0
2022-11-23 21:06:31,533-INFO-fWSfPWZPLR_0112862691  command xml : BB USER CREATE
2022-11-23 21:06:31,533-INFO-fWSfPWZPLR_0112862691  0
2022-11-23 21:06:31,896-INFO-fWSfPWZPLR_0112862691  command xml : IPTV PORT CREATE
2022-11-23 21:06:31,896-INFO-fWSfPWZPLR_0112862691  0
2022-11-23 21:06:31,978-INFO-hUECGksfLT_0112870138  command xml : PROFILE CREATE
2022-11-23 21:06:31,978-INFO-fsN6NbL3sT_0112877571  command xml : FAB CREATE
2022-11-23 21:06:31,978-INFO-hUECGksfLT_0112870138  0
2022-11-23 21:06:31,978-INFO-fsN6NbL3sT_0112877571  0
2022-11-23 21:06:32,230-INFO-fWSfPWZPLR_0112862691  command xml : IPTV A CREATE
2022-11-23 21:06:32,230-INFO-fWSfPWZPLR_0112862691  0
2022-11-23 21:06:32,328-INFO-hUECGksfLT_0112870138  command xml : VOICE CREATE
2022-11-23 21:06:32,328-INFO-hUECGksfLT_0112870138  0
2022-11-23 21:06:32,551-INFO-fWSfPWZPLR_0112862691  command xml : IPTV B CREATE
2022-11-23 21:06:32,551-INFO-fWSfPWZPLR_0112862691  0
2022-11-23 21:06:32,898-INFO-fsN6NbL3sT_0112877571  command xml : PROFILE CREATE
2022-11-23 21:06:32,898-INFO-fsN6NbL3sT_0112877571  0
2022-11-23 21:06:33,151-INFO-hUECGksfLT_0112870138  command xml : BB CREATE
2022-11-23 21:06:33,151-INFO-hUECGksfLT_0112870138  0
2022-11-23 21:06:33,183-INFO-3L7KBXVtq3_0112871245  command xml : DELETE NMS
2022-11-23 21:06:33,183-INFO-3L7KBXVtq3_0112871245  0
2022-11-23 21:06:33,183-INFO-fWSfPWZPLR_0112862691  command xml : IPTV C CREATE
2022-11-23 21:06:33,183-INFO-fWSfPWZPLR_0112862691  0
2022-11-23 21:06:33,214-INFO-fsN6NbL3sT_0112877571  command xml : VOICE CREATE
2022-11-23 21:06:33,214-INFO-fsN6NbL3sT_0112877571  0
2022-11-23 21:06:33,529-INFO-hUECGksfLT_0112870138  command xml : BB USER CREATE
2022-11-23 21:06:33,529-INFO-hUECGksfLT_0112870138  0
2022-11-23 21:06:33,595-INFO-fWSfPWZPLR_0112862691  command xml : IPTV D CREATE
2022-11-23 21:06:33,595-INFO-fWSfPWZPLR_0112862691  0
2022-11-23 21:06:33,730-INFO-fsN6NbL3sT_0112877571  command xml : BB CREATE
2022-11-23 21:06:33,730-INFO-fsN6NbL3sT_0112877571  0
2022-11-23 21:06:33,730-INFO-WO3ThGt84Q_0112888827  command xml : FAB CREATE
2022-11-23 21:06:33,730-INFO-WO3ThGt84Q_0112888827  0
2022-11-23 21:06:33,855-INFO-hUECGksfLT_0112870138  command xml : IPTV PORT CREATE
2022-11-23 21:06:33,855-INFO-hUECGksfLT_0112870138  0
2022-11-23 21:06:34,090-INFO-fsN6NbL3sT_0112877571  command xml : BB USER CREATE
2022-11-23 21:06:34,106-INFO-fsN6NbL3sT_0112877571  0
2022-11-23 21:06:34,266-INFO-hUECGksfLT_0112870138  command xml : IPTV A CREATE
2022-11-23 21:06:34,266-INFO-hUECGksfLT_0112870138  0
2022-11-23 21:06:34,739-INFO-WO3ThGt84Q_0112888827  command xml : PROFILE CREATE
2022-11-23 21:06:34,739-INFO-WO3ThGt84Q_0112888827  0
2022-11-23 21:06:34,899-INFO-fWSfPWZPLR_0112862691  command xml : CREATE HSS
2022-11-23 21:06:34,899-INFO-fWSfPWZPLR_0112862691  0
2022-11-23 21:06:34,915-INFO-fsN6NbL3sT_0112877571  command xml : IPTV PORT CREATE
2022-11-23 21:06:34,915-INFO-fsN6NbL3sT_0112877571  0
2022-11-23 21:06:34,915-INFO-EOztQF3rzO_0112888346  command xml : DELETE NMS
2022-11-23 21:06:34,915-INFO-EOztQF3rzO_0112888346  0
2022-11-23 21:06:34,915-INFO-hUECGksfLT_0112870138  command xml : IPTV B CREATE
2022-11-23 21:06:34,915-INFO-hUECGksfLT_0112870138  0
2022-11-23 21:06:35,055-INFO-WO3ThGt84Q_0112888827  command xml : VOICE CREATE
2022-11-23 21:06:35,055-INFO-WO3ThGt84Q_0112888827  0
2022-11-23 21:06:35,327-INFO-EFQHK3Ozp0_0112888347  command xml : FAB CREATE
2022-11-23 21:06:35,327-INFO-EFQHK3Ozp0_0112888347  0
2022-11-23 21:06:35,327-INFO-fsN6NbL3sT_0112877571  command xml : IPTV A CREATE
2022-11-23 21:06:35,327-INFO-fsN6NbL3sT_0112877571  0
2022-11-23 21:06:35,343-INFO-hUECGksfLT_0112870138  command xml : IPTV C CREATE
2022-11-23 21:06:35,343-INFO-hUECGksfLT_0112870138  0
2022-11-23 21:06:35,421-INFO-WO3ThGt84Q_0112888827  command xml : BB CREATE
2022-11-23 21:06:35,421-INFO-WO3ThGt84Q_0112888827  0
2022-11-23 21:06:35,551-INFO-fWSfPWZPLR_0112862691  command xml : CREATE ENS
2022-11-23 21:06:35,551-INFO-fWSfPWZPLR_0112862691  0
2022-11-23 21:06:35,658-INFO-hUECGksfLT_0112870138  command xml : IPTV D CREATE
2022-11-23 21:06:35,658-INFO-hUECGksfLT_0112870138  0
2022-11-23 21:06:35,734-INFO-fsN6NbL3sT_0112877571  command xml : IPTV B CREATE
2022-11-23 21:06:35,735-INFO-fsN6NbL3sT_0112877571  0
2022-11-23 21:06:35,739-INFO-WoLrTtyUru_0112869439  command xml : DELETE NMS
2022-11-23 21:06:35,740-INFO-WoLrTtyUru_0112869439  0
2022-11-23 21:06:35,820-INFO-WO3ThGt84Q_0112888827  command xml : BB USER CREATE
2022-11-23 21:06:35,820-INFO-WO3ThGt84Q_0112888827  0
2022-11-23 21:06:36,179-INFO-fsN6NbL3sT_0112877571  command xml : IPTV C CREATE
2022-11-23 21:06:36,179-INFO-fsN6NbL3sT_0112877571  0
2022-11-23 21:06:36,283-INFO-WO3ThGt84Q_0112888827  command xml : IPTV PORT CREATE
2022-11-23 21:06:36,283-INFO-WO3ThGt84Q_0112888827  0
2022-11-23 21:06:36,283-INFO-EFQHK3Ozp0_0112888347  command xml : PROFILE CREATE
2022-11-23 21:06:36,283-INFO-EFQHK3Ozp0_0112888347  0
2022-11-23 21:06:36,330-INFO-fWSfPWZPLR_0112862691  command xml : CREATE ATS
2022-11-23 21:06:36,330-INFO-fWSfPWZPLR_0112862691  0
2022-11-23 21:06:36,474-INFO-fsN6NbL3sT_0112877571  command xml : IPTV D CREATE
2022-11-23 21:06:36,474-INFO-fsN6NbL3sT_0112877571  0
2022-11-23 21:06:36,521-INFO-fWSfPWZPLR_0112882872  command xml : lst_vlan.xml - VOICE
2022-11-23 21:06:36,521-INFO-fWSfPWZPLR_0112882872  {'VOBB': '660'}
2022-11-23 21:06:36,535-INFO-hUECGksfLT_0112870138  command xml : CREATE HSS
2022-11-23 21:06:36,536-INFO-hUECGksfLT_0112870138  0
2022-11-23 21:06:36,610-INFO-WO3ThGt84Q_0112888827  command xml : IPTV A CREATE
2022-11-23 21:06:36,610-INFO-WO3ThGt84Q_0112888827  0
2022-11-23 21:06:36,612-INFO-EFQHK3Ozp0_0112888347  command xml : VOICE CREATE
2022-11-23 21:06:36,612-INFO-EFQHK3Ozp0_0112888347  0
2022-11-23 21:06:36,667-INFO-fWSfPWZPLR_0112882872  command xml : lst_vlan.xml - BB
2022-11-23 21:06:36,667-INFO-fWSfPWZPLR_0112882872  {'EVLAN': '1000', 'SVLAN': '1540'}
2022-11-23 21:06:36,823-INFO-fWSfPWZPLR_0112882872  command xml : lst_vlan.xml - IPTV
2022-11-23 21:06:36,823-INFO-fWSfPWZPLR_0112882872  {'IPSV': '1640', 'IPTVLAN': '2000'}
2022-11-23 21:06:37,011-INFO-EFQHK3Ozp0_0112888347  command xml : BB CREATE
2022-11-23 21:06:37,011-INFO-EFQHK3Ozp0_0112888347  0
2022-11-23 21:06:37,089-INFO-0Rzg0Zznau_0112888348  command xml : FAB CREATE
2022-11-23 21:06:37,089-INFO-0Rzg0Zznau_0112888348  0
2022-11-23 21:06:37,104-INFO-WO3ThGt84Q_0112888827  command xml : IPTV B CREATE
2022-11-23 21:06:37,104-INFO-WO3ThGt84Q_0112888827  0
2022-11-23 21:06:37,257-INFO-ikaM82XfIm_0112877364  command xml : DELETE NMS
2022-11-23 21:06:37,257-INFO-ikaM82XfIm_0112877364  0
2022-11-23 21:06:37,304-INFO-hUECGksfLT_0112870138  command xml : CREATE ENS
2022-11-23 21:06:37,304-INFO-hUECGksfLT_0112870138  0
2022-11-23 21:06:37,367-INFO-EFQHK3Ozp0_0112888347  command xml : BB USER CREATE
2022-11-23 21:06:37,367-INFO-EFQHK3Ozp0_0112888347  0
2022-11-23 21:06:37,495-INFO-WO3ThGt84Q_0112888827  command xml : IPTV C CREATE
2022-11-23 21:06:37,495-INFO-WO3ThGt84Q_0112888827  0
2022-11-23 21:06:37,562-INFO-fsN6NbL3sT_0112877571  command xml : CREATE HSS
2022-11-23 21:06:37,562-INFO-fsN6NbL3sT_0112877571  0
2022-11-23 21:06:37,691-INFO-EFQHK3Ozp0_0112888347  command xml : IPTV PORT CREATE
2022-11-23 21:06:37,691-INFO-EFQHK3Ozp0_0112888347  0
2022-11-23 21:06:37,910-INFO-0Rzg0Zznau_0112888348  command xml : PROFILE CREATE
2022-11-23 21:06:37,910-INFO-0Rzg0Zznau_0112888348  0
2022-11-23 21:06:37,925-INFO-WO3ThGt84Q_0112888827  command xml : IPTV D CREATE
2022-11-23 21:06:37,925-INFO-WO3ThGt84Q_0112888827  0
2022-11-23 21:06:38,058-INFO-EFQHK3Ozp0_0112888347  command xml : IPTV A CREATE
2022-11-23 21:06:38,058-INFO-EFQHK3Ozp0_0112888347  0
2022-11-23 21:06:38,109-INFO-fWSfPWZPLR_0112882872  command xml : DELETE IMS
2022-11-23 21:06:38,109-INFO-fWSfPWZPLR_0112882872  0
2022-11-23 21:06:38,259-INFO-0Rzg0Zznau_0112888348  command xml : VOICE CREATE
2022-11-23 21:06:38,259-INFO-0Rzg0Zznau_0112888348  0
2022-11-23 21:06:38,289-INFO-hUECGksfLT_0112870138  command xml : CREATE ATS
2022-11-23 21:06:38,290-INFO-hUECGksfLT_0112870138  0
2022-11-23 21:06:38,328-INFO-EFQHK3Ozp0_0112888347  command xml : IPTV B CREATE
2022-11-23 21:06:38,328-INFO-EFQHK3Ozp0_0112888347  0
2022-11-23 21:06:38,359-INFO-fsN6NbL3sT_0112877571  command xml : CREATE ENS
2022-11-23 21:06:38,359-INFO-fsN6NbL3sT_0112877571  0
2022-11-23 21:06:38,437-INFO-hUECGksfLT_0112870298  command xml : lst_vlan.xml - VOICE
2022-11-23 21:06:38,437-INFO-hUECGksfLT_0112870298  {'VOBB': '660'}
2022-11-23 21:06:38,594-INFO-hUECGksfLT_0112870298  command xml : lst_vlan.xml - BB
2022-11-23 21:06:38,594-INFO-hUECGksfLT_0112870298  {'EVLAN': '1000', 'SVLAN': '1540'}
2022-11-23 21:06:38,625-INFO-3L7KBXVtq3_0112871245  command xml : FAB CREATE
2022-11-23 21:06:38,625-INFO-3L7KBXVtq3_0112871245  0
2022-11-23 21:06:38,719-INFO-0Rzg0Zznau_0112888348  command xml : IPTV PORT CREATE
2022-11-23 21:06:38,719-INFO-0Rzg0Zznau_0112888348  0
2022-11-23 21:06:38,765-INFO-hUECGksfLT_0112870298  command xml : lst_vlan.xml - IPTV
2022-11-23 21:06:38,765-INFO-hUECGksfLT_0112870298  {'IPSV': '1640', 'IPTVLAN': '2000'}
2022-11-23 21:06:38,781-INFO-EFQHK3Ozp0_0112888347  command xml : IPTV C CREATE
2022-11-23 21:06:38,781-INFO-EFQHK3Ozp0_0112888347  0
2022-11-23 21:06:39,054-INFO-EFQHK3Ozp0_0112888347  command xml : IPTV D CREATE
2022-11-23 21:06:39,054-INFO-EFQHK3Ozp0_0112888347  0
2022-11-23 21:06:39,085-INFO-0Rzg0Zznau_0112888348  command xml : IPTV A CREATE
2022-11-23 21:06:39,085-INFO-0Rzg0Zznau_0112888348  0
2022-11-23 21:06:39,085-INFO-fWSfPWZPLR_0112882872  command xml : DELETE HSS
2022-11-23 21:06:39,085-INFO-fWSfPWZPLR_0112882872  0
2022-11-23 21:06:39,101-INFO-WO3ThGt84Q_0112888827  command xml : CREATE HSS
2022-11-23 21:06:39,101-INFO-WO3ThGt84Q_0112888827  0
2022-11-23 21:06:39,460-INFO-3L7KBXVtq3_0112871245  command xml : PROFILE CREATE
2022-11-23 21:06:39,460-INFO-3L7KBXVtq3_0112871245  0
2022-11-23 21:06:39,497-INFO-0Rzg0Zznau_0112888348  command xml : IPTV B CREATE
2022-11-23 21:06:39,497-INFO-0Rzg0Zznau_0112888348  0
2022-11-23 21:06:40,107-INFO-fWSfPWZPLR_0112882872  command xml : DELETE ENS
2022-11-23 21:06:40,107-INFO-fWSfPWZPLR_0112882872  0
2022-11-23 21:06:40,122-INFO-hUECGksfLT_0112870298  command xml : DELETE IMS
2022-11-23 21:06:40,122-INFO-hUECGksfLT_0112870298  0
2022-11-23 21:06:40,122-INFO-fsN6NbL3sT_0112877571  command xml : CREATE ATS
2022-11-23 21:06:40,122-INFO-fsN6NbL3sT_0112877571  0
2022-11-23 21:06:40,204-INFO-WO3ThGt84Q_0112888827  command xml : CREATE ENS
2022-11-23 21:06:40,204-INFO-WO3ThGt84Q_0112888827  0
2022-11-23 21:06:40,266-INFO-fsN6NbL3sT_0112179473  command xml : lst_vlan.xml - VOICE
2022-11-23 21:06:40,266-INFO-fsN6NbL3sT_0112179473  {'VOBB': '660'}
2022-11-23 21:06:40,282-INFO-EOztQF3rzO_0112888346  command xml : FAB CREATE
2022-11-23 21:06:40,282-INFO-EOztQF3rzO_0112888346  0
2022-11-23 21:06:40,423-INFO-fsN6NbL3sT_0112179473  command xml : lst_vlan.xml - BB
2022-11-23 21:06:40,423-INFO-fsN6NbL3sT_0112179473  {'EVLAN': '1000', 'SVLAN': '1540'}
2022-11-23 21:06:40,563-INFO-fsN6NbL3sT_0112179473  command xml : lst_vlan.xml - IPTV
2022-11-23 21:06:40,563-INFO-fsN6NbL3sT_0112179473  {'IPSV': '1640', 'IPTVLAN': '2000'}
2022-11-23 21:06:40,946-INFO-hUECGksfLT_0112870298  command xml : DELETE HSS
2022-11-23 21:06:40,946-INFO-hUECGksfLT_0112870298  0
2022-11-23 21:06:41,196-INFO-WoLrTtyUru_0112869439  command xml : FAB CREATE
2022-11-23 21:06:41,196-INFO-WoLrTtyUru_0112869439  0
2022-11-23 21:06:41,300-INFO-fWSfPWZPLR_0112882872  command xml : DELETE MSAN
2022-11-23 21:06:41,300-INFO-fWSfPWZPLR_0112882872  0
2022-11-23 21:06:41,385-INFO-WO3ThGt84Q_0112888827  command xml : CREATE ATS
2022-11-23 21:06:41,385-INFO-WO3ThGt84Q_0112888827  0
2022-11-23 21:06:41,578-INFO-WO3ThGt84Q_0112882533  command xml : lst_vlan.xml - VOICE
2022-11-23 21:06:41,578-INFO-WO3ThGt84Q_0112882533  {'VOBB': '660'}
2022-11-23 21:06:41,718-INFO-fsN6NbL3sT_0112179473  command xml : DELETE IMS
2022-11-23 21:06:41,718-INFO-fsN6NbL3sT_0112179473  0
2022-11-23 21:06:41,734-INFO-WO3ThGt84Q_0112882533  command xml : lst_vlan.xml - BB
2022-11-23 21:06:41,734-INFO-WO3ThGt84Q_0112882533  {'EVLAN': '1000', 'SVLAN': '1540'}
2022-11-23 21:06:41,788-INFO-hUECGksfLT_0112870298  command xml : DELETE ENS
2022-11-23 21:06:41,788-INFO-hUECGksfLT_0112870298  0
2022-11-23 21:06:41,914-INFO-WO3ThGt84Q_0112882533  command xml : lst_vlan.xml - IPTV
2022-11-23 21:06:41,914-INFO-WO3ThGt84Q_0112882533  {'IPSV': '1640', 'IPTVLAN': '2000'}
2022-11-23 21:06:42,055-INFO-0Rzg0Zznau_0112888348  command xml : IPTV C CREATE
2022-11-23 21:06:42,055-INFO-0Rzg0Zznau_0112888348  0
2022-11-23 21:06:42,070-INFO-3L7KBXVtq3_0112871245  command xml : VOICE CREATE
2022-11-23 21:06:42,070-INFO-3L7KBXVtq3_0112871245  0
2022-11-23 21:06:42,386-INFO-fsN6NbL3sT_0112179473  command xml : DELETE HSS
2022-11-23 21:06:42,386-INFO-fsN6NbL3sT_0112179473  0
2022-11-23 21:06:42,386-INFO-0Rzg0Zznau_0112888348  command xml : IPTV D CREATE
2022-11-23 21:06:42,386-INFO-0Rzg0Zznau_0112888348  0
2022-11-23 21:06:42,464-INFO-3L7KBXVtq3_0112871245  command xml : IPTV PORT CREATE
2022-11-23 21:06:42,464-INFO-3L7KBXVtq3_0112871245  0
2022-11-23 21:06:42,693-INFO-ikaM82XfIm_0112877364  command xml : FAB CREATE
2022-11-23 21:06:42,693-INFO-ikaM82XfIm_0112877364  0
2022-11-23 21:06:42,791-INFO-hUECGksfLT_0112870298  command xml : DELETE MSAN
2022-11-23 21:06:42,791-INFO-hUECGksfLT_0112870298  1
2022-11-23 21:06:42,807-INFO-3L7KBXVtq3_0112871245  command xml : IPTV A CREATE
2022-11-23 21:06:42,807-INFO-3L7KBXVtq3_0112871245  0
2022-11-23 21:06:43,092-INFO-3L7KBXVtq3_0112871245  command xml : IPTV B CREATE
2022-11-23 21:06:43,092-INFO-3L7KBXVtq3_0112871245  0
2022-11-23 21:06:43,123-INFO-fsN6NbL3sT_0112179473  command xml : DELETE ENS
2022-11-23 21:06:43,123-INFO-fsN6NbL3sT_0112179473  0
2022-11-23 21:06:43,123-INFO-WO3ThGt84Q_0112882533  command xml : DELETE IMS
2022-11-23 21:06:43,123-INFO-WO3ThGt84Q_0112882533  0
2022-11-23 21:06:43,782-INFO-WO3ThGt84Q_0112882533  command xml : DELETE HSS
2022-11-23 21:06:43,782-INFO-WO3ThGt84Q_0112882533  0
2022-11-23 21:06:43,850-INFO-3L7KBXVtq3_0112871245  command xml : IPTV C CREATE
2022-11-23 21:06:43,851-INFO-fWSfPWZPLR_0112882872  0
2022-11-23 21:06:43,851-INFO-3L7KBXVtq3_0112871245  0
2022-11-23 21:06:44,123-INFO-3L7KBXVtq3_0112871245  command xml : IPTV D CREATE
2022-11-23 21:06:44,123-INFO-3L7KBXVtq3_0112871245  0
2022-11-23 21:06:44,359-INFO-WO3ThGt84Q_0112882533  command xml : DELETE ENS
2022-11-23 21:06:44,359-INFO-WO3ThGt84Q_0112882533  0
2022-11-23 21:06:45,021-INFO-hUECGksfLT_0112870298  command xml : DELETE NMS
2022-11-23 21:06:45,021-INFO-hUECGksfLT_0112870298  0
2022-11-23 21:06:45,090-INFO-fsN6NbL3sT_0112179473  command xml : DELETE MSAN
2022-11-23 21:06:45,091-INFO-fsN6NbL3sT_0112179473  0
2022-11-23 21:06:45,155-INFO-WO3ThGt84Q_0112882533  command xml : DELETE MSAN
2022-11-23 21:06:45,155-INFO-WO3ThGt84Q_0112882533  0
2022-11-23 21:06:47,178-INFO-fsN6NbL3sT_0112179473  command xml : DELETE NMS
2022-11-23 21:06:47,178-INFO-fsN6NbL3sT_0112179473  0
2022-11-23 21:06:48,181-INFO-EOztQF3rzO_0112888346  command xml : PROFILE CREATE
2022-11-23 21:06:48,181-INFO-EOztQF3rzO_0112888346  1
2022-11-23 21:06:48,439-INFO-WO3ThGt84Q_0112882533  command xml : DELETE NMS
2022-11-23 21:06:48,439-INFO-WO3ThGt84Q_0112882533  0
2022-11-23 21:06:49,018-INFO-EOztQF3rzO_0112888346  command xml : CREATE HSS
2022-11-23 21:06:49,018-INFO-EOztQF3rzO_0112888346  1
2022-11-23 21:06:49,127-INFO-WoLrTtyUru_0112869439  command xml : PROFILE CREATE
2022-11-23 21:06:49,127-INFO-WoLrTtyUru_0112869439  1
2022-11-23 21:06:49,190-INFO-EOztQF3rzO_0112179472  command xml : lst_vlan.xml - VOICE
2022-11-23 21:06:49,190-INFO-EOztQF3rzO_0112179472  {'VOBB': '660'}
2022-11-23 21:06:49,350-INFO-EOztQF3rzO_0112179472  command xml : lst_vlan.xml - BB
2022-11-23 21:06:49,350-INFO-EOztQF3rzO_0112179472  {'EVLAN': '1000', 'SVLAN': '1540'}
2022-11-23 21:06:49,506-INFO-EOztQF3rzO_0112179472  command xml : lst_vlan.xml - IPTV
2022-11-23 21:06:49,506-INFO-EOztQF3rzO_0112179472  {'IPSV': '1640', 'IPTVLAN': '2000'}
2022-11-23 21:06:49,969-INFO-WoLrTtyUru_0112869439  command xml : CREATE HSS
2022-11-23 21:06:49,969-INFO-WoLrTtyUru_0112869439  1
2022-11-23 21:06:50,157-INFO-WoLrTtyUru_0112091700  command xml : lst_vlan.xml - VOICE
2022-11-23 21:06:50,157-INFO-WoLrTtyUru_0112091700  {'VOBB': '660'}
2022-11-23 21:06:50,297-INFO-EOztQF3rzO_0112179472  command xml : DELETE IMS
2022-11-23 21:06:50,297-INFO-EOztQF3rzO_0112179472  0
2022-11-23 21:06:50,313-INFO-WoLrTtyUru_0112091700  command xml : lst_vlan.xml - BB
2022-11-23 21:06:50,313-INFO-WoLrTtyUru_0112091700  {'EVLAN': '1000', 'SVLAN': '1540'}
2022-11-23 21:06:50,502-INFO-WoLrTtyUru_0112091700  command xml : lst_vlan.xml - IPTV
2022-11-23 21:06:50,502-INFO-WoLrTtyUru_0112091700  {'IPSV': '1640', 'IPTVLAN': '2000'}
2022-11-23 21:06:50,518-INFO-ikaM82XfIm_0112877364  command xml : PROFILE CREATE
2022-11-23 21:06:50,518-INFO-ikaM82XfIm_0112877364  1
2022-11-23 21:06:51,125-INFO-EOztQF3rzO_0112179472  command xml : DELETE HSS
2022-11-23 21:06:51,125-INFO-EOztQF3rzO_0112179472  0
2022-11-23 21:06:51,451-INFO-WoLrTtyUru_0112091700  command xml : DELETE IMS
2022-11-23 21:06:51,451-INFO-WoLrTtyUru_0112091700  0
2022-11-23 21:06:51,737-INFO-ikaM82XfIm_0112877364  command xml : CREATE HSS
2022-11-23 21:06:51,737-INFO-ikaM82XfIm_0112877364  1
2022-11-23 21:06:51,815-INFO-EOztQF3rzO_0112179472  command xml : DELETE ENS
2022-11-23 21:06:51,815-INFO-EOztQF3rzO_0112179472  0
2022-11-23 21:06:51,916-INFO-ikaM82XfIm_0112073832  command xml : lst_vlan.xml - VOICE
2022-11-23 21:06:51,916-INFO-ikaM82XfIm_0112073832  {'VOBB': '660'}
2022-11-23 21:06:52,110-INFO-ikaM82XfIm_0112073832  command xml : lst_vlan.xml - BB
2022-11-23 21:06:52,110-INFO-ikaM82XfIm_0112073832  {'EVLAN': '1000', 'SVLAN': '1540'}
2022-11-23 21:06:52,173-INFO-WoLrTtyUru_0112091700  command xml : DELETE HSS
2022-11-23 21:06:52,173-INFO-WoLrTtyUru_0112091700  0
2022-11-23 21:06:52,260-INFO-ikaM82XfIm_0112073832  command xml : lst_vlan.xml - IPTV
2022-11-23 21:06:52,260-INFO-ikaM82XfIm_0112073832  {'IPSV': '1640', 'IPTVLAN': '2000'}
2022-11-23 21:06:52,826-INFO-EOztQF3rzO_0112179472  command xml : DELETE MSAN
2022-11-23 21:06:52,826-INFO-EOztQF3rzO_0112179472  0
2022-11-23 21:06:52,971-INFO-WoLrTtyUru_0112091700  command xml : DELETE ENS
2022-11-23 21:06:52,971-INFO-WoLrTtyUru_0112091700  0
2022-11-23 21:06:52,987-INFO-3L7KBXVtq3_0112871245  command xml : CREATE HSS
2022-11-23 21:06:52,987-INFO-3L7KBXVtq3_0112871245  0
2022-11-23 21:06:53,204-INFO-ikaM82XfIm_0112073832  command xml : DELETE IMS
2022-11-23 21:06:53,204-INFO-ikaM82XfIm_0112073832  0
2022-11-23 21:06:53,407-INFO-EFQHK3Ozp0_0112888347  command xml : IPTV 2 CREATE
2022-11-23 21:06:53,407-INFO-EFQHK3Ozp0_0112888347  1
2022-11-23 21:06:53,422-INFO-0Rzg0Zznau_0112888348  command xml : IPTV 2 CREATE
2022-11-23 21:06:53,422-INFO-0Rzg0Zznau_0112888348  1
2022-11-23 21:06:53,871-INFO-3L7KBXVtq3_0112871245  command xml : CREATE ENS
2022-11-23 21:06:53,871-INFO-3L7KBXVtq3_0112871245  0
2022-11-23 21:06:54,308-INFO-ikaM82XfIm_0112073832  command xml : DELETE HSS
2022-11-23 21:06:54,308-INFO-ikaM82XfIm_0112073832  0
2022-11-23 21:06:54,482-INFO-0Rzg0Zznau_0112888348  command xml : IPTV 3 CREATE
2022-11-23 21:06:54,482-INFO-0Rzg0Zznau_0112888348  1
2022-11-23 21:06:54,559-INFO-EOztQF3rzO_0112179472  command xml : DELETE NMS
2022-11-23 21:06:54,559-INFO-EOztQF3rzO_0112179472  0
2022-11-23 21:06:54,559-INFO-EFQHK3Ozp0_0112888347  command xml : CREATE HSS
2022-11-23 21:06:54,559-INFO-EFQHK3Ozp0_0112888347  1
2022-11-23 21:06:54,687-INFO-WoLrTtyUru_0112091700  command xml : DELETE MSAN
2022-11-23 21:06:54,687-INFO-WoLrTtyUru_0112091700  0
2022-11-23 21:06:54,715-INFO-EFQHK3Ozp0_0112179470  command xml : lst_vlan.xml - VOICE
2022-11-23 21:06:54,715-INFO-EFQHK3Ozp0_0112179470  {'VOBB': '660'}
2022-11-23 21:06:54,863-INFO-3L7KBXVtq3_0112871245  command xml : CREATE ATS
2022-11-23 21:06:54,863-INFO-3L7KBXVtq3_0112871245  0
2022-11-23 21:06:54,910-INFO-EFQHK3Ozp0_0112179470  command xml : lst_vlan.xml - BB
2022-11-23 21:06:54,910-INFO-EFQHK3Ozp0_0112179470  {'EVLAN': '1000', 'SVLAN': '1540'}
2022-11-23 21:06:55,057-INFO-3L7KBXVtq3_0112866366  command xml : lst_vlan.xml - VOICE
2022-11-23 21:06:55,057-INFO-3L7KBXVtq3_0112866366  {'VOBB': '660'}
2022-11-23 21:06:55,073-INFO-EFQHK3Ozp0_0112179470  command xml : lst_vlan.xml - IPTV
2022-11-23 21:06:55,073-INFO-EFQHK3Ozp0_0112179470  {'IPSV': '1640', 'IPTVLAN': '2000'}
2022-11-23 21:06:55,167-INFO-ikaM82XfIm_0112073832  command xml : DELETE ENS
2022-11-23 21:06:55,167-INFO-ikaM82XfIm_0112073832  0
2022-11-23 21:06:55,210-INFO-3L7KBXVtq3_0112866366  command xml : lst_vlan.xml - BB
2022-11-23 21:06:55,210-INFO-3L7KBXVtq3_0112866366  {'EVLAN': '1000', 'SVLAN': '1540'}
2022-11-23 21:06:55,387-INFO-3L7KBXVtq3_0112866366  command xml : lst_vlan.xml - IPTV
2022-11-23 21:06:55,387-INFO-3L7KBXVtq3_0112866366  {'IPSV': '1640', 'IPTVLAN': '2000'}
2022-11-23 21:06:55,637-INFO-0Rzg0Zznau_0112888348  command xml : CREATE HSS
2022-11-23 21:06:55,637-INFO-0Rzg0Zznau_0112888348  1
2022-11-23 21:06:55,801-INFO-0Rzg0Zznau_0112179471  command xml : lst_vlan.xml - VOICE
2022-11-23 21:06:55,801-INFO-0Rzg0Zznau_0112179471  {'VOBB': '660'}
2022-11-23 21:06:55,989-INFO-0Rzg0Zznau_0112179471  command xml : lst_vlan.xml - BB
2022-11-23 21:06:55,989-INFO-0Rzg0Zznau_0112179471  {'EVLAN': '1000', 'SVLAN': '1540'}
2022-11-23 21:06:56,114-INFO-EFQHK3Ozp0_0112179470  command xml : DELETE IMS
2022-11-23 21:06:56,114-INFO-EFQHK3Ozp0_0112179470  0
2022-11-23 21:06:56,145-INFO-0Rzg0Zznau_0112179471  command xml : lst_vlan.xml - IPTV
2022-11-23 21:06:56,145-INFO-0Rzg0Zznau_0112179471  {'IPSV': '1640', 'IPTVLAN': '2000'}
2022-11-23 21:06:56,621-INFO-3L7KBXVtq3_0112866366  command xml : DELETE IMS
2022-11-23 21:06:56,621-INFO-3L7KBXVtq3_0112866366  0
2022-11-23 21:06:56,831-INFO-EFQHK3Ozp0_0112179470  command xml : DELETE HSS
2022-11-23 21:06:56,831-INFO-EFQHK3Ozp0_0112179470  0
2022-11-23 21:06:56,831-INFO-WoLrTtyUru_0112091700  command xml : DELETE NMS
2022-11-23 21:06:56,831-INFO-WoLrTtyUru_0112091700  0
2022-11-23 21:06:56,909-INFO-ikaM82XfIm_0112073832  command xml : DELETE MSAN
2022-11-23 21:06:56,909-INFO-ikaM82XfIm_0112073832  0
2022-11-23 21:06:57,097-INFO-0Rzg0Zznau_0112179471  command xml : DELETE IMS
2022-11-23 21:06:57,097-INFO-0Rzg0Zznau_0112179471  0
2022-11-23 21:06:57,317-INFO-3L7KBXVtq3_0112866366  command xml : DELETE HSS
2022-11-23 21:06:57,317-INFO-3L7KBXVtq3_0112866366  0
2022-11-23 21:06:57,581-INFO-EFQHK3Ozp0_0112179470  command xml : DELETE ENS
2022-11-23 21:06:57,581-INFO-EFQHK3Ozp0_0112179470  0
2022-11-23 21:06:57,946-INFO-0Rzg0Zznau_0112179471  command xml : DELETE HSS
2022-11-23 21:06:57,946-INFO-0Rzg0Zznau_0112179471  0
2022-11-23 21:06:57,993-INFO-fWSfPWZPLR_0112882872  command xml : FAB CREATE
2022-11-23 21:06:57,993-INFO-fWSfPWZPLR_0112882872  0
2022-11-23 21:06:58,040-INFO-hUECGksfLT_0112870298  command xml : FAB CREATE
2022-11-23 21:06:58,040-INFO-hUECGksfLT_0112870298  0
2022-11-23 21:06:58,071-INFO-fsN6NbL3sT_0112179473  command xml : FAB CREATE
2022-11-23 21:06:58,071-INFO-fsN6NbL3sT_0112179473  0
2022-11-23 21:06:58,093-INFO-WO3ThGt84Q_0112882533  command xml : FAB CREATE
2022-11-23 21:06:58,094-INFO-WO3ThGt84Q_0112882533  0
2022-11-23 21:06:58,354-INFO-3L7KBXVtq3_0112866366  command xml : DELETE ENS
2022-11-23 21:06:58,354-INFO-3L7KBXVtq3_0112866366  0
2022-11-23 21:06:58,819-INFO-fWSfPWZPLR_0112882872  command xml : PROFILE CREATE
2022-11-23 21:06:58,835-INFO-fWSfPWZPLR_0112882872  1
2022-11-23 21:06:58,835-INFO-0Rzg0Zznau_0112179471  command xml : DELETE ENS
2022-11-23 21:06:58,835-INFO-0Rzg0Zznau_0112179471  0
2022-11-23 21:06:58,851-INFO-fsN6NbL3sT_0112179473  command xml : PROFILE CREATE
2022-11-23 21:06:58,851-INFO-fsN6NbL3sT_0112179473  1
2022-11-23 21:06:58,851-INFO-hUECGksfLT_0112870298  command xml : PROFILE CREATE
2022-11-23 21:06:58,851-INFO-hUECGksfLT_0112870298  1
2022-11-23 21:06:59,007-INFO-WO3ThGt84Q_0112882533  command xml : PROFILE CREATE
2022-11-23 21:06:59,007-INFO-WO3ThGt84Q_0112882533  1
2022-11-23 21:06:59,250-INFO-EFQHK3Ozp0_0112179470  command xml : DELETE MSAN
2022-11-23 21:06:59,250-INFO-EFQHK3Ozp0_0112179470  0
2022-11-23 21:06:59,621-INFO-ikaM82XfIm_0112073832  command xml : DELETE NMS
2022-11-23 21:06:59,621-INFO-ikaM82XfIm_0112073832  0
2022-11-23 21:06:59,803-INFO-3L7KBXVtq3_0112866366  command xml : DELETE MSAN
2022-11-23 21:06:59,803-INFO-3L7KBXVtq3_0112866366  0
2022-11-23 21:07:00,166-INFO-EOztQF3rzO_0112179472  command xml : FAB CREATE
2022-11-23 21:07:00,166-INFO-EOztQF3rzO_0112179472  0
2022-11-23 21:07:00,459-INFO-fWSfPWZPLR_0112882872  command xml : CREATE HSS
2022-11-23 21:07:00,459-INFO-fWSfPWZPLR_0112882872  1
2022-11-23 21:07:00,678-INFO-WO3ThGt84Q_0112882533  command xml : CREATE HSS
2022-11-23 21:07:00,678-INFO-WO3ThGt84Q_0112882533  1
2022-11-23 21:07:00,772-INFO-fsN6NbL3sT_0112179473  command xml : CREATE HSS
2022-11-23 21:07:00,772-INFO-fsN6NbL3sT_0112179473  1
2022-11-23 21:07:00,995-INFO-hUECGksfLT_0112870298  command xml : CREATE HSS
2022-11-23 21:07:00,995-INFO-hUECGksfLT_0112870298  1
2022-11-23 21:07:01,077-INFO-EOztQF3rzO_0112179472  command xml : PROFILE CREATE
2022-11-23 21:07:01,077-INFO-EOztQF3rzO_0112179472  1
2022-11-23 21:07:01,531-INFO-EFQHK3Ozp0_0112179470  command xml : DELETE NMS
2022-11-23 21:07:01,531-INFO-EFQHK3Ozp0_0112179470  0
2022-11-23 21:07:01,846-INFO-EOztQF3rzO_0112179472  command xml : CREATE HSS
2022-11-23 21:07:01,846-INFO-EOztQF3rzO_0112179472  1
2022-11-23 21:07:02,224-INFO-WoLrTtyUru_0112091700  command xml : FAB CREATE
2022-11-23 21:07:02,224-INFO-WoLrTtyUru_0112091700  0
2022-11-23 21:07:03,010-INFO-WoLrTtyUru_0112091700  command xml : PROFILE CREATE
2022-11-23 21:07:03,010-INFO-WoLrTtyUru_0112091700  1
2022-11-23 21:07:03,189-INFO-3L7KBXVtq3_0112866366  command xml : DELETE NMS
2022-11-23 21:07:03,189-INFO-3L7KBXVtq3_0112866366  0
2022-11-23 21:07:03,220-INFO-0Rzg0Zznau_0112179471  command xml : DELETE MSAN
2022-11-23 21:07:03,220-INFO-0Rzg0Zznau_0112179471  0
2022-11-23 21:07:03,805-INFO-WoLrTtyUru_0112091700  command xml : CREATE HSS
2022-11-23 21:07:03,805-INFO-WoLrTtyUru_0112091700  1
2022-11-23 21:07:03,977-INFO-WoLrTtyUru_0112096885  command xml : lst_vlan.xml - VOICE
2022-11-23 21:07:03,977-INFO-WoLrTtyUru_0112096885  {'VOBB': '660'}
2022-11-23 21:07:04,118-INFO-WoLrTtyUru_0112096885  command xml : lst_vlan.xml - BB
2022-11-23 21:07:04,118-INFO-WoLrTtyUru_0112096885  {'EVLAN': '1000', 'SVLAN': '1540'}
2022-11-23 21:07:04,274-INFO-WoLrTtyUru_0112096885  command xml : lst_vlan.xml - IPTV
2022-11-23 21:07:04,274-INFO-WoLrTtyUru_0112096885  {'IPSV': '1640', 'IPTVLAN': '2000'}
2022-11-23 21:07:04,979-INFO-ikaM82XfIm_0112073832  command xml : FAB CREATE
2022-11-23 21:07:04,979-INFO-ikaM82XfIm_0112073832  0
2022-11-23 21:07:04,994-INFO-WoLrTtyUru_0112096885  command xml : DELETE IMS
2022-11-23 21:07:04,994-INFO-WoLrTtyUru_0112096885  0
2022-11-23 21:07:05,233-INFO-0Rzg0Zznau_0112179471  command xml : DELETE NMS
2022-11-23 21:07:05,233-INFO-0Rzg0Zznau_0112179471  0
2022-11-23 21:07:05,555-INFO-WoLrTtyUru_0112096885  command xml : DELETE HSS
2022-11-23 21:07:05,555-INFO-WoLrTtyUru_0112096885  0
2022-11-23 21:07:05,765-INFO-ikaM82XfIm_0112073832  command xml : PROFILE CREATE
2022-11-23 21:07:05,765-INFO-ikaM82XfIm_0112073832  1
2022-11-23 21:07:06,152-INFO-WoLrTtyUru_0112096885  command xml : DELETE ENS
2022-11-23 21:07:06,152-INFO-WoLrTtyUru_0112096885  0
2022-11-23 21:07:06,861-INFO-ikaM82XfIm_0112073832  command xml : CREATE HSS
2022-11-23 21:07:06,861-INFO-ikaM82XfIm_0112073832  1
2022-11-23 21:07:06,877-INFO-EFQHK3Ozp0_0112179470  command xml : FAB CREATE
2022-11-23 21:07:06,877-INFO-EFQHK3Ozp0_0112179470  0
2022-11-23 21:07:07,087-INFO-WoLrTtyUru_0112096885  command xml : DELETE MSAN
2022-11-23 21:07:07,087-INFO-WoLrTtyUru_0112096885  0
2022-11-23 21:07:07,651-INFO-EFQHK3Ozp0_0112179470  command xml : PROFILE CREATE
2022-11-23 21:07:07,651-INFO-EFQHK3Ozp0_0112179470  1
2022-11-23 21:07:08,483-INFO-EFQHK3Ozp0_0112179470  command xml : CREATE HSS
2022-11-23 21:07:08,483-INFO-EFQHK3Ozp0_0112179470  1
2022-11-23 21:07:08,639-INFO-3L7KBXVtq3_0112866366  command xml : FAB CREATE
2022-11-23 21:07:08,639-INFO-3L7KBXVtq3_0112866366  0
2022-11-23 21:07:09,237-INFO-WoLrTtyUru_0112096885  command xml : DELETE NMS
2022-11-23 21:07:09,237-INFO-WoLrTtyUru_0112096885  0
2022-11-23 21:07:09,435-INFO-3L7KBXVtq3_0112866366  command xml : PROFILE CREATE
2022-11-23 21:07:09,435-INFO-3L7KBXVtq3_0112866366  1
2022-11-23 21:07:10,308-INFO-3L7KBXVtq3_0112866366  command xml : CREATE HSS
2022-11-23 21:07:10,308-INFO-3L7KBXVtq3_0112866366  1
2022-11-23 21:07:10,511-INFO-3L7KBXVtq3_0112872182  command xml : lst_vlan.xml - VOICE
2022-11-23 21:07:10,511-INFO-3L7KBXVtq3_0112872182  {'VOBB': '660'}
2022-11-23 21:07:10,605-INFO-0Rzg0Zznau_0112179471  command xml : FAB CREATE
2022-11-23 21:07:10,605-INFO-0Rzg0Zznau_0112179471  0
2022-11-23 21:07:10,667-INFO-3L7KBXVtq3_0112872182  command xml : lst_vlan.xml - BB
2022-11-23 21:07:10,667-INFO-3L7KBXVtq3_0112872182  {'EVLAN': '1000', 'SVLAN': '1540'}
2022-11-23 21:07:10,857-INFO-3L7KBXVtq3_0112872182  command xml : lst_vlan.xml - IPTV
2022-11-23 21:07:10,857-INFO-3L7KBXVtq3_0112872182  {'IPSV': '1640', 'IPTVLAN': '2000'}
2022-11-23 21:07:11,515-INFO-0Rzg0Zznau_0112179471  command xml : PROFILE CREATE
2022-11-23 21:07:11,515-INFO-0Rzg0Zznau_0112179471  1
2022-11-23 21:07:11,612-INFO-3L7KBXVtq3_0112872182  command xml : DELETE IMS
2022-11-23 21:07:11,612-INFO-3L7KBXVtq3_0112872182  0
2022-11-23 21:07:12,263-INFO-3L7KBXVtq3_0112872182  command xml : DELETE HSS
2022-11-23 21:07:12,263-INFO-3L7KBXVtq3_0112872182  0
2022-11-23 21:07:12,430-INFO-0Rzg0Zznau_0112179471  command xml : CREATE HSS
2022-11-23 21:07:12,430-INFO-0Rzg0Zznau_0112179471  1
2022-11-23 21:07:12,842-INFO-3L7KBXVtq3_0112872182  command xml : DELETE ENS
2022-11-23 21:07:12,842-INFO-3L7KBXVtq3_0112872182  0
2022-11-23 21:07:13,526-INFO-3L7KBXVtq3_0112872182  command xml : DELETE MSAN
2022-11-23 21:07:13,526-INFO-3L7KBXVtq3_0112872182  0
2022-11-23 21:07:14,609-INFO-WoLrTtyUru_0112096885  command xml : FAB CREATE
2022-11-23 21:07:14,609-INFO-WoLrTtyUru_0112096885  0
2022-11-23 21:07:15,426-INFO-WoLrTtyUru_0112096885  command xml : PROFILE CREATE
2022-11-23 21:07:15,426-INFO-WoLrTtyUru_0112096885  1
2022-11-23 21:07:16,023-INFO-3L7KBXVtq3_0112872182  command xml : DELETE NMS
2022-11-23 21:07:16,023-INFO-3L7KBXVtq3_0112872182  0
2022-11-23 21:07:16,215-INFO-WoLrTtyUru_0112096885  command xml : CREATE HSS
2022-11-23 21:07:16,215-INFO-WoLrTtyUru_0112096885  1
2022-11-23 21:07:21,376-INFO-3L7KBXVtq3_0112872182  command xml : FAB CREATE
2022-11-23 21:07:21,376-INFO-3L7KBXVtq3_0112872182  0
2022-11-23 21:07:22,192-INFO-3L7KBXVtq3_0112872182  command xml : PROFILE CREATE
2022-11-23 21:07:22,192-INFO-3L7KBXVtq3_0112872182  1
2022-11-23 21:07:22,957-INFO-3L7KBXVtq3_0112872182  command xml : CREATE HSS
2022-11-23 21:07:22,957-INFO-3L7KBXVtq3_0112872182  1
