2022-11-23 16:32:43,461-INFO-vIsopesJop_0112877364  ZTEGC1DE07E0
2022-11-23 16:32:43,461-INFO-5tWRi2ovA2_0112888827  ZTEGCF27B464
2022-11-23 16:32:43,461-INFO-D6HKagVTNd_0112888347  ZTEGCB17AB5A
2022-11-23 16:32:43,571-INFO-gcknOhpahJ_0112862691  HWTCD47AE99E
2022-11-23 16:32:43,571-INFO-tD4O0VRoOD_0112870138  ZTEGC0847F6B
2022-11-23 16:32:43,586-INFO-wTbj51v7aG_0112871245  HWTC1839C8AA
2022-11-23 16:32:43,586-INFO-JKb0aJCl6f_0112869439  ZTEGCB182315
2022-11-23 16:32:43,602-INFO-H3k6BlXRXE_0112888346  ZTEGCB17AB5D
2022-11-23 16:32:43,602-INFO-l3VoPRumdP_0112877571  ZTEGC8B82EDD
2022-11-23 16:32:43,602-INFO-icu3knlSwx_0112888348  ZTEGCB17AA66
2022-11-23 16:32:43,746-INFO-ABtoVn3OWw_0112073832  HWTCD47BB39E
2022-11-23 16:32:43,777-INFO-qwphfpFPos_0112882533  ZTEGC8E94952
2022-11-23 16:32:43,793-INFO-S45GfZcRLv_0112179470  ZTEGCF23F0EF
2022-11-23 16:32:43,918-INFO-Z4DXT5ivBq_0112870298  ZTEGCB1850FC
2022-11-23 16:32:43,934-INFO-bbwRKiWNrm_0112882872  ZTEGC1C54C39
2022-11-23 16:32:43,941-INFO-iX6dqII97n_0112091700  ZTEGC4DA98FB
2022-11-23 16:32:43,941-INFO-XzkF9B9U4z_0112866366  ZTEGC8E948FB
2022-11-23 16:32:44,086-INFO-jFiiMWQzAE_0112179473  ZTEGCF23E94E
2022-11-23 16:32:44,102-INFO-8zA8vbmaFB_0112179472  ZTEGCF23EE16
2022-11-23 16:32:44,117-INFO-9NyHkEQKZX_0112179471  ZTEGCF23E83D
2022-11-23 16:32:44,228-INFO-pAjf3nvzyt_0112096885  ZTEGC8E04296
2022-11-23 16:32:44,311-INFO-Qmfdejibi6_0112872182  ZTEGC8E02E26
2022-11-23 16:36:28,819-INFO-a0BkY3CDYj_0112869439  ZTEGCB182315
2022-11-23 16:36:29,084-INFO-GAelaIOpKq_0112091700  ZTEGC4DA98FB
2022-11-23 16:36:29,357-INFO-ucVIB86FoR_0112888347  ZTEGCB17AB5A
2022-11-23 16:36:29,373-INFO-ioskqvNudE_0112096885  ZTEGC8E04296
2022-11-23 16:36:29,648-INFO-Wl6niXSO72_0112179470  ZTEGCF23F0EF
2022-11-23 16:36:29,689-INFO-z0MAJ1GUqD_0112870138  ZTEGC0847F6B
2022-11-23 16:36:29,901-INFO-kAbcjXmqLb_0112870298  ZTEGCB1850FC
2022-11-23 16:36:30,026-INFO-fjcrTLS48s_0112862691  HWTCD47AE99E
2022-11-23 16:36:30,026-INFO-3dh0Zne5vb_0112877364  ZTEGC1DE07E0
2022-11-23 16:36:30,057-INFO-NxrRjA8q8h_0112888346  ZTEGCB17AB5D
2022-11-23 16:36:30,202-INFO-IPh9caABFw_0112888348  ZTEGCB17AA66
2022-11-23 16:36:30,324-INFO-IwgGQHpjkZ_0112882872  ZTEGC1C54C39
2022-11-23 16:36:30,340-INFO-VOLihaJ6b1_0112073832  HWTCD47BB39E
2022-11-23 16:36:30,340-INFO-VXnoOpAHOJ_0112179472  ZTEGCF23EE16
2022-11-23 16:36:30,371-INFO-1cllP0jCxc_0112877571  ZTEGC8B82EDD
2022-11-23 16:36:30,402-INFO-Fzhkz9F5kb_0112888827  ZTEGCF27B464
2022-11-23 16:36:30,436-INFO-7HzrhOTNUq_0112871245  HWTC1839C8AA
2022-11-23 16:36:30,436-INFO-bKHc0A4Pe9_0112179471  ZTEGCF23E83D
2022-11-23 16:36:30,628-INFO-paO7MZOkTS_0112179473  ZTEGCF23E94E
2022-11-23 16:36:30,709-INFO-FXIxgtNKyw_0112866366  ZTEGC8E948FB
2022-11-23 16:36:30,712-INFO-M6phWDzZs0_0112882533  ZTEGC8E94952
2022-11-23 16:36:30,950-INFO-5yneQIDDVe_0112872182  ZTEGC8E02E26
2022-11-23 17:58:30,063-INFO-9LE2n8HQWl_0112869439  ZTEGCB182315
2022-11-23 17:58:30,219-INFO-8KjDgpcXfG_0112871245  HWTC1839C8AA
2022-11-23 17:58:30,344-INFO-9c53ns4sbk_0112888348  ZTEGCB17AA66
2022-11-23 17:58:30,344-INFO-F0gepfMUVx_0112091700  ZTEGC4DA98FB
2022-11-23 17:58:30,484-INFO-s8iwOnRw1t_0112866366  ZTEGC8E948FB
2022-11-23 17:58:30,594-INFO-xk491raBGd_0112096885  ZTEGC8E04296
2022-11-23 17:58:30,609-INFO-06DT3UJ5Kt_0112179471  ZTEGCF23E83D
2022-11-23 17:58:30,794-INFO-BtB6mB5LW9_0112872182  ZTEGC8E02E26
2022-11-23 17:58:30,997-INFO-jnOakTF1xl_0112877571  ZTEGC8B82EDD
2022-11-23 17:58:31,377-INFO-oY15KykjF7_0112179473  ZTEGCF23E94E
2022-11-23 17:58:31,439-INFO-yirldZqPGD_0112888827  ZTEGCF27B464
2022-11-23 17:58:31,455-INFO-pqzKB6rkfg_0112862691  HWTCD47AE99E
2022-11-23 17:58:31,580-INFO-wSC5LNp5qA_0112888347  ZTEGCB17AB5A
2022-11-23 17:58:31,627-INFO-lCfLLGrIU3_0112888346  ZTEGCB17AB5D
2022-11-23 17:58:31,627-INFO-Q6UHBJCTT5_0112870138  ZTEGC0847F6B
2022-11-23 17:58:31,627-INFO-nWW8e48kUQ_0112877364  ZTEGC1DE07E0
2022-11-23 17:58:31,720-INFO-tcU6sFVpuc_0112882533  ZTEGC8E94952
2022-11-23 17:58:31,729-INFO-faYIXDMrWM_0112882872  ZTEGC1C54C39
2022-11-23 17:58:31,842-INFO-O5K6SpoD61_0112179470  ZTEGCF23F0EF
2022-11-23 17:58:31,936-INFO-LI9k0LoAeb_0112179472  ZTEGCF23EE16
2022-11-23 17:58:31,936-INFO-k4RJzHQK1S_0112870298  ZTEGCB1850FC
2022-11-23 17:58:31,936-INFO-LEBdVXFX5A_0112073832  HWTCD47BB39E
2022-11-23 18:23:29,192-INFO-jJ0ufYn8zX_0112877571  ZTEGC8B82EDD
2022-11-23 18:23:29,479-INFO-CG2fjEkTjg_0112179473  ZTEGCF23E94E
2022-11-23 18:23:29,505-INFO-6zKWflpo49_0112869439  ZTEGCB182315
2022-11-23 18:23:29,505-INFO-koN3McXZkD_0112888827  ZTEGCF27B464
2022-11-23 18:23:29,732-INFO-kVBA4lJ8HC_0112091700  ZTEGC4DA98FB
2022-11-23 18:23:29,763-INFO-zWq5UoOaHB_0112882533  ZTEGC8E94952
2022-11-23 18:23:29,966-INFO-57asSIVJVF_0112871245  HWTC1839C8AA
2022-11-23 18:23:30,029-INFO-RR1B4AG0ye_0112096885  ZTEGC8E04296
2022-11-23 18:23:30,029-INFO-RrbnW6j1tU_0112888348  ZTEGCB17AA66
2022-11-23 18:23:30,130-INFO-5c0ZydS1E7_0112877364  ZTEGC1DE07E0
2022-11-23 18:23:30,161-INFO-OeBCvLfiEF_0112870138  ZTEGC0847F6B
2022-11-23 18:23:30,208-INFO-OrBmS9536g_0112866366  ZTEGC8E948FB
2022-11-23 18:23:30,285-INFO-qpHzQbMVWT_0112179471  ZTEGCF23E83D
2022-11-23 18:23:30,590-INFO-7mMfiR7uUk_0112870298  ZTEGCB1850FC
2022-11-23 18:23:30,590-INFO-KJG0GaxPS0_0112888347  ZTEGCB17AB5A
2022-11-23 18:23:30,590-INFO-Ol591Mqww0_0112888346  ZTEGCB17AB5D
2022-11-23 18:23:30,668-INFO-OXdEhq58Rl_0112073832  HWTCD47BB39E
2022-11-23 18:23:30,668-INFO-eEdz8699uJ_0112872182  ZTEGC8E02E26
2022-11-23 18:23:30,668-INFO-cO5PFIi8NO_0112862691  HWTCD47AE99E
2022-11-23 18:23:30,840-INFO-aGc9UgRiqj_0112179470  ZTEGCF23F0EF
2022-11-23 18:23:30,855-INFO-H55uGD5lLj_0112179472  ZTEGCF23EE16
2022-11-23 18:23:30,938-INFO-J91FUC1b0C_0112882872  ZTEGC1C54C39
2022-11-23 19:02:06,033-INFO-eblEoGWG56_0112871245  HWTC1839C8AA
2022-11-23 19:02:06,314-INFO-uqLPWoEl2J_0112866366  ZTEGC8E948FB
2022-11-23 19:02:06,361-INFO-LJ3QQ0H9O7_0112862691  HWTCD47AE99E
2022-11-23 19:02:06,490-INFO-t5pzW6DHM1_0112888348  ZTEGCB17AA66
2022-11-23 19:02:06,537-INFO-GumQoN770L_0112872182  ZTEGC8E02E26
2022-11-23 19:02:06,583-INFO-G07mXEiGe2_0112882872  ZTEGC1C54C39
2022-11-23 19:02:06,778-INFO-flFQFmpDcb_0112179471  ZTEGCF23E83D
2022-11-23 19:02:06,858-INFO-522Yr2VQDm_0112869439  ZTEGCB182315
2022-11-23 19:02:06,911-INFO-9IsFI6asCm_0112888347  ZTEGCB17AB5A
2022-11-23 19:02:07,319-INFO-7C4uP5ucEq_0112179470  ZTEGCF23F0EF
2022-11-23 19:02:07,319-INFO-8ya2qSgY7c_0112877571  ZTEGC8B82EDD
2022-11-23 19:02:07,382-INFO-ek6qKTsZzu_0112091700  ZTEGC4DA98FB
2022-11-23 19:02:07,460-INFO-qmKTiTL5mZ_0112877364  ZTEGC1DE07E0
2022-11-23 19:02:07,460-INFO-rc8gf6EUNK_0112870138  ZTEGC0847F6B
2022-11-23 19:02:07,460-INFO-rVuhz3RLvC_0112888827  ZTEGCF27B464
2022-11-23 19:02:07,475-INFO-dCZpYTo7GM_0112888346  ZTEGCB17AB5D
2022-11-23 19:02:07,553-INFO-mHo2U9GJ9w_0112179473  ZTEGCF23E94E
2022-11-23 19:02:07,600-INFO-8VFdgLF83t_0112096885  ZTEGC8E04296
2022-11-23 19:02:07,668-INFO-e7sLzERRtj_0112870298  ZTEGCB1850FC
2022-11-23 19:02:07,683-INFO-A0LgK1VPhe_0112073832  HWTCD47BB39E
2022-11-23 19:02:07,699-INFO-MwJ9NbGxJS_0112882533  ZTEGC8E94952
2022-11-23 19:02:07,699-INFO-Gc1ZCjTAjV_0112179472  ZTEGCF23EE16
