2022-10-20 00:25:21,268-INFO-Gub0LSb55z_0112177268  command xml : lst_vlan.xml - VOICE
2022-10-20 00:25:21,268-INFO-Gub0LSb55z_0112177268  {'VOBB': '660'}
2022-10-20 00:25:21,363-INFO-SBQu2Rz7oi_0112179554  command xml : lst_vlan.xml - VOICE
2022-10-20 00:25:21,363-INFO-SBQu2Rz7oi_0112179554  {'VOBB': '660'}
2022-10-20 00:25:21,442-INFO-kZuQVipi2I_0112868456  command xml : lst_vlan.xml - VOICE
2022-10-20 00:25:21,442-INFO-kZuQVipi2I_0112868456  {'VOBB': '660'}
2022-10-20 00:25:21,488-INFO-Gub0LSb55z_0112177268  command xml : lst_vlan.xml - BB
2022-10-20 00:25:21,488-INFO-Gub0LSb55z_0112177268  {'EVLAN': '1000', 'SVLAN': '1540'}
2022-10-20 00:25:21,668-INFO-SBQu2Rz7oi_0112179554  command xml : lst_vlan.xml - BB
2022-10-20 00:25:21,668-INFO-SBQu2Rz7oi_0112179554  {'EVLAN': '1000', 'SVLAN': '1540'}
2022-10-20 00:25:21,715-INFO-kZuQVipi2I_0112868456  command xml : lst_vlan.xml - BB
2022-10-20 00:25:21,715-INFO-kZuQVipi2I_0112868456  {'EVLAN': '1000', 'SVLAN': '1540'}
2022-10-20 00:25:21,715-INFO-Gub0LSb55z_0112177268  command xml : lst_vlan.xml - IPTV
2022-10-20 00:25:21,715-INFO-Gub0LSb55z_0112177268  {'IPSV': '1640', 'IPTVLAN': '2000'}
2022-10-20 00:25:21,731-INFO-SsJ0MVYUOj_0112177935  command xml : lst_vlan.xml - VOICE
2022-10-20 00:25:21,731-INFO-SsJ0MVYUOj_0112177935  {'VOBB': '660'}
2022-10-20 00:25:21,777-INFO-Pzjxehzu8N_0112886084  command xml : lst_vlan.xml - VOICE
2022-10-20 00:25:21,777-INFO-Pzjxehzu8N_0112886084  {'VOBB': '660'}
2022-10-20 00:25:21,812-INFO-2w7bCJ2H9K_0112073206  command xml : lst_vlan.xml - VOICE
2022-10-20 00:25:21,812-INFO-2w7bCJ2H9K_0112073206  {'VOBB': '660'}
2022-10-20 00:25:21,812-INFO-JNwBftxuT0_0112871802  command xml : lst_vlan.xml - VOICE
2022-10-20 00:25:21,812-INFO-JNwBftxuT0_0112871802  {'VOBB': '660'}
2022-10-20 00:25:21,843-INFO-lFUVA4DAOC_0112864832  command xml : lst_vlan.xml - VOICE
2022-10-20 00:25:21,843-INFO-lFUVA4DAOC_0112864832  {'VOBB': '660'}
2022-10-20 00:25:21,867-INFO-kZuQVipi2I_0112868456  command xml : lst_vlan.xml - IPTV
2022-10-20 00:25:21,867-INFO-kZuQVipi2I_0112868456  {'IPSV': '1640', 'IPTVLAN': '2000'}
2022-10-20 00:25:21,899-INFO-SBQu2Rz7oi_0112179554  command xml : lst_vlan.xml - IPTV
2022-10-20 00:25:21,899-INFO-SBQu2Rz7oi_0112179554  {'IPSV': '1640', 'IPTVLAN': '2000'}
2022-10-20 00:25:22,003-INFO-Pzjxehzu8N_0112886084  command xml : lst_vlan.xml - BB
2022-10-20 00:25:22,003-INFO-Pzjxehzu8N_0112886084  {'EVLAN': '1000', 'SVLAN': '1540'}
2022-10-20 00:25:22,038-INFO-SsJ0MVYUOj_0112177935  command xml : lst_vlan.xml - BB
2022-10-20 00:25:22,038-INFO-SsJ0MVYUOj_0112177935  {'EVLAN': '1000', 'SVLAN': '1540'}
2022-10-20 00:25:22,083-INFO-7JHLopSHcK_0112187307  command xml : lst_vlan.xml - VOICE
2022-10-20 00:25:22,083-INFO-7JHLopSHcK_0112187307  {'VOBB': '660'}
2022-10-20 00:25:22,083-INFO-lFUVA4DAOC_0112864832  command xml : lst_vlan.xml - BB
2022-10-20 00:25:22,083-INFO-lFUVA4DAOC_0112864832  {'EVLAN': '1000', 'SVLAN': '1540'}
2022-10-20 00:25:22,083-INFO-2w7bCJ2H9K_0112073206  command xml : lst_vlan.xml - BB
2022-10-20 00:25:22,083-INFO-2w7bCJ2H9K_0112073206  {'EVLAN': '1000', 'SVLAN': '1540'}
2022-10-20 00:25:22,083-INFO-JNwBftxuT0_0112871802  command xml : lst_vlan.xml - BB
2022-10-20 00:25:22,083-INFO-JNwBftxuT0_0112871802  {'EVLAN': '1000', 'SVLAN': '1540'}
2022-10-20 00:25:22,099-INFO-Wix0dk0ABb_0112877386  command xml : lst_vlan.xml - VOICE
2022-10-20 00:25:22,099-INFO-Wix0dk0ABb_0112877386  {'VOBB': '660'}
2022-10-20 00:25:22,193-INFO-Pzjxehzu8N_0112886084  command xml : lst_vlan.xml - IPTV
2022-10-20 00:25:22,193-INFO-Pzjxehzu8N_0112886084  {'IPSV': '1640', 'IPTVLAN': '2000'}
2022-10-20 00:25:22,209-INFO-SsJ0MVYUOj_0112177935  command xml : lst_vlan.xml - IPTV
2022-10-20 00:25:22,209-INFO-SsJ0MVYUOj_0112177935  {'IPSV': '1640', 'IPTVLAN': '2000'}
2022-10-20 00:25:22,274-INFO-lFUVA4DAOC_0112864832  command xml : lst_vlan.xml - IPTV
2022-10-20 00:25:22,274-INFO-lFUVA4DAOC_0112864832  {'IPSV': '1640', 'IPTVLAN': '2000'}
2022-10-20 00:25:22,290-INFO-Wix0dk0ABb_0112877386  command xml : lst_vlan.xml - BB
2022-10-20 00:25:22,290-INFO-Wix0dk0ABb_0112877386  {'EVLAN': '1000', 'SVLAN': '1540'}
2022-10-20 00:25:22,290-INFO-7JHLopSHcK_0112187307  command xml : lst_vlan.xml - BB
2022-10-20 00:25:22,290-INFO-7JHLopSHcK_0112187307  {'EVLAN': '1000', 'SVLAN': '1540'}
2022-10-20 00:25:22,290-INFO-JNwBftxuT0_0112871802  command xml : lst_vlan.xml - IPTV
2022-10-20 00:25:22,290-INFO-JNwBftxuT0_0112871802  {'IPSV': '1640', 'IPTVLAN': '2000'}
2022-10-20 00:25:22,305-INFO-2w7bCJ2H9K_0112073206  command xml : lst_vlan.xml - IPTV
2022-10-20 00:25:22,305-INFO-2w7bCJ2H9K_0112073206  {'IPSV': '1640', 'IPTVLAN': '2000'}
2022-10-20 00:25:22,446-INFO-7JHLopSHcK_0112187307  command xml : lst_vlan.xml - IPTV
2022-10-20 00:25:22,446-INFO-7JHLopSHcK_0112187307  {'IPSV': '1640', 'IPTVLAN': '2000'}
2022-10-20 00:25:22,525-INFO-Wix0dk0ABb_0112877386  command xml : lst_vlan.xml - IPTV
2022-10-20 00:25:22,525-INFO-Wix0dk0ABb_0112877386  {'IPSV': '1640', 'IPTVLAN': '2000'}
2022-10-20 00:25:25,829-INFO-Gub0LSb55z_0112177268  command xml : DELETE IMS
2022-10-20 00:25:25,830-INFO-Gub0LSb55z_0112177268  0
2022-10-20 00:25:25,967-INFO-kZuQVipi2I_0112868456  command xml : DELETE IMS
2022-10-20 00:25:25,967-INFO-kZuQVipi2I_0112868456  0
2022-10-20 00:25:26,404-INFO-SBQu2Rz7oi_0112179554  command xml : DELETE IMS
2022-10-20 00:25:26,404-INFO-SBQu2Rz7oi_0112179554  0
2022-10-20 00:25:27,416-INFO-lFUVA4DAOC_0112864832  command xml : DELETE IMS
2022-10-20 00:25:27,416-INFO-lFUVA4DAOC_0112864832  0
2022-10-20 00:25:27,653-INFO-Pzjxehzu8N_0112886084  command xml : DELETE IMS
2022-10-20 00:25:27,653-INFO-Pzjxehzu8N_0112886084  0
2022-10-20 00:25:28,662-INFO-2w7bCJ2H9K_0112073206  command xml : DELETE IMS
2022-10-20 00:25:28,662-INFO-2w7bCJ2H9K_0112073206  0
2022-10-20 00:25:28,754-INFO-SsJ0MVYUOj_0112177935  command xml : DELETE IMS
2022-10-20 00:25:28,754-INFO-SsJ0MVYUOj_0112177935  0
2022-10-20 00:25:29,611-INFO-7JHLopSHcK_0112187307  command xml : DELETE IMS
2022-10-20 00:25:29,611-INFO-7JHLopSHcK_0112187307  0
2022-10-20 00:25:29,813-INFO-Wix0dk0ABb_0112877386  command xml : DELETE IMS
2022-10-20 00:25:29,813-INFO-Wix0dk0ABb_0112877386  0
2022-10-20 00:25:30,315-INFO-Gub0LSb55z_0112177268  command xml : DELETE HSS
2022-10-20 00:25:30,315-INFO-Gub0LSb55z_0112177268  0
2022-10-20 00:25:30,362-INFO-JNwBftxuT0_0112871802  command xml : DELETE IMS
2022-10-20 00:25:30,362-INFO-JNwBftxuT0_0112871802  0
2022-10-20 00:25:31,055-INFO-lFUVA4DAOC_0112864832  command xml : DELETE HSS
2022-10-20 00:25:31,055-INFO-lFUVA4DAOC_0112864832  0
2022-10-20 00:25:31,175-INFO-SBQu2Rz7oi_0112179554  command xml : DELETE HSS
2022-10-20 00:25:31,175-INFO-SBQu2Rz7oi_0112179554  0
2022-10-20 00:25:31,339-INFO-SsJ0MVYUOj_0112177935  command xml : DELETE HSS
2022-10-20 00:25:31,339-INFO-SsJ0MVYUOj_0112177935  0
2022-10-20 00:25:31,387-INFO-Pzjxehzu8N_0112886084  command xml : DELETE HSS
2022-10-20 00:25:31,387-INFO-Pzjxehzu8N_0112886084  0
2022-10-20 00:25:31,434-INFO-2w7bCJ2H9K_0112073206  command xml : DELETE HSS
2022-10-20 00:25:31,434-INFO-2w7bCJ2H9K_0112073206  0
2022-10-20 00:25:31,671-INFO-kZuQVipi2I_0112868456  command xml : DELETE HSS
2022-10-20 00:25:31,671-INFO-kZuQVipi2I_0112868456  0
2022-10-20 00:25:32,666-INFO-7JHLopSHcK_0112187307  command xml : DELETE HSS
2022-10-20 00:25:32,666-INFO-7JHLopSHcK_0112187307  0
2022-10-20 00:25:32,722-INFO-Wix0dk0ABb_0112877386  command xml : DELETE HSS
2022-10-20 00:25:32,722-INFO-Wix0dk0ABb_0112877386  0
2022-10-20 00:25:33,473-INFO-JNwBftxuT0_0112871802  command xml : DELETE HSS
2022-10-20 00:25:33,473-INFO-JNwBftxuT0_0112871802  0
2022-10-20 00:25:33,473-INFO-lFUVA4DAOC_0112864832  command xml : DELETE ENS
2022-10-20 00:25:33,473-INFO-lFUVA4DAOC_0112864832  0
2022-10-20 00:25:34,255-INFO-Gub0LSb55z_0112177268  command xml : DELETE ENS
2022-10-20 00:25:34,255-INFO-Gub0LSb55z_0112177268  0
2022-10-20 00:25:34,382-INFO-SBQu2Rz7oi_0112179554  command xml : DELETE ENS
2022-10-20 00:25:34,382-INFO-SBQu2Rz7oi_0112179554  0
2022-10-20 00:25:34,768-INFO-2w7bCJ2H9K_0112073206  command xml : DELETE ENS
2022-10-20 00:25:34,768-INFO-2w7bCJ2H9K_0112073206  0
2022-10-20 00:25:34,768-INFO-Pzjxehzu8N_0112886084  command xml : DELETE ENS
2022-10-20 00:25:34,768-INFO-Pzjxehzu8N_0112886084  0
2022-10-20 00:25:34,915-INFO-SsJ0MVYUOj_0112177935  command xml : DELETE ENS
2022-10-20 00:25:34,915-INFO-SsJ0MVYUOj_0112177935  0
2022-10-20 00:25:35,628-INFO-kZuQVipi2I_0112868456  command xml : DELETE ENS
2022-10-20 00:25:35,628-INFO-kZuQVipi2I_0112868456  0
2022-10-20 00:25:36,068-INFO-7JHLopSHcK_0112187307  command xml : DELETE ENS
2022-10-20 00:25:36,068-INFO-7JHLopSHcK_0112187307  0
2022-10-20 00:25:36,340-INFO-Wix0dk0ABb_0112877386  command xml : DELETE ENS
2022-10-20 00:25:36,340-INFO-Wix0dk0ABb_0112877386  0
2022-10-20 00:25:36,706-INFO-JNwBftxuT0_0112871802  command xml : DELETE ENS
2022-10-20 00:25:36,706-INFO-JNwBftxuT0_0112871802  0
2022-10-20 00:25:36,820-INFO-lFUVA4DAOC_0112864832  command xml : DELETE MSAN
2022-10-20 00:25:36,820-INFO-lFUVA4DAOC_0112864832  0
2022-10-20 00:25:39,654-INFO-lFUVA4DAOC_0112864832  command xml : DELETE NMS
2022-10-20 00:25:39,654-INFO-lFUVA4DAOC_0112864832  0
2022-10-20 00:25:39,990-INFO-7JHLopSHcK_0112187307  command xml : DELETE MSAN
2022-10-20 00:25:39,990-INFO-SsJ0MVYUOj_0112177935  0
2022-10-20 00:25:39,990-INFO-7JHLopSHcK_0112187307  0
2022-10-20 00:25:39,990-INFO-2w7bCJ2H9K_0112073206  command xml : DELETE MSAN
2022-10-20 00:25:39,990-INFO-2w7bCJ2H9K_0112073206  0
2022-10-20 00:25:40,006-INFO-kZuQVipi2I_0112868456  command xml : DELETE MSAN
2022-10-20 00:25:40,006-INFO-kZuQVipi2I_0112868456  0
2022-10-20 00:25:40,021-INFO-Wix0dk0ABb_0112877386  command xml : DELETE MSAN
2022-10-20 00:25:40,021-INFO-Wix0dk0ABb_0112877386  0
2022-10-20 00:25:40,021-INFO-Pzjxehzu8N_0112886084  command xml : DELETE MSAN
2022-10-20 00:25:40,021-INFO-Pzjxehzu8N_0112886084  0
2022-10-20 00:25:40,037-INFO-Gub0LSb55z_0112177268  command xml : DELETE MSAN
2022-10-20 00:25:40,037-INFO-Gub0LSb55z_0112177268  0
2022-10-20 00:25:40,054-INFO-SBQu2Rz7oi_0112179554  command xml : DELETE MSAN
2022-10-20 00:25:40,054-INFO-SBQu2Rz7oi_0112179554  0
2022-10-20 00:25:40,151-INFO-JNwBftxuT0_0112871802  command xml : DELETE MSAN
2022-10-20 00:25:40,151-INFO-JNwBftxuT0_0112871802  0
2022-10-20 00:25:41,696-INFO-2w7bCJ2H9K_0112073206  command xml : DELETE NMS
2022-10-20 00:25:41,696-INFO-2w7bCJ2H9K_0112073206  0
2022-10-20 00:25:43,046-INFO-7JHLopSHcK_0112187307  command xml : DELETE NMS
2022-10-20 00:25:43,046-INFO-7JHLopSHcK_0112187307  0
2022-10-20 00:25:45,072-INFO-SBQu2Rz7oi_0112179554  command xml : DELETE NMS
2022-10-20 00:25:45,072-INFO-SBQu2Rz7oi_0112179554  0
2022-10-20 00:25:45,188-INFO-lFUVA4DAOC_0112864832  command xml : FAB CREATE
2022-10-20 00:25:45,204-INFO-lFUVA4DAOC_0112864832  0
2022-10-20 00:25:46,069-INFO-lFUVA4DAOC_0112864832  command xml : PROFILE CREATE
2022-10-20 00:25:46,069-INFO-lFUVA4DAOC_0112864832  0
2022-10-20 00:25:46,497-INFO-kZuQVipi2I_0112868456  command xml : DELETE NMS
2022-10-20 00:25:46,497-INFO-kZuQVipi2I_0112868456  0
2022-10-20 00:25:46,512-INFO-lFUVA4DAOC_0112864832  command xml : VOICE CREATE
2022-10-20 00:25:46,512-INFO-lFUVA4DAOC_0112864832  0
2022-10-20 00:25:46,945-INFO-lFUVA4DAOC_0112864832  command xml : BB CREATE
2022-10-20 00:25:46,945-INFO-lFUVA4DAOC_0112864832  0
2022-10-20 00:25:47,107-INFO-2w7bCJ2H9K_0112073206  command xml : FAB CREATE
2022-10-20 00:25:47,107-INFO-2w7bCJ2H9K_0112073206  0
2022-10-20 00:25:47,221-INFO-Wix0dk0ABb_0112877386  command xml : DELETE NMS
2022-10-20 00:25:47,221-INFO-Wix0dk0ABb_0112877386  0
2022-10-20 00:25:47,342-INFO-lFUVA4DAOC_0112864832  command xml : BB USER CREATE
2022-10-20 00:25:47,342-INFO-lFUVA4DAOC_0112864832  0
2022-10-20 00:25:47,721-INFO-lFUVA4DAOC_0112864832  command xml : IPTV PORT CREATE
2022-10-20 00:25:47,721-INFO-lFUVA4DAOC_0112864832  0
2022-10-20 00:25:47,931-INFO-2w7bCJ2H9K_0112073206  command xml : PROFILE CREATE
2022-10-20 00:25:47,931-INFO-2w7bCJ2H9K_0112073206  0
2022-10-20 00:25:48,077-INFO-lFUVA4DAOC_0112864832  command xml : IPTV A CREATE
2022-10-20 00:25:48,077-INFO-lFUVA4DAOC_0112864832  0
2022-10-20 00:25:48,346-INFO-2w7bCJ2H9K_0112073206  command xml : VOICE CREATE
2022-10-20 00:25:48,346-INFO-2w7bCJ2H9K_0112073206  0
2022-10-20 00:25:48,362-INFO-lFUVA4DAOC_0112864832  command xml : IPTV B CREATE
2022-10-20 00:25:48,362-INFO-lFUVA4DAOC_0112864832  0
2022-10-20 00:25:48,443-INFO-7JHLopSHcK_0112187307  command xml : FAB CREATE
2022-10-20 00:25:48,443-INFO-7JHLopSHcK_0112187307  0
2022-10-20 00:25:48,946-INFO-2w7bCJ2H9K_0112073206  command xml : BB CREATE
2022-10-20 00:25:48,946-INFO-2w7bCJ2H9K_0112073206  0
2022-10-20 00:25:48,957-INFO-lFUVA4DAOC_0112864832  command xml : IPTV C CREATE
2022-10-20 00:25:48,957-INFO-lFUVA4DAOC_0112864832  0
2022-10-20 00:25:49,302-INFO-lFUVA4DAOC_0112864832  command xml : IPTV D CREATE
2022-10-20 00:25:49,302-INFO-lFUVA4DAOC_0112864832  0
2022-10-20 00:25:49,364-INFO-Pzjxehzu8N_0112886084  command xml : DELETE NMS
2022-10-20 00:25:49,364-INFO-Pzjxehzu8N_0112886084  0
2022-10-20 00:25:49,411-INFO-2w7bCJ2H9K_0112073206  command xml : BB USER CREATE
2022-10-20 00:25:49,411-INFO-2w7bCJ2H9K_0112073206  0
2022-10-20 00:25:49,800-INFO-2w7bCJ2H9K_0112073206  command xml : IPTV PORT CREATE
2022-10-20 00:25:49,800-INFO-2w7bCJ2H9K_0112073206  0
2022-10-20 00:25:50,222-INFO-7JHLopSHcK_0112187307  command xml : PROFILE CREATE
2022-10-20 00:25:50,222-INFO-7JHLopSHcK_0112187307  0
2022-10-20 00:25:50,466-INFO-SsJ0MVYUOj_0112177935  command xml : DELETE NMS
2022-10-20 00:25:50,466-INFO-SsJ0MVYUOj_0112177935  0
2022-10-20 00:25:50,482-INFO-2w7bCJ2H9K_0112073206  command xml : IPTV A CREATE
2022-10-20 00:25:50,482-INFO-2w7bCJ2H9K_0112073206  0
2022-10-20 00:25:50,501-INFO-lFUVA4DAOC_0112864832  command xml : CREATE HSS
2022-10-20 00:25:50,501-INFO-lFUVA4DAOC_0112864832  0
2022-10-20 00:25:50,565-INFO-SBQu2Rz7oi_0112179554  command xml : FAB CREATE
2022-10-20 00:25:50,565-INFO-SBQu2Rz7oi_0112179554  0
2022-10-20 00:25:50,585-INFO-7JHLopSHcK_0112187307  command xml : VOICE CREATE
2022-10-20 00:25:50,585-INFO-7JHLopSHcK_0112187307  0
2022-10-20 00:25:50,791-INFO-2w7bCJ2H9K_0112073206  command xml : IPTV B CREATE
2022-10-20 00:25:50,791-INFO-2w7bCJ2H9K_0112073206  0
2022-10-20 00:25:50,972-INFO-7JHLopSHcK_0112187307  command xml : BB CREATE
2022-10-20 00:25:50,972-INFO-7JHLopSHcK_0112187307  0
2022-10-20 00:25:51,182-INFO-lFUVA4DAOC_0112864832  command xml : CREATE ENS
2022-10-20 00:25:51,182-INFO-lFUVA4DAOC_0112864832  0
2022-10-20 00:25:51,182-INFO-JNwBftxuT0_0112871802  command xml : DELETE NMS
2022-10-20 00:25:51,182-INFO-JNwBftxuT0_0112871802  0
2022-10-20 00:25:51,182-INFO-2w7bCJ2H9K_0112073206  command xml : IPTV C CREATE
2022-10-20 00:25:51,182-INFO-2w7bCJ2H9K_0112073206  0
2022-10-20 00:25:51,415-INFO-7JHLopSHcK_0112187307  command xml : BB USER CREATE
2022-10-20 00:25:51,415-INFO-7JHLopSHcK_0112187307  0
2022-10-20 00:25:51,415-INFO-SBQu2Rz7oi_0112179554  command xml : PROFILE CREATE
2022-10-20 00:25:51,415-INFO-SBQu2Rz7oi_0112179554  0
2022-10-20 00:25:51,479-INFO-2w7bCJ2H9K_0112073206  command xml : IPTV D CREATE
2022-10-20 00:25:51,479-INFO-2w7bCJ2H9K_0112073206  0
2022-10-20 00:25:51,793-INFO-7JHLopSHcK_0112187307  command xml : IPTV PORT CREATE
2022-10-20 00:25:51,793-INFO-7JHLopSHcK_0112187307  0
2022-10-20 00:25:51,877-INFO-lFUVA4DAOC_0112864832  command xml : CREATE ATS
2022-10-20 00:25:51,877-INFO-lFUVA4DAOC_0112864832  0
2022-10-20 00:25:51,893-INFO-SBQu2Rz7oi_0112179554  command xml : VOICE CREATE
2022-10-20 00:25:51,893-INFO-SBQu2Rz7oi_0112179554  0
2022-10-20 00:25:51,925-INFO-kZuQVipi2I_0112868456  command xml : FAB CREATE
2022-10-20 00:25:51,925-INFO-kZuQVipi2I_0112868456  0
2022-10-20 00:25:52,023-INFO-lFUVA4DAOC_0112868425  command xml : lst_vlan.xml - VOICE
2022-10-20 00:25:52,023-INFO-lFUVA4DAOC_0112868425  {'VOBB': '660'}
2022-10-20 00:25:52,244-INFO-lFUVA4DAOC_0112868425  command xml : lst_vlan.xml - BB
2022-10-20 00:25:52,244-INFO-lFUVA4DAOC_0112868425  {'EVLAN': '1000', 'SVLAN': '1540'}
2022-10-20 00:25:52,259-INFO-7JHLopSHcK_0112187307  command xml : IPTV A CREATE
2022-10-20 00:25:52,259-INFO-7JHLopSHcK_0112187307  0
2022-10-20 00:25:52,291-INFO-SBQu2Rz7oi_0112179554  command xml : BB CREATE
2022-10-20 00:25:52,291-INFO-SBQu2Rz7oi_0112179554  0
2022-10-20 00:25:52,388-INFO-lFUVA4DAOC_0112868425  command xml : lst_vlan.xml - IPTV
2022-10-20 00:25:52,388-INFO-lFUVA4DAOC_0112868425  {'IPSV': '1640', 'IPTVLAN': '2000'}
2022-10-20 00:25:52,559-INFO-Gub0LSb55z_0112177268  command xml : DELETE NMS
2022-10-20 00:25:52,559-INFO-Gub0LSb55z_0112177268  0
2022-10-20 00:25:52,590-INFO-7JHLopSHcK_0112187307  command xml : IPTV B CREATE
2022-10-20 00:25:52,590-INFO-7JHLopSHcK_0112187307  0
2022-10-20 00:25:52,637-INFO-2w7bCJ2H9K_0112073206  command xml : CREATE HSS
2022-10-20 00:25:52,637-INFO-2w7bCJ2H9K_0112073206  0
2022-10-20 00:25:52,653-INFO-Wix0dk0ABb_0112877386  command xml : FAB CREATE
2022-10-20 00:25:52,653-INFO-Wix0dk0ABb_0112877386  0
2022-10-20 00:25:52,685-INFO-SBQu2Rz7oi_0112179554  command xml : BB USER CREATE
2022-10-20 00:25:52,685-INFO-SBQu2Rz7oi_0112179554  0
2022-10-20 00:25:52,791-INFO-kZuQVipi2I_0112868456  command xml : PROFILE CREATE
2022-10-20 00:25:52,791-INFO-kZuQVipi2I_0112868456  0
2022-10-20 00:25:53,218-INFO-7JHLopSHcK_0112187307  command xml : IPTV C CREATE
2022-10-20 00:25:53,218-INFO-7JHLopSHcK_0112187307  0
2022-10-20 00:25:53,218-INFO-SBQu2Rz7oi_0112179554  command xml : IPTV PORT CREATE
2022-10-20 00:25:53,218-INFO-SBQu2Rz7oi_0112179554  0
2022-10-20 00:25:53,234-INFO-kZuQVipi2I_0112868456  command xml : VOICE CREATE
2022-10-20 00:25:53,234-INFO-kZuQVipi2I_0112868456  0
2022-10-20 00:25:53,344-INFO-lFUVA4DAOC_0112868425  command xml : DELETE IMS
2022-10-20 00:25:53,344-INFO-lFUVA4DAOC_0112868425  0
2022-10-20 00:25:53,366-INFO-2w7bCJ2H9K_0112073206  command xml : CREATE ENS
2022-10-20 00:25:53,366-INFO-2w7bCJ2H9K_0112073206  0
2022-10-20 00:25:53,595-INFO-7JHLopSHcK_0112187307  command xml : IPTV D CREATE
2022-10-20 00:25:53,595-INFO-7JHLopSHcK_0112187307  0
2022-10-20 00:25:53,642-INFO-kZuQVipi2I_0112868456  command xml : BB CREATE
2022-10-20 00:25:53,642-INFO-kZuQVipi2I_0112868456  0
2022-10-20 00:25:53,768-INFO-SBQu2Rz7oi_0112179554  command xml : IPTV A CREATE
2022-10-20 00:25:53,768-INFO-SBQu2Rz7oi_0112179554  0
2022-10-20 00:25:53,784-INFO-Wix0dk0ABb_0112877386  command xml : PROFILE CREATE
2022-10-20 00:25:53,817-INFO-Wix0dk0ABb_0112877386  0
2022-10-20 00:25:54,182-INFO-kZuQVipi2I_0112868456  command xml : BB USER CREATE
2022-10-20 00:25:54,182-INFO-kZuQVipi2I_0112868456  0
2022-10-20 00:25:54,331-INFO-SBQu2Rz7oi_0112179554  command xml : IPTV B CREATE
2022-10-20 00:25:54,331-INFO-SBQu2Rz7oi_0112179554  0
2022-10-20 00:25:54,592-INFO-Wix0dk0ABb_0112877386  command xml : VOICE CREATE
2022-10-20 00:25:54,592-INFO-Wix0dk0ABb_0112877386  0
2022-10-20 00:25:54,889-INFO-lFUVA4DAOC_0112868425  command xml : DELETE HSS
2022-10-20 00:25:54,889-INFO-lFUVA4DAOC_0112868425  0
2022-10-20 00:25:54,948-INFO-2w7bCJ2H9K_0112073206  command xml : CREATE ATS
2022-10-20 00:25:54,948-INFO-2w7bCJ2H9K_0112073206  0
2022-10-20 00:25:55,060-INFO-SBQu2Rz7oi_0112179554  command xml : IPTV C CREATE
2022-10-20 00:25:55,060-INFO-SBQu2Rz7oi_0112179554  0
2022-10-20 00:25:55,130-INFO-2w7bCJ2H9K_0112884300  command xml : lst_vlan.xml - VOICE
2022-10-20 00:25:55,130-INFO-2w7bCJ2H9K_0112884300  {'VOBB': '660'}
2022-10-20 00:25:55,130-INFO-kZuQVipi2I_0112868456  command xml : IPTV PORT CREATE
2022-10-20 00:25:55,130-INFO-kZuQVipi2I_0112868456  0
2022-10-20 00:25:55,307-INFO-Wix0dk0ABb_0112877386  command xml : BB CREATE
2022-10-20 00:25:55,307-INFO-Wix0dk0ABb_0112877386  0
2022-10-20 00:25:55,339-INFO-2w7bCJ2H9K_0112884300  command xml : lst_vlan.xml - BB
2022-10-20 00:25:55,339-INFO-2w7bCJ2H9K_0112884300  {'EVLAN': '1000', 'SVLAN': '1540'}
2022-10-20 00:25:55,466-INFO-SBQu2Rz7oi_0112179554  command xml : IPTV D CREATE
2022-10-20 00:25:55,466-INFO-SBQu2Rz7oi_0112179554  0
2022-10-20 00:25:55,496-INFO-2w7bCJ2H9K_0112884300  command xml : lst_vlan.xml - IPTV
2022-10-20 00:25:55,496-INFO-2w7bCJ2H9K_0112884300  {'IPSV': '1640', 'IPTVLAN': '2000'}
2022-10-20 00:25:55,511-INFO-kZuQVipi2I_0112868456  command xml : IPTV A CREATE
2022-10-20 00:25:55,511-INFO-kZuQVipi2I_0112868456  0
2022-10-20 00:25:55,537-INFO-7JHLopSHcK_0112187307  command xml : CREATE HSS
2022-10-20 00:25:55,537-INFO-7JHLopSHcK_0112187307  0
2022-10-20 00:25:55,549-INFO-Pzjxehzu8N_0112886084  command xml : FAB CREATE
2022-10-20 00:25:55,549-INFO-Pzjxehzu8N_0112886084  0
2022-10-20 00:25:55,822-INFO-Wix0dk0ABb_0112877386  command xml : BB USER CREATE
2022-10-20 00:25:55,822-INFO-Wix0dk0ABb_0112877386  0
2022-10-20 00:25:55,865-INFO-kZuQVipi2I_0112868456  command xml : IPTV B CREATE
2022-10-20 00:25:55,865-INFO-kZuQVipi2I_0112868456  0
2022-10-20 00:25:55,925-INFO-SsJ0MVYUOj_0112177935  command xml : FAB CREATE
2022-10-20 00:25:55,925-INFO-SsJ0MVYUOj_0112177935  0
2022-10-20 00:25:56,035-INFO-lFUVA4DAOC_0112868425  command xml : DELETE ENS
2022-10-20 00:25:56,035-INFO-lFUVA4DAOC_0112868425  0
2022-10-20 00:25:56,230-INFO-Wix0dk0ABb_0112877386  command xml : IPTV PORT CREATE
2022-10-20 00:25:56,230-INFO-Wix0dk0ABb_0112877386  0
2022-10-20 00:25:56,398-INFO-kZuQVipi2I_0112868456  command xml : IPTV C CREATE
2022-10-20 00:25:56,398-INFO-kZuQVipi2I_0112868456  0
2022-10-20 00:25:56,450-INFO-Pzjxehzu8N_0112886084  command xml : PROFILE CREATE
2022-10-20 00:25:56,450-INFO-Pzjxehzu8N_0112886084  0
2022-10-20 00:25:56,657-INFO-Wix0dk0ABb_0112877386  command xml : IPTV A CREATE
2022-10-20 00:25:56,657-INFO-Wix0dk0ABb_0112877386  0
2022-10-20 00:25:56,704-INFO-JNwBftxuT0_0112871802  command xml : FAB CREATE
2022-10-20 00:25:56,704-INFO-JNwBftxuT0_0112871802  0
2022-10-20 00:25:56,767-INFO-kZuQVipi2I_0112868456  command xml : IPTV D CREATE
2022-10-20 00:25:56,767-INFO-kZuQVipi2I_0112868456  0
2022-10-20 00:25:56,798-INFO-SsJ0MVYUOj_0112177935  command xml : PROFILE CREATE
2022-10-20 00:25:56,798-INFO-SsJ0MVYUOj_0112177935  0
2022-10-20 00:25:56,817-INFO-Pzjxehzu8N_0112886084  command xml : VOICE CREATE
2022-10-20 00:25:56,817-INFO-Pzjxehzu8N_0112886084  0
2022-10-20 00:25:57,010-INFO-Wix0dk0ABb_0112877386  command xml : IPTV B CREATE
2022-10-20 00:25:57,010-INFO-Wix0dk0ABb_0112877386  0
2022-10-20 00:25:57,026-INFO-2w7bCJ2H9K_0112884300  command xml : DELETE IMS
2022-10-20 00:25:57,026-INFO-2w7bCJ2H9K_0112884300  0
2022-10-20 00:25:57,076-INFO-SBQu2Rz7oi_0112179554  command xml : CREATE HSS
2022-10-20 00:25:57,076-INFO-SBQu2Rz7oi_0112179554  0
2022-10-20 00:25:57,108-INFO-7JHLopSHcK_0112187307  command xml : CREATE ENS
2022-10-20 00:25:57,108-INFO-7JHLopSHcK_0112187307  0
2022-10-20 00:25:57,177-INFO-SsJ0MVYUOj_0112177935  command xml : VOICE CREATE
2022-10-20 00:25:57,177-INFO-SsJ0MVYUOj_0112177935  0
2022-10-20 00:25:57,277-INFO-Pzjxehzu8N_0112886084  command xml : BB CREATE
2022-10-20 00:25:57,277-INFO-Pzjxehzu8N_0112886084  0
2022-10-20 00:25:57,462-INFO-Wix0dk0ABb_0112877386  command xml : IPTV C CREATE
2022-10-20 00:25:57,462-INFO-Wix0dk0ABb_0112877386  0
2022-10-20 00:25:57,596-INFO-JNwBftxuT0_0112871802  command xml : PROFILE CREATE
2022-10-20 00:25:57,596-INFO-JNwBftxuT0_0112871802  0
2022-10-20 00:25:57,612-INFO-SsJ0MVYUOj_0112177935  command xml : BB CREATE
2022-10-20 00:25:57,612-INFO-SsJ0MVYUOj_0112177935  0
2022-10-20 00:25:57,687-INFO-Pzjxehzu8N_0112886084  command xml : BB USER CREATE
2022-10-20 00:25:57,687-INFO-Pzjxehzu8N_0112886084  0
2022-10-20 00:25:57,783-INFO-Wix0dk0ABb_0112877386  command xml : IPTV D CREATE
2022-10-20 00:25:57,783-INFO-Wix0dk0ABb_0112877386  0
2022-10-20 00:25:57,861-INFO-lFUVA4DAOC_0112868425  command xml : DELETE MSAN
2022-10-20 00:25:57,861-INFO-lFUVA4DAOC_0112868425  0
2022-10-20 00:25:58,052-INFO-Pzjxehzu8N_0112886084  command xml : IPTV PORT CREATE
2022-10-20 00:25:58,052-INFO-Pzjxehzu8N_0112886084  0
2022-10-20 00:25:58,164-INFO-SsJ0MVYUOj_0112177935  command xml : BB USER CREATE
2022-10-20 00:25:58,164-INFO-SsJ0MVYUOj_0112177935  0
2022-10-20 00:25:58,227-INFO-JNwBftxuT0_0112871802  command xml : VOICE CREATE
2022-10-20 00:25:58,227-INFO-JNwBftxuT0_0112871802  0
2022-10-20 00:25:58,242-INFO-Gub0LSb55z_0112177268  command xml : FAB CREATE
2022-10-20 00:25:58,242-INFO-Gub0LSb55z_0112177268  0
2022-10-20 00:25:58,714-INFO-Pzjxehzu8N_0112886084  command xml : IPTV A CREATE
2022-10-20 00:25:58,714-INFO-Pzjxehzu8N_0112886084  0
2022-10-20 00:25:58,730-INFO-SsJ0MVYUOj_0112177935  command xml : IPTV PORT CREATE
2022-10-20 00:25:58,730-INFO-SsJ0MVYUOj_0112177935  0
2022-10-20 00:25:58,790-INFO-JNwBftxuT0_0112871802  command xml : BB CREATE
2022-10-20 00:25:58,790-INFO-JNwBftxuT0_0112871802  0
2022-10-20 00:25:58,790-INFO-SBQu2Rz7oi_0112179554  command xml : CREATE ENS
2022-10-20 00:25:58,790-INFO-SBQu2Rz7oi_0112179554  0
2022-10-20 00:25:58,929-INFO-2w7bCJ2H9K_0112884300  command xml : DELETE HSS
2022-10-20 00:25:58,929-INFO-2w7bCJ2H9K_0112884300  0
2022-10-20 00:25:59,026-INFO-kZuQVipi2I_0112868456  command xml : CREATE HSS
2022-10-20 00:25:59,026-INFO-kZuQVipi2I_0112868456  0
2022-10-20 00:25:59,087-INFO-Pzjxehzu8N_0112886084  command xml : IPTV B CREATE
2022-10-20 00:25:59,087-INFO-Pzjxehzu8N_0112886084  0
2022-10-20 00:25:59,124-INFO-SsJ0MVYUOj_0112177935  command xml : IPTV A CREATE
2022-10-20 00:25:59,125-INFO-SsJ0MVYUOj_0112177935  0
2022-10-20 00:25:59,177-INFO-JNwBftxuT0_0112871802  command xml : BB USER CREATE
2022-10-20 00:25:59,177-INFO-JNwBftxuT0_0112871802  0
2022-10-20 00:25:59,209-INFO-Gub0LSb55z_0112177268  command xml : PROFILE CREATE
2022-10-20 00:25:59,209-INFO-Gub0LSb55z_0112177268  0
2022-10-20 00:25:59,349-INFO-7JHLopSHcK_0112187307  command xml : CREATE ATS
2022-10-20 00:25:59,349-INFO-7JHLopSHcK_0112187307  0
2022-10-20 00:25:59,516-INFO-7JHLopSHcK_0112870057  command xml : lst_vlan.xml - VOICE
2022-10-20 00:25:59,516-INFO-7JHLopSHcK_0112870057  {'VOBB': '660'}
2022-10-20 00:25:59,516-INFO-SsJ0MVYUOj_0112177935  command xml : IPTV B CREATE
2022-10-20 00:25:59,516-INFO-SsJ0MVYUOj_0112177935  0
2022-10-20 00:25:59,548-INFO-Pzjxehzu8N_0112886084  command xml : IPTV C CREATE
2022-10-20 00:25:59,548-INFO-Pzjxehzu8N_0112886084  0
2022-10-20 00:25:59,645-INFO-JNwBftxuT0_0112871802  command xml : IPTV PORT CREATE
2022-10-20 00:25:59,645-INFO-JNwBftxuT0_0112871802  0
2022-10-20 00:25:59,676-INFO-7JHLopSHcK_0112870057  command xml : lst_vlan.xml - BB
2022-10-20 00:25:59,676-INFO-7JHLopSHcK_0112870057  {'EVLAN': '1000', 'SVLAN': '1540'}
2022-10-20 00:25:59,707-INFO-Gub0LSb55z_0112177268  command xml : VOICE CREATE
2022-10-20 00:25:59,707-INFO-Gub0LSb55z_0112177268  0
2022-10-20 00:25:59,849-INFO-7JHLopSHcK_0112870057  command xml : lst_vlan.xml - IPTV
2022-10-20 00:25:59,849-INFO-7JHLopSHcK_0112870057  {'IPSV': '1640', 'IPTVLAN': '2000'}
2022-10-20 00:26:00,026-INFO-Pzjxehzu8N_0112886084  command xml : IPTV D CREATE
2022-10-20 00:26:00,026-INFO-Pzjxehzu8N_0112886084  0
2022-10-20 00:26:00,089-INFO-Gub0LSb55z_0112177268  command xml : BB CREATE
2022-10-20 00:26:00,089-INFO-Gub0LSb55z_0112177268  0
2022-10-20 00:26:00,105-INFO-JNwBftxuT0_0112871802  command xml : IPTV A CREATE
2022-10-20 00:26:00,105-INFO-JNwBftxuT0_0112871802  0
2022-10-20 00:26:00,152-INFO-lFUVA4DAOC_0112868425  command xml : DELETE NMS
2022-10-20 00:26:00,152-INFO-lFUVA4DAOC_0112868425  0
2022-10-20 00:26:00,152-INFO-SsJ0MVYUOj_0112177935  command xml : IPTV C CREATE
2022-10-20 00:26:00,152-INFO-SsJ0MVYUOj_0112177935  0
2022-10-20 00:26:00,424-INFO-2w7bCJ2H9K_0112884300  command xml : DELETE ENS
2022-10-20 00:26:00,424-INFO-2w7bCJ2H9K_0112884300  0
2022-10-20 00:26:00,455-INFO-SBQu2Rz7oi_0112179554  command xml : CREATE ATS
2022-10-20 00:26:00,455-INFO-SBQu2Rz7oi_0112179554  0
2022-10-20 00:26:00,479-INFO-JNwBftxuT0_0112871802  command xml : IPTV B CREATE
2022-10-20 00:26:00,479-INFO-JNwBftxuT0_0112871802  0
2022-10-20 00:26:00,486-INFO-SsJ0MVYUOj_0112177935  command xml : IPTV D CREATE
2022-10-20 00:26:00,486-INFO-SsJ0MVYUOj_0112177935  0
2022-10-20 00:26:00,486-INFO-Gub0LSb55z_0112177268  command xml : BB USER CREATE
2022-10-20 00:26:00,486-INFO-Gub0LSb55z_0112177268  0
2022-10-20 00:26:00,564-INFO-Wix0dk0ABb_0112877386  command xml : CREATE HSS
2022-10-20 00:26:00,564-INFO-Wix0dk0ABb_0112877386  0
2022-10-20 00:26:00,596-INFO-SBQu2Rz7oi_0112177546  command xml : lst_vlan.xml - VOICE
2022-10-20 00:26:00,596-INFO-SBQu2Rz7oi_0112177546  {'VOBB': '660'}
2022-10-20 00:26:00,824-INFO-SBQu2Rz7oi_0112177546  command xml : lst_vlan.xml - BB
2022-10-20 00:26:00,824-INFO-SBQu2Rz7oi_0112177546  {'EVLAN': '1000', 'SVLAN': '1540'}
2022-10-20 00:26:00,913-INFO-JNwBftxuT0_0112871802  command xml : IPTV C CREATE
2022-10-20 00:26:00,913-INFO-JNwBftxuT0_0112871802  0
2022-10-20 00:26:00,976-INFO-Gub0LSb55z_0112177268  command xml : IPTV PORT CREATE
2022-10-20 00:26:00,976-INFO-Gub0LSb55z_0112177268  0
2022-10-20 00:26:01,039-INFO-kZuQVipi2I_0112868456  command xml : CREATE ENS
2022-10-20 00:26:01,039-INFO-kZuQVipi2I_0112868456  0
2022-10-20 00:26:01,070-INFO-SBQu2Rz7oi_0112177546  command xml : lst_vlan.xml - IPTV
2022-10-20 00:26:01,070-INFO-SBQu2Rz7oi_0112177546  {'IPSV': '1640', 'IPTVLAN': '2000'}
2022-10-20 00:26:01,334-INFO-JNwBftxuT0_0112871802  command xml : IPTV D CREATE
2022-10-20 00:26:01,334-INFO-JNwBftxuT0_0112871802  0
2022-10-20 00:26:01,544-INFO-Gub0LSb55z_0112177268  command xml : IPTV A CREATE
2022-10-20 00:26:01,544-INFO-Gub0LSb55z_0112177268  0
2022-10-20 00:26:02,216-INFO-Pzjxehzu8N_0112886084  command xml : CREATE HSS
2022-10-20 00:26:02,216-INFO-Pzjxehzu8N_0112886084  0
2022-10-20 00:26:02,249-INFO-Gub0LSb55z_0112177268  command xml : IPTV B CREATE
2022-10-20 00:26:02,249-INFO-Gub0LSb55z_0112177268  0
2022-10-20 00:26:02,689-INFO-Gub0LSb55z_0112177268  command xml : IPTV C CREATE
2022-10-20 00:26:02,689-INFO-Gub0LSb55z_0112177268  0
2022-10-20 00:26:02,913-INFO-7JHLopSHcK_0112870057  command xml : DELETE IMS
2022-10-20 00:26:02,913-INFO-7JHLopSHcK_0112870057  0
2022-10-20 00:26:03,210-INFO-SsJ0MVYUOj_0112177935  command xml : CREATE HSS
2022-10-20 00:26:03,210-INFO-SsJ0MVYUOj_0112177935  0
2022-10-20 00:26:03,210-INFO-Gub0LSb55z_0112177268  command xml : IPTV D CREATE
2022-10-20 00:26:03,210-INFO-Gub0LSb55z_0112177268  0
2022-10-20 00:26:04,136-INFO-Wix0dk0ABb_0112877386  command xml : CREATE ENS
2022-10-20 00:26:04,136-INFO-Wix0dk0ABb_0112877386  0
2022-10-20 00:26:05,191-INFO-Pzjxehzu8N_0112886084  command xml : CREATE ENS
2022-10-20 00:26:05,191-INFO-Pzjxehzu8N_0112886084  0
2022-10-20 00:26:05,255-INFO-2w7bCJ2H9K_0112884300  command xml : DELETE MSAN
2022-10-20 00:26:05,255-INFO-2w7bCJ2H9K_0112884300  0
2022-10-20 00:26:05,365-INFO-SBQu2Rz7oi_0112177546  command xml : DELETE IMS
2022-10-20 00:26:05,365-INFO-SBQu2Rz7oi_0112177546  0
2022-10-20 00:26:05,381-INFO-kZuQVipi2I_0112868456  command xml : CREATE ATS
2022-10-20 00:26:05,381-INFO-kZuQVipi2I_0112868456  0
2022-10-20 00:26:05,397-INFO-JNwBftxuT0_0112871802  command xml : CREATE HSS
2022-10-20 00:26:05,397-INFO-JNwBftxuT0_0112871802  0
2022-10-20 00:26:05,538-INFO-kZuQVipi2I_0112888430  command xml : lst_vlan.xml - VOICE
2022-10-20 00:26:05,538-INFO-kZuQVipi2I_0112888430  {'VOBB': '660'}
2022-10-20 00:26:05,728-INFO-kZuQVipi2I_0112888430  command xml : lst_vlan.xml - BB
2022-10-20 00:26:05,728-INFO-kZuQVipi2I_0112888430  {'EVLAN': '1000', 'SVLAN': '1540'}
2022-10-20 00:26:05,773-INFO-lFUVA4DAOC_0112868425  command xml : FAB CREATE
2022-10-20 00:26:05,773-INFO-lFUVA4DAOC_0112868425  0
2022-10-20 00:26:05,884-INFO-kZuQVipi2I_0112888430  command xml : lst_vlan.xml - IPTV
2022-10-20 00:26:05,884-INFO-kZuQVipi2I_0112888430  {'IPSV': '1640', 'IPTVLAN': '2000'}
2022-10-20 00:26:06,241-INFO-Gub0LSb55z_0112177268  command xml : CREATE HSS
2022-10-20 00:26:06,257-INFO-Gub0LSb55z_0112177268  0
2022-10-20 00:26:06,335-INFO-7JHLopSHcK_0112870057  command xml : DELETE HSS
2022-10-20 00:26:06,335-INFO-7JHLopSHcK_0112870057  0
2022-10-20 00:26:06,838-INFO-lFUVA4DAOC_0112868425  command xml : PROFILE CREATE
2022-10-20 00:26:06,838-INFO-lFUVA4DAOC_0112868425  0
2022-10-20 00:26:07,059-INFO-SsJ0MVYUOj_0112177935  command xml : CREATE ENS
2022-10-20 00:26:07,059-INFO-SsJ0MVYUOj_0112177935  0
2022-10-20 00:26:07,189-INFO-2w7bCJ2H9K_0112884300  command xml : DELETE NMS
2022-10-20 00:26:07,189-INFO-2w7bCJ2H9K_0112884300  0
2022-10-20 00:26:07,409-INFO-lFUVA4DAOC_0112868425  command xml : VOICE CREATE
2022-10-20 00:26:07,409-INFO-lFUVA4DAOC_0112868425  0
2022-10-20 00:26:07,675-INFO-Wix0dk0ABb_0112877386  command xml : CREATE ATS
2022-10-20 00:26:07,675-INFO-Wix0dk0ABb_0112877386  0
2022-10-20 00:26:07,848-INFO-Wix0dk0ABb_0112870280  command xml : lst_vlan.xml - VOICE
2022-10-20 00:26:07,848-INFO-Wix0dk0ABb_0112870280  {'VOBB': '660'}
2022-10-20 00:26:07,965-INFO-lFUVA4DAOC_0112868425  command xml : BB CREATE
2022-10-20 00:26:07,965-INFO-lFUVA4DAOC_0112868425  0
2022-10-20 00:26:08,028-INFO-Wix0dk0ABb_0112870280  command xml : lst_vlan.xml - BB
2022-10-20 00:26:08,028-INFO-Wix0dk0ABb_0112870280  {'EVLAN': '1000', 'SVLAN': '1540'}
2022-10-20 00:26:08,202-INFO-SBQu2Rz7oi_0112177546  command xml : DELETE HSS
2022-10-20 00:26:08,202-INFO-SBQu2Rz7oi_0112177546  0
2022-10-20 00:26:08,217-INFO-JNwBftxuT0_0112871802  command xml : CREATE ENS
2022-10-20 00:26:08,217-INFO-JNwBftxuT0_0112871802  0
2022-10-20 00:26:08,233-INFO-Wix0dk0ABb_0112870280  command xml : lst_vlan.xml - IPTV
2022-10-20 00:26:08,233-INFO-Wix0dk0ABb_0112870280  {'IPSV': '1640', 'IPTVLAN': '2000'}
2022-10-20 00:26:08,408-INFO-lFUVA4DAOC_0112868425  command xml : BB USER CREATE
2022-10-20 00:26:08,408-INFO-lFUVA4DAOC_0112868425  0
2022-10-20 00:26:08,750-INFO-Pzjxehzu8N_0112886084  command xml : CREATE ATS
2022-10-20 00:26:08,750-INFO-Pzjxehzu8N_0112886084  0
2022-10-20 00:26:08,766-INFO-lFUVA4DAOC_0112868425  command xml : IPTV PORT CREATE
2022-10-20 00:26:08,766-INFO-lFUVA4DAOC_0112868425  0
2022-10-20 00:26:08,946-INFO-Pzjxehzu8N_0112868623  command xml : lst_vlan.xml - VOICE
2022-10-20 00:26:08,946-INFO-Pzjxehzu8N_0112868623  {'VOBB': '660'}
2022-10-20 00:26:09,136-INFO-Pzjxehzu8N_0112868623  command xml : lst_vlan.xml - BB
2022-10-20 00:26:09,136-INFO-Pzjxehzu8N_0112868623  {'EVLAN': '1000', 'SVLAN': '1540'}
2022-10-20 00:26:09,247-INFO-lFUVA4DAOC_0112868425  command xml : IPTV A CREATE
2022-10-20 00:26:09,247-INFO-lFUVA4DAOC_0112868425  0
2022-10-20 00:26:09,339-INFO-Pzjxehzu8N_0112868623  command xml : lst_vlan.xml - IPTV
2022-10-20 00:26:09,339-INFO-Pzjxehzu8N_0112868623  {'IPSV': '1640', 'IPTVLAN': '2000'}
2022-10-20 00:26:09,503-INFO-7JHLopSHcK_0112870057  command xml : DELETE ENS
2022-10-20 00:26:09,503-INFO-7JHLopSHcK_0112870057  0
2022-10-20 00:26:09,545-INFO-Gub0LSb55z_0112177268  command xml : CREATE ENS
2022-10-20 00:26:09,545-INFO-Gub0LSb55z_0112177268  0
2022-10-20 00:26:09,608-INFO-lFUVA4DAOC_0112868425  command xml : IPTV B CREATE
2022-10-20 00:26:09,608-INFO-lFUVA4DAOC_0112868425  0
2022-10-20 00:26:10,096-INFO-lFUVA4DAOC_0112868425  command xml : IPTV C CREATE
2022-10-20 00:26:10,097-INFO-lFUVA4DAOC_0112868425  0
2022-10-20 00:26:10,451-INFO-kZuQVipi2I_0112888430  command xml : DELETE IMS
2022-10-20 00:26:10,451-INFO-kZuQVipi2I_0112888430  0
2022-10-20 00:26:10,496-INFO-lFUVA4DAOC_0112868425  command xml : IPTV D CREATE
2022-10-20 00:26:10,496-INFO-lFUVA4DAOC_0112868425  0
2022-10-20 00:26:11,271-INFO-SsJ0MVYUOj_0112177935  command xml : CREATE ATS
2022-10-20 00:26:11,271-INFO-SsJ0MVYUOj_0112177935  0
2022-10-20 00:26:11,411-INFO-SBQu2Rz7oi_0112177546  command xml : DELETE ENS
2022-10-20 00:26:11,411-INFO-SBQu2Rz7oi_0112177546  0
2022-10-20 00:26:11,449-INFO-SsJ0MVYUOj_0112868622  command xml : lst_vlan.xml - VOICE
2022-10-20 00:26:11,449-INFO-SsJ0MVYUOj_0112868622  {'VOBB': '660'}
2022-10-20 00:26:11,605-INFO-SsJ0MVYUOj_0112868622  command xml : lst_vlan.xml - BB
2022-10-20 00:26:11,605-INFO-SsJ0MVYUOj_0112868622  {'EVLAN': '1000', 'SVLAN': '1540'}
2022-10-20 00:26:11,684-INFO-Wix0dk0ABb_0112870280  command xml : DELETE IMS
2022-10-20 00:26:11,684-INFO-Wix0dk0ABb_0112870280  0
2022-10-20 00:26:11,746-INFO-JNwBftxuT0_0112871802  command xml : CREATE ATS
2022-10-20 00:26:11,746-INFO-JNwBftxuT0_0112871802  0
2022-10-20 00:26:11,778-INFO-SsJ0MVYUOj_0112868622  command xml : lst_vlan.xml - IPTV
2022-10-20 00:26:11,778-INFO-SsJ0MVYUOj_0112868622  {'IPSV': '1640', 'IPTVLAN': '2000'}
2022-10-20 00:26:11,909-INFO-JNwBftxuT0_0112097477  command xml : lst_vlan.xml - VOICE
2022-10-20 00:26:11,909-INFO-JNwBftxuT0_0112097477  {'VOBB': '660'}
2022-10-20 00:26:12,051-INFO-JNwBftxuT0_0112097477  command xml : lst_vlan.xml - BB
2022-10-20 00:26:12,051-INFO-JNwBftxuT0_0112097477  {'EVLAN': '1000', 'SVLAN': '1540'}
2022-10-20 00:26:12,277-INFO-JNwBftxuT0_0112097477  command xml : lst_vlan.xml - IPTV
2022-10-20 00:26:12,277-INFO-JNwBftxuT0_0112097477  {'IPSV': '1640', 'IPTVLAN': '2000'}
2022-10-20 00:26:13,072-INFO-Pzjxehzu8N_0112868623  command xml : DELETE IMS
2022-10-20 00:26:13,072-INFO-Pzjxehzu8N_0112868623  0
2022-10-20 00:26:13,119-INFO-2w7bCJ2H9K_0112884300  command xml : FAB CREATE
2022-10-20 00:26:13,119-INFO-2w7bCJ2H9K_0112884300  0
2022-10-20 00:26:13,232-INFO-kZuQVipi2I_0112888430  command xml : DELETE HSS
2022-10-20 00:26:13,232-INFO-kZuQVipi2I_0112888430  0
2022-10-20 00:26:13,424-INFO-lFUVA4DAOC_0112868425  command xml : CREATE HSS
2022-10-20 00:26:13,425-INFO-lFUVA4DAOC_0112868425  0
2022-10-20 00:26:13,881-INFO-7JHLopSHcK_0112870057  command xml : DELETE MSAN
2022-10-20 00:26:13,881-INFO-7JHLopSHcK_0112870057  0
2022-10-20 00:26:14,007-INFO-2w7bCJ2H9K_0112884300  command xml : PROFILE CREATE
2022-10-20 00:26:14,007-INFO-2w7bCJ2H9K_0112884300  0
2022-10-20 00:26:14,349-INFO-Gub0LSb55z_0112177268  command xml : CREATE ATS
2022-10-20 00:26:14,349-INFO-Gub0LSb55z_0112177268  0
2022-10-20 00:26:14,479-INFO-2w7bCJ2H9K_0112884300  command xml : VOICE CREATE
2022-10-20 00:26:14,479-INFO-2w7bCJ2H9K_0112884300  0
2022-10-20 00:26:14,858-INFO-2w7bCJ2H9K_0112884300  command xml : BB CREATE
2022-10-20 00:26:14,874-INFO-2w7bCJ2H9K_0112884300  0
2022-10-20 00:26:15,306-INFO-2w7bCJ2H9K_0112884300  command xml : BB USER CREATE
2022-10-20 00:26:15,306-INFO-2w7bCJ2H9K_0112884300  0
2022-10-20 00:26:15,377-INFO-Pzjxehzu8N_0112868623  command xml : DELETE HSS
2022-10-20 00:26:15,393-INFO-Pzjxehzu8N_0112868623  0
2022-10-20 00:26:15,870-INFO-JNwBftxuT0_0112097477  command xml : DELETE IMS
2022-10-20 00:26:15,870-INFO-JNwBftxuT0_0112097477  0
2022-10-20 00:26:15,883-INFO-2w7bCJ2H9K_0112884300  command xml : IPTV PORT CREATE
2022-10-20 00:26:15,883-INFO-2w7bCJ2H9K_0112884300  0
2022-10-20 00:26:15,883-INFO-7JHLopSHcK_0112870057  command xml : DELETE NMS
2022-10-20 00:26:15,883-INFO-7JHLopSHcK_0112870057  0
2022-10-20 00:26:16,314-INFO-Wix0dk0ABb_0112870280  command xml : DELETE HSS
2022-10-20 00:26:16,314-INFO-Wix0dk0ABb_0112870280  0
2022-10-20 00:26:16,314-INFO-SsJ0MVYUOj_0112868622  command xml : DELETE IMS
2022-10-20 00:26:16,314-INFO-SsJ0MVYUOj_0112868622  0
2022-10-20 00:26:17,208-INFO-2w7bCJ2H9K_0112884300  command xml : IPTV A CREATE
2022-10-20 00:26:17,208-INFO-2w7bCJ2H9K_0112884300  0
2022-10-20 00:26:17,699-INFO-lFUVA4DAOC_0112868425  command xml : CREATE ENS
2022-10-20 00:26:17,699-INFO-lFUVA4DAOC_0112868425  0
2022-10-20 00:26:17,699-INFO-2w7bCJ2H9K_0112884300  command xml : IPTV B CREATE
2022-10-20 00:26:17,699-INFO-2w7bCJ2H9K_0112884300  0
2022-10-20 00:26:17,715-INFO-kZuQVipi2I_0112888430  command xml : DELETE ENS
2022-10-20 00:26:17,715-INFO-kZuQVipi2I_0112888430  0
2022-10-20 00:26:17,745-INFO-SBQu2Rz7oi_0112177546  command xml : DELETE MSAN
2022-10-20 00:26:17,745-INFO-SBQu2Rz7oi_0112177546  0
2022-10-20 00:26:18,161-INFO-2w7bCJ2H9K_0112884300  command xml : IPTV C CREATE
2022-10-20 00:26:18,161-INFO-2w7bCJ2H9K_0112884300  0
2022-10-20 00:26:18,689-INFO-2w7bCJ2H9K_0112884300  command xml : IPTV D CREATE
2022-10-20 00:26:18,690-INFO-2w7bCJ2H9K_0112884300  0
2022-10-20 00:26:19,926-INFO-SBQu2Rz7oi_0112177546  command xml : DELETE NMS
2022-10-20 00:26:19,926-INFO-SBQu2Rz7oi_0112177546  0
2022-10-20 00:26:20,006-INFO-Wix0dk0ABb_0112870280  command xml : DELETE ENS
2022-10-20 00:26:20,006-INFO-Wix0dk0ABb_0112870280  0
2022-10-20 00:26:20,379-INFO-JNwBftxuT0_0112097477  command xml : DELETE HSS
2022-10-20 00:26:20,379-INFO-JNwBftxuT0_0112097477  0
2022-10-20 00:26:20,886-INFO-Pzjxehzu8N_0112868623  command xml : DELETE ENS
2022-10-20 00:26:20,886-INFO-Pzjxehzu8N_0112868623  0
2022-10-20 00:26:21,285-INFO-SsJ0MVYUOj_0112868622  command xml : DELETE HSS
2022-10-20 00:26:21,285-INFO-SsJ0MVYUOj_0112868622  0
2022-10-20 00:26:21,332-INFO-7JHLopSHcK_0112870057  command xml : FAB CREATE
2022-10-20 00:26:21,332-INFO-7JHLopSHcK_0112870057  0
2022-10-20 00:26:21,433-INFO-kZuQVipi2I_0112888430  command xml : DELETE MSAN
2022-10-20 00:26:21,433-INFO-kZuQVipi2I_0112888430  0
2022-10-20 00:26:21,465-INFO-lFUVA4DAOC_0112868425  command xml : CREATE ATS
2022-10-20 00:26:21,465-INFO-lFUVA4DAOC_0112868425  0
2022-10-20 00:26:22,357-INFO-7JHLopSHcK_0112870057  command xml : PROFILE CREATE
2022-10-20 00:26:22,357-INFO-7JHLopSHcK_0112870057  0
2022-10-20 00:26:22,514-INFO-2w7bCJ2H9K_0112884300  command xml : CREATE HSS
2022-10-20 00:26:22,514-INFO-2w7bCJ2H9K_0112884300  0
2022-10-20 00:26:22,934-INFO-7JHLopSHcK_0112870057  command xml : VOICE CREATE
2022-10-20 00:26:22,935-INFO-7JHLopSHcK_0112870057  0
2022-10-20 00:26:23,386-INFO-7JHLopSHcK_0112870057  command xml : BB CREATE
2022-10-20 00:26:23,386-INFO-7JHLopSHcK_0112870057  0
2022-10-20 00:26:23,632-INFO-JNwBftxuT0_0112097477  command xml : DELETE ENS
2022-10-20 00:26:23,632-INFO-JNwBftxuT0_0112097477  0
2022-10-20 00:26:23,750-INFO-SsJ0MVYUOj_0112868622  command xml : DELETE ENS
2022-10-20 00:26:23,750-INFO-SsJ0MVYUOj_0112868622  0
2022-10-20 00:26:24,038-INFO-7JHLopSHcK_0112870057  command xml : BB USER CREATE
2022-10-20 00:26:24,038-INFO-7JHLopSHcK_0112870057  0
2022-10-20 00:26:24,195-INFO-kZuQVipi2I_0112888430  command xml : DELETE NMS
2022-10-20 00:26:24,195-INFO-kZuQVipi2I_0112888430  0
2022-10-20 00:26:24,286-INFO-Pzjxehzu8N_0112868623  command xml : DELETE MSAN
2022-10-20 00:26:24,286-INFO-Pzjxehzu8N_0112868623  0
2022-10-20 00:26:24,482-INFO-2w7bCJ2H9K_0112884300  command xml : CREATE ENS
2022-10-20 00:26:24,482-INFO-2w7bCJ2H9K_0112884300  0
2022-10-20 00:26:24,523-INFO-7JHLopSHcK_0112870057  command xml : IPTV PORT CREATE
2022-10-20 00:26:24,523-INFO-7JHLopSHcK_0112870057  0
2022-10-20 00:26:24,587-INFO-Wix0dk0ABb_0112870280  command xml : DELETE MSAN
2022-10-20 00:26:24,587-INFO-Wix0dk0ABb_0112870280  0
2022-10-20 00:26:24,890-INFO-7JHLopSHcK_0112870057  command xml : IPTV A CREATE
2022-10-20 00:26:24,890-INFO-7JHLopSHcK_0112870057  0
2022-10-20 00:26:25,199-INFO-7JHLopSHcK_0112870057  command xml : IPTV B CREATE
2022-10-20 00:26:25,199-INFO-7JHLopSHcK_0112870057  0
2022-10-20 00:26:25,420-INFO-SBQu2Rz7oi_0112177546  command xml : FAB CREATE
2022-10-20 00:26:25,420-INFO-SBQu2Rz7oi_0112177546  0
2022-10-20 00:26:25,654-INFO-7JHLopSHcK_0112870057  command xml : IPTV C CREATE
2022-10-20 00:26:25,654-INFO-7JHLopSHcK_0112870057  0
2022-10-20 00:26:25,855-INFO-2w7bCJ2H9K_0112884300  command xml : CREATE ATS
2022-10-20 00:26:25,855-INFO-2w7bCJ2H9K_0112884300  0
2022-10-20 00:26:26,098-INFO-7JHLopSHcK_0112870057  command xml : IPTV D CREATE
2022-10-20 00:26:26,098-INFO-7JHLopSHcK_0112870057  0
2022-10-20 00:26:26,130-INFO-Pzjxehzu8N_0112868623  command xml : DELETE NMS
2022-10-20 00:26:26,130-INFO-Pzjxehzu8N_0112868623  0
2022-10-20 00:26:26,654-INFO-SBQu2Rz7oi_0112177546  command xml : PROFILE CREATE
2022-10-20 00:26:26,654-INFO-SBQu2Rz7oi_0112177546  0
2022-10-20 00:26:27,002-INFO-SBQu2Rz7oi_0112177546  command xml : VOICE CREATE
2022-10-20 00:26:27,002-INFO-SBQu2Rz7oi_0112177546  0
2022-10-20 00:26:27,049-INFO-7JHLopSHcK_0112870057  command xml : CREATE HSS
2022-10-20 00:26:27,049-INFO-7JHLopSHcK_0112870057  0
2022-10-20 00:26:27,400-INFO-SBQu2Rz7oi_0112177546  command xml : BB CREATE
2022-10-20 00:26:27,400-INFO-SBQu2Rz7oi_0112177546  0
2022-10-20 00:26:27,697-INFO-7JHLopSHcK_0112870057  command xml : CREATE ENS
2022-10-20 00:26:27,697-INFO-7JHLopSHcK_0112870057  0
2022-10-20 00:26:28,197-INFO-Wix0dk0ABb_0112870280  command xml : DELETE NMS
2022-10-20 00:26:28,197-INFO-Wix0dk0ABb_0112870280  0
2022-10-20 00:26:28,212-INFO-SBQu2Rz7oi_0112177546  command xml : BB USER CREATE
2022-10-20 00:26:28,212-INFO-SBQu2Rz7oi_0112177546  0
2022-10-20 00:26:28,541-INFO-JNwBftxuT0_0112097477  command xml : DELETE MSAN
2022-10-20 00:26:28,541-INFO-JNwBftxuT0_0112097477  0
2022-10-20 00:26:28,557-INFO-SsJ0MVYUOj_0112868622  command xml : DELETE MSAN
2022-10-20 00:26:28,557-INFO-SsJ0MVYUOj_0112868622  0
2022-10-20 00:26:28,604-INFO-SBQu2Rz7oi_0112177546  command xml : IPTV PORT CREATE
2022-10-20 00:26:28,604-INFO-SBQu2Rz7oi_0112177546  0
2022-10-20 00:26:28,751-INFO-7JHLopSHcK_0112870057  command xml : CREATE ATS
2022-10-20 00:26:28,751-INFO-7JHLopSHcK_0112870057  0
2022-10-20 00:26:28,923-INFO-SBQu2Rz7oi_0112177546  command xml : IPTV A CREATE
2022-10-20 00:26:28,923-INFO-SBQu2Rz7oi_0112177546  0
2022-10-20 00:26:29,258-INFO-SBQu2Rz7oi_0112177546  command xml : IPTV B CREATE
2022-10-20 00:26:29,258-INFO-SBQu2Rz7oi_0112177546  0
2022-10-20 00:26:29,575-INFO-kZuQVipi2I_0112888430  command xml : FAB CREATE
2022-10-20 00:26:29,575-INFO-kZuQVipi2I_0112888430  0
2022-10-20 00:26:29,606-INFO-SBQu2Rz7oi_0112177546  command xml : IPTV C CREATE
2022-10-20 00:26:29,606-INFO-SBQu2Rz7oi_0112177546  0
2022-10-20 00:26:29,878-INFO-SBQu2Rz7oi_0112177546  command xml : IPTV D CREATE
2022-10-20 00:26:29,878-INFO-SBQu2Rz7oi_0112177546  0
2022-10-20 00:26:30,733-INFO-kZuQVipi2I_0112888430  command xml : PROFILE CREATE
2022-10-20 00:26:30,733-INFO-kZuQVipi2I_0112888430  0
2022-10-20 00:26:31,097-INFO-kZuQVipi2I_0112888430  command xml : VOICE CREATE
2022-10-20 00:26:31,097-INFO-kZuQVipi2I_0112888430  0
2022-10-20 00:26:31,129-INFO-JNwBftxuT0_0112097477  command xml : DELETE NMS
2022-10-20 00:26:31,129-INFO-JNwBftxuT0_0112097477  0
2022-10-20 00:26:31,144-INFO-SBQu2Rz7oi_0112177546  command xml : CREATE HSS
2022-10-20 00:26:31,144-INFO-SBQu2Rz7oi_0112177546  0
2022-10-20 00:26:31,487-INFO-kZuQVipi2I_0112888430  command xml : BB CREATE
2022-10-20 00:26:31,487-INFO-kZuQVipi2I_0112888430  0
2022-10-20 00:26:31,723-INFO-SsJ0MVYUOj_0112868622  command xml : DELETE NMS
2022-10-20 00:26:31,723-INFO-SsJ0MVYUOj_0112868622  0
2022-10-20 00:26:31,789-INFO-Pzjxehzu8N_0112868623  command xml : FAB CREATE
2022-10-20 00:26:31,789-INFO-Pzjxehzu8N_0112868623  0
2022-10-20 00:26:31,805-INFO-SBQu2Rz7oi_0112177546  command xml : CREATE ENS
2022-10-20 00:26:31,805-INFO-SBQu2Rz7oi_0112177546  0
2022-10-20 00:26:31,805-INFO-kZuQVipi2I_0112888430  command xml : BB USER CREATE
2022-10-20 00:26:31,805-INFO-kZuQVipi2I_0112888430  0
2022-10-20 00:26:32,179-INFO-kZuQVipi2I_0112888430  command xml : IPTV PORT CREATE
2022-10-20 00:26:32,179-INFO-kZuQVipi2I_0112888430  0
2022-10-20 00:26:32,465-INFO-SBQu2Rz7oi_0112177546  command xml : CREATE ATS
2022-10-20 00:26:32,465-INFO-SBQu2Rz7oi_0112177546  0
2022-10-20 00:26:32,512-INFO-kZuQVipi2I_0112888430  command xml : IPTV A CREATE
2022-10-20 00:26:32,512-INFO-kZuQVipi2I_0112888430  0
2022-10-20 00:26:32,719-INFO-Pzjxehzu8N_0112868623  command xml : PROFILE CREATE
2022-10-20 00:26:32,719-INFO-Pzjxehzu8N_0112868623  0
2022-10-20 00:26:32,816-INFO-kZuQVipi2I_0112888430  command xml : IPTV B CREATE
2022-10-20 00:26:32,816-INFO-kZuQVipi2I_0112888430  0
2022-10-20 00:26:33,038-INFO-Pzjxehzu8N_0112868623  command xml : VOICE CREATE
2022-10-20 00:26:33,038-INFO-Pzjxehzu8N_0112868623  0
2022-10-20 00:26:33,151-INFO-kZuQVipi2I_0112888430  command xml : IPTV C CREATE
2022-10-20 00:26:33,151-INFO-kZuQVipi2I_0112888430  0
2022-10-20 00:26:33,373-INFO-Pzjxehzu8N_0112868623  command xml : BB CREATE
2022-10-20 00:26:33,373-INFO-Pzjxehzu8N_0112868623  0
2022-10-20 00:26:33,471-INFO-kZuQVipi2I_0112888430  command xml : IPTV D CREATE
2022-10-20 00:26:33,471-INFO-kZuQVipi2I_0112888430  0
2022-10-20 00:26:33,577-INFO-Wix0dk0ABb_0112870280  command xml : FAB CREATE
2022-10-20 00:26:33,577-INFO-Wix0dk0ABb_0112870280  0
2022-10-20 00:26:33,687-INFO-Pzjxehzu8N_0112868623  command xml : BB USER CREATE
2022-10-20 00:26:33,687-INFO-Pzjxehzu8N_0112868623  0
2022-10-20 00:26:34,047-INFO-Pzjxehzu8N_0112868623  command xml : IPTV PORT CREATE
2022-10-20 00:26:34,047-INFO-Pzjxehzu8N_0112868623  0
2022-10-20 00:26:34,286-INFO-kZuQVipi2I_0112888430  command xml : CREATE HSS
2022-10-20 00:26:34,286-INFO-kZuQVipi2I_0112888430  0
2022-10-20 00:26:34,391-INFO-Wix0dk0ABb_0112870280  command xml : PROFILE CREATE
2022-10-20 00:26:34,391-INFO-Wix0dk0ABb_0112870280  0
2022-10-20 00:26:34,471-INFO-Pzjxehzu8N_0112868623  command xml : IPTV A CREATE
2022-10-20 00:26:34,471-INFO-Pzjxehzu8N_0112868623  0
2022-10-20 00:26:34,709-INFO-Wix0dk0ABb_0112870280  command xml : VOICE CREATE
2022-10-20 00:26:34,709-INFO-Wix0dk0ABb_0112870280  0
2022-10-20 00:26:34,791-INFO-Pzjxehzu8N_0112868623  command xml : IPTV B CREATE
2022-10-20 00:26:34,791-INFO-Pzjxehzu8N_0112868623  0
2022-10-20 00:26:34,904-INFO-kZuQVipi2I_0112888430  command xml : CREATE ENS
2022-10-20 00:26:34,904-INFO-kZuQVipi2I_0112888430  0
2022-10-20 00:26:35,092-INFO-Wix0dk0ABb_0112870280  command xml : BB CREATE
2022-10-20 00:26:35,092-INFO-Wix0dk0ABb_0112870280  0
2022-10-20 00:26:35,182-INFO-Pzjxehzu8N_0112868623  command xml : IPTV C CREATE
2022-10-20 00:26:35,182-INFO-Pzjxehzu8N_0112868623  0
2022-10-20 00:26:35,551-INFO-Pzjxehzu8N_0112868623  command xml : IPTV D CREATE
2022-10-20 00:26:35,551-INFO-Pzjxehzu8N_0112868623  0
2022-10-20 00:26:35,778-INFO-Wix0dk0ABb_0112870280  command xml : BB USER CREATE
2022-10-20 00:26:35,778-INFO-Wix0dk0ABb_0112870280  0
2022-10-20 00:26:35,886-INFO-kZuQVipi2I_0112888430  command xml : CREATE ATS
2022-10-20 00:26:35,886-INFO-kZuQVipi2I_0112888430  0
2022-10-20 00:26:36,118-INFO-Wix0dk0ABb_0112870280  command xml : IPTV PORT CREATE
2022-10-20 00:26:36,118-INFO-Wix0dk0ABb_0112870280  0
2022-10-20 00:26:36,455-INFO-Wix0dk0ABb_0112870280  command xml : IPTV A CREATE
2022-10-20 00:26:36,455-INFO-Wix0dk0ABb_0112870280  0
2022-10-20 00:26:36,618-INFO-Pzjxehzu8N_0112868623  command xml : CREATE HSS
2022-10-20 00:26:36,618-INFO-Pzjxehzu8N_0112868623  0
2022-10-20 00:26:36,712-INFO-JNwBftxuT0_0112097477  command xml : FAB CREATE
2022-10-20 00:26:36,712-INFO-JNwBftxuT0_0112097477  0
2022-10-20 00:26:36,743-INFO-Wix0dk0ABb_0112870280  command xml : IPTV B CREATE
2022-10-20 00:26:36,743-INFO-Wix0dk0ABb_0112870280  0
2022-10-20 00:26:37,111-INFO-Wix0dk0ABb_0112870280  command xml : IPTV C CREATE
2022-10-20 00:26:37,111-INFO-Wix0dk0ABb_0112870280  0
2022-10-20 00:26:37,204-INFO-SsJ0MVYUOj_0112868622  command xml : FAB CREATE
2022-10-20 00:26:37,204-INFO-SsJ0MVYUOj_0112868622  0
2022-10-20 00:26:37,303-INFO-Pzjxehzu8N_0112868623  command xml : CREATE ENS
2022-10-20 00:26:37,303-INFO-Pzjxehzu8N_0112868623  0
2022-10-20 00:26:37,415-INFO-Wix0dk0ABb_0112870280  command xml : IPTV D CREATE
2022-10-20 00:26:37,415-INFO-Wix0dk0ABb_0112870280  0
2022-10-20 00:26:37,550-INFO-JNwBftxuT0_0112097477  command xml : PROFILE CREATE
2022-10-20 00:26:37,550-INFO-JNwBftxuT0_0112097477  0
2022-10-20 00:26:37,930-INFO-JNwBftxuT0_0112097477  command xml : VOICE CREATE
2022-10-20 00:26:37,930-INFO-JNwBftxuT0_0112097477  0
2022-10-20 00:26:38,138-INFO-SsJ0MVYUOj_0112868622  command xml : PROFILE CREATE
2022-10-20 00:26:38,138-INFO-SsJ0MVYUOj_0112868622  0
2022-10-20 00:26:38,185-INFO-Pzjxehzu8N_0112868623  command xml : CREATE ATS
2022-10-20 00:26:38,185-INFO-Pzjxehzu8N_0112868623  0
2022-10-20 00:26:38,316-INFO-JNwBftxuT0_0112097477  command xml : BB CREATE
2022-10-20 00:26:38,316-INFO-JNwBftxuT0_0112097477  0
2022-10-20 00:26:38,400-INFO-Wix0dk0ABb_0112870280  command xml : CREATE HSS
2022-10-20 00:26:38,400-INFO-Wix0dk0ABb_0112870280  0
2022-10-20 00:26:38,500-INFO-SsJ0MVYUOj_0112868622  command xml : VOICE CREATE
2022-10-20 00:26:38,500-INFO-SsJ0MVYUOj_0112868622  0
2022-10-20 00:26:38,739-INFO-JNwBftxuT0_0112097477  command xml : BB USER CREATE
2022-10-20 00:26:38,739-INFO-JNwBftxuT0_0112097477  0
2022-10-20 00:26:38,872-INFO-SsJ0MVYUOj_0112868622  command xml : BB CREATE
2022-10-20 00:26:38,872-INFO-SsJ0MVYUOj_0112868622  0
2022-10-20 00:26:38,985-INFO-Wix0dk0ABb_0112870280  command xml : CREATE ENS
2022-10-20 00:26:38,985-INFO-Wix0dk0ABb_0112870280  0
2022-10-20 00:26:39,115-INFO-JNwBftxuT0_0112097477  command xml : IPTV PORT CREATE
2022-10-20 00:26:39,115-INFO-JNwBftxuT0_0112097477  0
2022-10-20 00:26:39,193-INFO-SsJ0MVYUOj_0112868622  command xml : BB USER CREATE
2022-10-20 00:26:39,193-INFO-SsJ0MVYUOj_0112868622  0
2022-10-20 00:26:39,492-INFO-JNwBftxuT0_0112097477  command xml : IPTV A CREATE
2022-10-20 00:26:39,492-INFO-JNwBftxuT0_0112097477  0
2022-10-20 00:26:39,571-INFO-SsJ0MVYUOj_0112868622  command xml : IPTV PORT CREATE
2022-10-20 00:26:39,571-INFO-SsJ0MVYUOj_0112868622  0
2022-10-20 00:26:39,781-INFO-Wix0dk0ABb_0112870280  command xml : CREATE ATS
2022-10-20 00:26:39,781-INFO-Wix0dk0ABb_0112870280  0
2022-10-20 00:26:39,844-INFO-JNwBftxuT0_0112097477  command xml : IPTV B CREATE
2022-10-20 00:26:39,844-INFO-JNwBftxuT0_0112097477  0
2022-10-20 00:26:39,907-INFO-SsJ0MVYUOj_0112868622  command xml : IPTV A CREATE
2022-10-20 00:26:39,907-INFO-SsJ0MVYUOj_0112868622  0
2022-10-20 00:26:40,179-INFO-SsJ0MVYUOj_0112868622  command xml : IPTV B CREATE
2022-10-20 00:26:40,179-INFO-SsJ0MVYUOj_0112868622  0
2022-10-20 00:26:40,195-INFO-JNwBftxuT0_0112097477  command xml : IPTV C CREATE
2022-10-20 00:26:40,195-INFO-JNwBftxuT0_0112097477  0
2022-10-20 00:26:40,516-INFO-JNwBftxuT0_0112097477  command xml : IPTV D CREATE
2022-10-20 00:26:40,516-INFO-JNwBftxuT0_0112097477  0
2022-10-20 00:26:40,548-INFO-SsJ0MVYUOj_0112868622  command xml : IPTV C CREATE
2022-10-20 00:26:40,548-INFO-SsJ0MVYUOj_0112868622  0
2022-10-20 00:26:40,858-INFO-SsJ0MVYUOj_0112868622  command xml : IPTV D CREATE
2022-10-20 00:26:40,858-INFO-SsJ0MVYUOj_0112868622  0
2022-10-20 00:26:41,578-INFO-JNwBftxuT0_0112097477  command xml : CREATE HSS
2022-10-20 00:26:41,578-INFO-JNwBftxuT0_0112097477  0
2022-10-20 00:26:42,078-INFO-SsJ0MVYUOj_0112868622  command xml : CREATE HSS
2022-10-20 00:26:42,078-INFO-SsJ0MVYUOj_0112868622  0
2022-10-20 00:26:42,826-INFO-JNwBftxuT0_0112097477  command xml : CREATE ENS
2022-10-20 00:26:42,826-INFO-JNwBftxuT0_0112097477  0
2022-10-20 00:26:43,510-INFO-SsJ0MVYUOj_0112868622  command xml : CREATE ENS
2022-10-20 00:26:43,510-INFO-SsJ0MVYUOj_0112868622  0
2022-10-20 00:26:43,838-INFO-JNwBftxuT0_0112097477  command xml : CREATE ATS
2022-10-20 00:26:43,838-INFO-JNwBftxuT0_0112097477  0
2022-10-20 00:26:44,212-INFO-SsJ0MVYUOj_0112868622  command xml : CREATE ATS
2022-10-20 00:26:44,212-INFO-SsJ0MVYUOj_0112868622  0
