2022-10-19 21:15:46,156-INFO-JnQzgK4485_0112177268  HWTC15E407AA
2022-10-19 21:15:46,477-INFO-hhayKbuM9n_0112871802  ZTEGC8E976E8
2022-10-19 21:15:46,626-INFO-xSSueVAqz8_0112177935  HWTCFA6895A6
2022-10-19 21:15:46,755-INFO-YenJsiMROk_0112097477  HWTC10299E9F
2022-10-19 21:15:46,880-INFO-0FTHCxAe6G_0112868622  ZTEGC8E94F0B
2022-10-19 21:15:47,150-INFO-qoICPWlp6q_0112864832  HWTC389FFCA8
2022-10-19 21:15:47,150-INFO-6e5IokCgcM_0112868456  ZTEGC8F63854
2022-10-19 21:15:47,182-INFO-tmTnlOkSqD_0112886084  ZTEGC8E94B71
2022-10-19 21:15:47,323-INFO-R9yBkaS8oP_0112877386  ZTEGC8E9410F
2022-10-19 21:15:47,323-INFO-4Kmjcjaod1_0112187307  HWTC184622AA
2022-10-19 21:15:47,338-INFO-lerNtLFqp3_0112179554  HWTC0477FBA7
2022-10-19 21:15:47,354-INFO-6ZaofdHbYD_0112868425  ZTEGC8F60D7E
2022-10-19 21:15:47,370-INFO-P15im0lMJS_0112888430  ZTEGC8E93EC6
2022-10-19 21:15:47,448-INFO-ptcPXmH7EB_0112868623  ZTEGC1C5493D
2022-10-19 21:15:47,551-INFO-LeotTpUaYS_0112870057  ZTEGC8E03AAE
2022-10-19 21:15:47,582-INFO-xMup3fhz0a_0112870280  ZTEGC084630F
2022-10-19 21:15:47,582-INFO-eBiHGOxTZS_0112177546  HWTCACC04A9F
2022-10-19 21:15:47,613-INFO-3bBrESUceS_0112073206  ZTEGC8E93C08
2022-10-19 21:15:47,875-INFO-k81ImuX4fP_0112884300  ZTEGC8F624C0
2022-10-19 21:15:56,516-INFO-IMvhpQCHlT_0112177935  HWTCFA6895A6
2022-10-19 21:15:56,616-INFO-FxsDej064x_0112179554  HWTC0477FBA7
2022-10-19 21:15:56,795-INFO-P403PIS2BA_0112868622  ZTEGC8E94F0B
2022-10-19 21:15:56,890-INFO-nKW2Wtu8fu_0112177546  HWTCACC04A9F
2022-10-19 21:15:57,117-INFO-joeevl2002_0112187307  HWTC184622AA
2022-10-19 21:15:57,257-INFO-zsvSmoFGRa_0112073206  ZTEGC8E93C08
2022-10-19 21:15:57,384-INFO-Nt8xpR2dTt_0112870057  ZTEGC8E03AAE
2022-10-19 21:15:57,466-INFO-GEwDwzj7kD_0112877386  ZTEGC8E9410F
2022-10-19 21:15:57,466-INFO-FqR883MREh_0112868456  ZTEGC8F63854
2022-10-19 21:15:57,562-INFO-m3UtSpIP2t_0112884300  ZTEGC8F624C0
2022-10-19 21:15:57,687-INFO-uUWl31aR2s_0112871802  ZTEGC8E976E8
2022-10-19 21:15:57,702-INFO-dvnjjoy77j_0112864832  HWTC389FFCA8
2022-10-19 21:15:57,702-INFO-8zKgjSyA6H_0112870280  ZTEGC084630F
2022-10-19 21:15:57,718-INFO-TQxOjx1EkE_0112888430  ZTEGC8E93EC6
2022-10-19 21:15:57,843-INFO-YsNhrbUbLr_0112177268  HWTC15E407AA
2022-10-19 21:15:57,843-INFO-4desByc2Ow_0112886084  ZTEGC8E94B71
2022-10-19 21:15:57,937-INFO-34ymWzxNDp_0112097477  HWTC10299E9F
2022-10-19 21:15:57,953-INFO-62XpPkBmll_0112868425  ZTEGC8F60D7E
2022-10-19 21:15:58,046-INFO-SpCzLvgu2q_0112868623  ZTEGC1C5493D
2022-10-20 00:02:43,447-INFO-yNL6fCyNfS_0112886084  ZTEGC8E94B71
2022-10-20 00:02:43,732-INFO-b3BUcu05Yg_0112073206  ZTEGC8E93C08
2022-10-20 00:02:43,858-INFO-rdDckx4Iu3_0112868623  ZTEGC1C5493D
2022-10-20 00:02:43,858-INFO-yGGFa1r76U_0112871802  ZTEGC8E976E8
2022-10-20 00:02:43,874-INFO-Te6uI3AGmY_0112177935  HWTCFA6895A6
2022-10-20 00:02:43,874-INFO-1uJMSUcHxL_0112179554  HWTC0477FBA7
2022-10-20 00:02:43,925-INFO-6iNsYz717k_0112177268  HWTC15E407AA
2022-10-20 00:02:44,007-INFO-uUdPac41Vq_0112884300  ZTEGC8F624C0
2022-10-20 00:02:44,085-INFO-rseZE2Ay8l_0112868456  ZTEGC8F63854
2022-10-20 00:02:44,215-INFO-K0fI3ZnsOb_0112177546  HWTCACC04A9F
2022-10-20 00:02:44,247-INFO-GEz08OgmoR_0112877386  ZTEGC8E9410F
2022-10-20 00:02:44,247-INFO-DH14xBUh7d_0112097477  HWTC10299E9F
2022-10-20 00:02:44,262-INFO-9Fch3gdWwa_0112868622  ZTEGC8E94F0B
2022-10-20 00:02:44,356-INFO-AUEzivyV9j_0112888430  ZTEGC8E93EC6
2022-10-20 00:02:44,372-INFO-n7lfOsxDr3_0112864832  HWTC389FFCA8
2022-10-20 00:02:44,387-INFO-BY9qGngFDF_0112187307  HWTC184622AA
2022-10-20 00:02:44,465-INFO-0VvsS4PTpX_0112870280  ZTEGC084630F
2022-10-20 00:02:44,580-INFO-Eckr8z1UxU_0112868425  ZTEGC8F60D7E
2022-10-20 00:02:44,611-INFO-5eaSSlBYov_0112870057  ZTEGC8E03AAE
