2023-03-20 11:08:00,450-INFO-'list' object has no attribute 'encode'
2023-03-20 11:08:00,450-INFO-========================================================================================
2023-03-20 11:13:35,760-INFO-FshRCo8t208SXml'list' object has no attribute 'encode'
2023-03-20 11:14:44,244-INFO-E9r3ZTgXIwI9qqv'list' object has no attribute 'encode'
2023-03-20 11:16:09,999-INFO-MZyM1vUI0TqpVfv'list' object has no attribute 'encode'
2023-03-20 11:19:00,520-INFO-X4bvQ5BQKVF8fwS[WinError 10060] A connection attempt failed because the connected party did not properly respond after a period of time, or established connection failed because connected host has failed to respond
2023-03-20 11:40:42,152-INFO-dQIvcckXJ0T4CtP'list' object has no attribute 'encode'
2023-03-20 12:02:27,649-INFO-LHHnk1ca0ZlSmOr'list' object has no attribute 'encode'
2023-03-20 12:14:18,585-INFO-Yqff5GxMJdkd6wN'list' object has no attribute 'encode'
2023-03-20 12:19:03,121-INFO-pLiZURuhANQMezs[WinError 10060] A connection attempt failed because the connected party did not properly respond after a period of time, or established connection failed because connected host has failed to respond
2023-03-20 12:28:54,872-INFO-FBDcz6N7JhkKh6f'list' object has no attribute 'encode'
2023-03-20 13:19:52,451-INFO-j0pzuT67V3buhum'list' object has no attribute 'encode'
2023-03-20 13:20:53,091-INFO-I9TKYm2rQINup5E'list' object has no attribute 'encode'
2023-03-20 13:22:02,617-INFO-83njqcXMHkk3ebF'list' object has no attribute 'encode'
2023-03-20 13:32:22,266-INFO-[Errno 2] No such file or directory: 'mailsig.jpg'
2023-03-20 13:32:22,266-INFO-========================================================================================
2023-03-20 13:37:33,945-INFO-tRuoDBVwjkNY5PO'list' object has no attribute 'encode'
2023-03-20 13:39:07,406-INFO-j0pWkPkFJ6WLdCJ[WinError 10060] A connection attempt failed because the connected party did not properly respond after a period of time, or established connection failed because connected host has failed to respond
2023-03-20 13:39:22,347-INFO-5KIP11jHlw37TsF'list' object has no attribute 'encode'
2023-03-20 13:39:32,761-INFO-Jymv3GLxMaWhjnb'list' object has no attribute 'encode'
2023-03-20 13:40:22,792-INFO-pRHcTp8LriPU2qn[WinError 10060] A connection attempt failed because the connected party did not properly respond after a period of time, or established connection failed because connected host has failed to respond
