2023-04-04 09:14:46,781-INFO-data : {'msisdnNo': '0253123001', 'productId': '1622533232', 'offerName': 'Youtube', 'operationType': 'ADD_OFFERING', 'channelName': 'MY_SLT', 'channelSeq': ''}
2023-04-04 09:14:57,069-INFO-data : {'msisdnNo': '0253123001', 'productId': '1622533232', 'offerName': 'Youtube', 'operationType': 'ADD_OFFERING', 'channelName': 'MY_SLT', 'channelSeq': '1'}
2023-04-04 09:38:03,076-INFO-data : {'msisdnNo': '0253123001', 'productId': '1622533232', 'offerName': 'Youtube', 'operationType': 'ADD_OFFERING', 'channelName': 'MY_SLT', 'channelSeq': '1'}
2023-04-04 09:59:41,272-INFO-data : {'msisdnNo': '0253123001', 'productId': '1622533232', 'offerName': 'Youtube', 'operationType': 'ADD_OFFERING', 'channelName': 'MY_SLT', 'channelSeq': '1'}
2023-04-04 10:28:58,335-INFO-data : {'msisdnNo': '0253123001', 'productId': '1622533232', 'offerName': 'Youtube', 'operationType': 'ADD_OFFERING', 'channelName': 'MY_SLT', 'channelSeq': '1'}
2023-04-04 11:28:19,933-INFO-data : {'msisdnNo': '0253123001', 'productId': '1622533232', 'offerName': 'Youtube', 'operationType': 'ADD_OFFERING', 'channelName': 'MY_SLT', 'channelSeq': '1'}
2023-04-05 06:12:00,142-INFO-data : {'msisdnNo': '0253123001', 'productId': '1622533232', 'offerName': 'Youtube', 'operationType': 'ADD_OFFERING', 'channelName': 'MY_SLT', 'channelSeq': '1'}
2023-04-08 08:29:43,630-INFO-data : {'msisdnNo': '0253123001', 'productId': '1622533232', 'offerName': 'Youtube', 'operationType': 'ADD_OFFERING', 'channelName': 'MY_SLT', 'channelSeq': '1'}
2023-04-11 10:50:43,852-INFO-data : {'msisdnNo': '113493122', 'productId': '526339248', 'offerName': 'SLT_SO_BB_MeetAddon_30D', 'operationType': 'ADD_OFFERING', 'channelName': 'SLT_CRM'}
2023-04-11 10:51:42,993-INFO-data : {'msisdnNo': '113493122', 'productId': '526339248', 'offerName': 'SLT_SO_BB_MeetAddon_30D', 'operationType': 'ADD_OFFERING', 'channelName': 'SLT_CRM', 'channelSeq': 'test'}
2023-04-11 10:52:06,784-INFO-data : {'msisdnNo': '113493122', 'productId': '526339248', 'offerName': 'SLT_SO_BB_MeetAddon_30D', 'operationType': 'ADD_OFFERING', 'channelName': 'SLT_CRM'}
2023-04-11 10:52:55,693-INFO-data : {'msisdnNo': '113493122', 'productId': '526339248', 'offerName': 'SLT_SO_BB_MeetAddon_30D', 'operationType': 'ADD_OFFERING', 'channelName': 'SLT_CRM'}
2023-04-11 10:59:55,952-INFO-data : {'msisdnNo': '113493122', 'productId': '526339248', 'offerName': 'SLT_SO_BB_MeetAddon_30D', 'operationType': 'ADD_OFFERING', 'channelName': 'SLT_CRM'}
2023-04-11 11:05:44,102-INFO-data : {'msisdnNo': '113493122', 'productId': '526339248', 'offerName': 'SLT_SO_BB_MeetAddon_30D', 'operationType': 'ADD_OFFERING', 'channelName': 'SLT_CRM'}
2023-04-11 11:05:57,213-INFO-data : {'msisdnNo': '113493122', 'productId': '526339248', 'offerName': 'SLT_SO_BB_MeetAddon_30D', 'operationType': 'ADD_OFFERING', 'channelName': 'SLT_CRM', 'channelSeq': 'test'}
2023-04-11 11:06:17,391-INFO-data : {'msisdnNo': '113493122', 'productId': '526339248', 'offerName': 'SLT_SO_BB_MeetAddon_30D', 'operationType': 'ADD_OFFERING', 'channelName': 'SLT_CRM', 'channelSeq': {}}
2023-04-11 11:06:46,435-INFO-data : {'msisdnNo': '113493122', 'productId': '526339248', 'offerName': 'SLT_SO_BB_MeetAddon_30D', 'operationType': 'ADD_OFFERING', 'channelName': 'SLT_CRM'}
2023-04-11 11:07:16,206-INFO-data : {'msisdnNo': '113493122', 'productId': '526339248', 'offerName': 'SLT_SO_BB_MeetAddon_30D', 'operationType': 'ADD_OFFERING', 'channelName': 'SLT_CRM'}
2023-04-11 11:22:05,429-INFO-data : {'msisdnNo': '113493122', 'productId': '526339248', 'offerName': 'SLT_SO_BB_MeetAddon_30D', 'operationType': 'DEL_OFFERING', 'channelName': 'SLT_CRM'}
2023-04-11 11:22:31,711-INFO-data : {'msisdnNo': '113493122', 'productId': '526339248', 'offerName': 'SLT_SO_BB_MeetAddon_30D', 'operationType': 'DEL_OFFERING', 'channelName': 'SLT_CRM'}
2023-04-11 14:27:52,366-INFO-data : {'msisdnNo': '0253123001', 'productId': '1622533232', 'offerName': 'Youtube', 'operationType': 'ADD_OFFERING', 'channelName': 'MY_SLT', 'channelSeq': '1'}
2023-04-12 08:32:45,158-INFO-data : {'msisdnNo': '113493122', 'productId': '526339248', 'offerName': 'SLT_SO_BB_MeetAddon_30D', 'operationType': 'DEL_OFFERING', 'channelName': 'SLT_CRM'}
2023-04-12 09:00:01,668-INFO-data : {'msisdnNo': '113493122', 'productId': '526339248', 'offerName': 'SLT_SO_BB_MeetAddon_30D', 'operationType': 'DEL_OFFERING', 'channelName': 'SLT_CRM'}
2023-04-12 10:29:08,380-INFO-data : {'msisdnNo': '94113290890', 'productId': '1940129273', 'offerName': 'YouTube', 'operationType': 'ADD_OFFERING', 'channelName': 'MY_SLT', 'channelSeq': '30122022'}
2023-04-12 10:40:44,585-INFO-data : {'msisdnNo': '94113290890', 'productId': '1940129273', 'offerName': 'YouTube', 'operationType': 'ADD_OFFERING', 'channelName': 'MY_SLT', 'channelSeq': '30122022'}
2023-04-12 13:38:20,138-INFO-data : {'msisdnNo': '113493122', 'productId': '526339248', 'offerName': 'SLT_SO_BB_MeetAddon_30D', 'operationType': 'ADD_OFFERING', 'channelName': 'SLT_CRM', 'channelSeq': '30122022'}
2023-04-12 13:38:36,223-INFO-data : {'msisdnNo': '113493122', 'productId': '526339248', 'offerName': 'SLT_SO_BB_MeetAddon_30D', 'operationType': 'ADD_OFFERING', 'channelName': 'SLT_CRM', 'channelSeq': '30122022'}
2023-04-12 13:38:50,604-INFO-data : {'msisdnNo': '113493122', 'productId': '526339248', 'offerName': 'SLT_SO_BB_MeetAddon_30D', 'operationType': 'ADD_OFFERING', 'channelName': 'SLT_CRM', 'channelSeq': {}}
2023-04-12 13:39:02,630-INFO-data : {'msisdnNo': '113493122', 'productId': '526339248', 'offerName': 'SLT_SO_BB_MeetAddon_30D', 'operationType': 'ADD_OFFERING', 'channelName': 'SLT_CRM'}
2023-04-12 13:39:04,670-INFO-data : {'msisdnNo': '113493122', 'productId': '526339248', 'offerName': 'SLT_SO_BB_MeetAddon_30D', 'operationType': 'ADD_OFFERING', 'channelName': 'SLT_CRM'}
2023-04-12 13:39:04,999-INFO-data : {'msisdnNo': '113493122', 'productId': '526339248', 'offerName': 'SLT_SO_BB_MeetAddon_30D', 'operationType': 'ADD_OFFERING', 'channelName': 'SLT_CRM'}
2023-04-12 13:39:14,156-INFO-data : {'msisdnNo': '113493122', 'productId': '526339248', 'offerName': 'SLT_SO_BB_MeetAddon_30D', 'operationType': 'ADD_OFFERING', 'channelName': 'SLT_CRM'}
2023-04-12 13:39:14,709-INFO-data : {'msisdnNo': '113493122', 'productId': '526339248', 'offerName': 'SLT_SO_BB_MeetAddon_30D', 'operationType': 'ADD_OFFERING', 'channelName': 'SLT_CRM'}
2023-04-12 13:39:15,282-INFO-data : {'msisdnNo': '113493122', 'productId': '526339248', 'offerName': 'SLT_SO_BB_MeetAddon_30D', 'operationType': 'ADD_OFFERING', 'channelName': 'SLT_CRM'}
2023-04-12 14:15:14,888-INFO-data : {'msisdnNo': '113493122', 'productId': '526339248', 'offerName': 'SLT_SO_BB_MeetAddon_30D', 'operationType': 'ADD_OFFERING', 'channelName': 'SLT_CRM'}
2023-04-12 14:15:29,532-INFO-data : {'msisdnNo': '94113290890', 'productId': '1940129273', 'offerName': 'YouTube', 'operationType': 'ADD_OFFERING', 'channelName': 'MY_SLT', 'channelSeq': '30122022'}
2023-04-12 14:15:34,648-INFO-data : {'msisdnNo': '94113290890', 'productId': '1940129273', 'offerName': 'YouTube', 'operationType': 'ADD_OFFERING', 'channelName': 'MY_SLT', 'channelSeq': '30122022'}
2023-04-12 14:18:54,274-INFO-data : {'msisdnNo': '94113290890', 'productId': '1940129273', 'offerName': 'YouTube', 'operationType': 'ADD_OFFERING', 'channelName': 'MY_SLT', 'channelSeq': '30122022'}
2023-04-12 14:18:58,873-INFO-data : {'msisdnNo': '94113290890', 'productId': '1940129273', 'offerName': 'YouTube', 'operationType': 'ADD_OFFERING', 'channelName': 'MY_SLT', 'channelSeq': '30122022'}
2023-04-12 14:36:18,374-INFO-data : {'msisdnNo': '94113290890', 'productId': '1940129273', 'offerName': 'YouTube', 'operationType': 'ADD_OFFERING', 'channelName': 'MY_SLT', 'channelSeq': '30122022'}
2023-04-12 14:36:24,195-INFO-data : {'msisdnNo': '94113290890', 'productId': '1940129273', 'offerName': 'YouTube', 'operationType': 'ADD_OFFERING', 'channelName': 'MY_SLT', 'channelSeq': '30122022'}
2023-04-12 14:36:36,449-INFO-data : {'msisdnNo': '94113290890', 'productId': '1940129273', 'offerName': 'YouTube', 'operationType': 'ADD_OFFERING', 'channelName': 'MY_SLT', 'channelSeq': '30122022'}
2023-04-17 09:10:12,238-INFO-data : {'msisdnNo': '113493122', 'productId': '526339248', 'offerName': 'SLT_SO_BB_MeetAddon_30D', 'operationType': 'ADD_OFFERING', 'channelName': 'SLT_CRM'}
2023-04-17 09:10:23,651-INFO-data : {'msisdnNo': '113493122', 'productId': '526339248', 'offerName': 'SLT_SO_BB_MeetAddon_30D', 'operationType': 'ADD_OFFERING', 'channelName': 'SLT_CRM', 'channelSeq': {}}
2023-04-17 09:10:34,560-INFO-data : {'msisdnNo': '113493122', 'productId': '526339248', 'offerName': 'SLT_SO_BB_MeetAddon_30D', 'operationType': 'ADD_OFFERING', 'channelName': 'SLT_CRM', 'channelSeq': 'test'}
2023-04-17 09:10:42,019-INFO-data : {'msisdnNo': '113493122', 'productId': '526339248', 'offerName': 'SLT_SO_BB_MeetAddon_30D', 'operationType': 'ADD_OFFERING', 'channelName': 'SLT_CRM'}
2023-04-17 09:16:01,092-INFO-data : {'msisdnNo': '113493122', 'productId': '526339248', 'offerName': 'SLT_SO_BB_MeetAddon_30D', 'operationType': 'ADD_OFFERING', 'channelName': 'SLT_CRM'}
2023-04-17 09:16:08,742-INFO-data : {'msisdnNo': '113493122', 'productId': '526339248', 'offerName': 'SLT_SO_BB_MeetAddon_30D', 'operationType': 'ADD_OFFERING', 'channelName': 'SLT_CRM'}
2023-04-18 09:27:53,996-INFO-data : {'msisdnNo': '113493122', 'productId': '526339248', 'offerName': 'SLT_SO_BB_MeetAddon_30D', 'operationType': 'ADD_OFFERING', 'channelName': 'SLT_CRM'}
2023-04-18 10:10:55,551-INFO-data : {'msisdnNo': '113493122', 'productId': '61000012', 'offerName': 'YouTube', 'operationType': 'ADD_OFFERING', 'channelName': 'MY_SLT', 'channelSeq': {}}
2023-04-18 11:19:57,417-INFO-data : {'msisdnNo': '113493122', 'productId': '526339248', 'offerName': 'SLT_SO_BB_MeetAddon_30D', 'operationType': 'ADD_OFFERING', 'channelName': 'SLT_CRM'}
2023-04-18 11:19:59,450-INFO-data : {'msisdnNo': '113493122', 'productId': '526339248', 'offerName': 'SLT_SO_BB_MeetAddon_30D', 'operationType': 'ADD_OFFERING', 'channelName': 'SLT_CRM'}
2023-04-18 11:20:05,841-INFO-data : {'msisdnNo': '113493122', 'productId': '526339248', 'offerName': 'SLT_SO_BB_MeetAddon_30D', 'operationType': 'ADD_OFFERING', 'channelName': 'SLT_CRM', 'channelSeq': 'test'}
2023-04-18 11:20:17,793-INFO-data : {'msisdnNo': '113493122', 'productId': '526339248', 'offerName': 'SLT_SO_BB_MeetAddon_30D', 'operationType': 'ADD_OFFERING', 'channelName': 'SLT_CRM'}
2023-04-18 11:20:24,904-INFO-data : {'msisdnNo': '113493122', 'productId': '526339248', 'offerName': 'SLT_SO_BB_MeetAddon_30D', 'operationType': 'ADD_OFFERING', 'channelName': 'SLT_CRM'}
2023-04-18 11:29:51,630-INFO-data : {'msisdnNo': '113493122', 'productId': '526339248', 'offerName': 'SLT_SO_BB_MeetAddon_30D', 'operationType': 'ADD_OFFERING', 'channelName': 'SLT_CRM'}
2023-04-18 11:29:53,187-INFO-data : {'msisdnNo': '113493122', 'productId': '526339248', 'offerName': 'SLT_SO_BB_MeetAddon_30D', 'operationType': 'ADD_OFFERING', 'channelName': 'SLT_CRM'}
2023-04-18 11:32:44,989-INFO-data : {'msisdnNo': '113493122', 'productId': '526339248', 'offerName': 'SLT_SO_BB_MeetAddon_30D', 'operationType': 'ADD_OFFERING', 'channelName': 'SLT_CRM'}
2023-04-18 13:06:50,890-INFO-data : {'msisdnNo': '113493122', 'productId': '526339248', 'offerName': 'SLT_SO_BB_MeetAddon_30D', 'operationType': 'ADD_OFFERING', 'channelName': 'SLT_CRM'}
2023-04-18 13:06:58,166-INFO-data : {'msisdnNo': '113493122', 'productId': '526339248', 'offerName': 'SLT_SO_BB_MeetAddon_30D', 'operationType': 'ADD_OFFERING', 'channelName': 'SLT_CRM'}
2023-04-18 16:25:59,815-INFO-data : {'msisdnNo': '113493122', 'productId': '61000012', 'offerName': 'YouTube', 'operationType': 'ADD_OFFERING', 'channelName': 'MY_SLT', 'channelSeq': {}}
2023-04-18 16:26:00,624-INFO-data : {'msisdnNo': '113493122', 'productId': '61000012', 'offerName': 'YouTube', 'operationType': 'ADD_OFFERING', 'channelName': 'MY_SLT', 'channelSeq': {}}
2023-04-18 16:40:25,560-INFO-data : {'msisdnNo': '113493122', 'productId': '526339248', 'offerName': 'SLT_SO_BB_MeetAddon_30D', 'operationType': 'ADD_OFFERING', 'channelName': 'SLT_CRM'}
2023-04-18 16:40:31,431-INFO-data : {'msisdnNo': '113493122', 'productId': '526339248', 'offerName': 'SLT_SO_BB_MeetAddon_30D', 'operationType': 'ADD_OFFERING', 'channelName': 'SLT_CRM'}
2023-04-19 10:18:21,899-INFO-data : {'msisdnNo': '113493122', 'productId': '526339248', 'offerName': 'SLT_SO_BB_MeetAddon_30D', 'operationType': 'ADD_OFFERING', 'channelName': 'SLT_CRM'}
2023-04-19 10:18:22,807-INFO-data : {'msisdnNo': '113493122', 'productId': '526339248', 'offerName': 'SLT_SO_BB_MeetAddon_30D', 'operationType': 'ADD_OFFERING', 'channelName': 'SLT_CRM'}
2023-04-19 10:18:23,741-INFO-data : {'msisdnNo': '113493122', 'productId': '526339248', 'offerName': 'SLT_SO_BB_MeetAddon_30D', 'operationType': 'ADD_OFFERING', 'channelName': 'SLT_CRM'}
2023-04-19 10:18:31,457-INFO-data : {'msisdnNo': '113493122', 'productId': '526339248', 'offerName': 'SLT_SO_BB_MeetAddon_30D', 'operationType': 'ADD_OFFERING', 'channelName': 'SLT_CRM'}
2023-04-19 10:49:03,166-INFO-data : {'msisdnNo': '113493122', 'productId': '526339248', 'offerName': 'SLT_SO_BB_MeetAddon_30D', 'operationType': 'ADD_OFFERING', 'channelName': 'SLT_CRM'}
2023-04-20 11:15:28,657-INFO-data : {'ns': 'http://www.soa.com.lk/Add_Del_Offering/', 'msisdnNo': '113493122', 'productId': '61000001', 'offerName': 'LTE-HBB-7D', 'operationType': 'ADD_OFFERING', 'channelName': 'SLT_CRM'}
2023-04-20 11:15:49,095-INFO-data : {'ns': 'http://www.soa.com.lk/Add_Del_Offering/', 'msisdnNo': '113493122', 'productId': '61000011', 'offerName': 'Work & Learn Add-on-30D', 'operationType': 'ADD_OFFERING', 'channelName': 'SLT_CRM'}
2023-04-20 11:25:24,947-INFO-data : {'msisdnNo': '113493122', 'productId': '526339248', 'offerName': 'SLT_SO_BB_MeetAddon_30D', 'operationType': 'ADD_OFFERING', 'channelName': 'SLT_CRM'}
2023-04-20 11:25:38,300-INFO-data : {'ns': 'http://www.soa.com.lk/Add_Del_Offering/', 'msisdnNo': '113493122', 'productId': '61000011', 'offerName': 'Work & Learn Add-on-30D', 'operationType': 'ADD_OFFERING', 'channelName': 'SLT_CRM'}
2023-04-20 11:28:36,878-INFO-data : {'msisdnNo': '113493122', 'productId': '526339248', 'offerName': 'SLT_SO_BB_MeetAddon_30D', 'operationType': 'ADD_OFFERING', 'channelName': 'SLT_CRM'}
2023-04-20 11:29:52,080-INFO-data : {'ns': 'http://www.soa.com.lk/Add_Del_Offering/', 'msisdnNo': '113493122', 'productId': '61000011', 'offerName': 'Work & Learn Add-on-30D', 'operationType': 'ADD_OFFERING', 'channelName': 'SLT_CRM'}
2023-04-20 11:42:11,487-INFO-data : {'msisdnNo': '113493122', 'productId': '61000008', 'offerName': 'Anytime Add-on 5GB-30D', 'operationType': 'ADD_OFFERING', 'channelName': 'SLT_CRM'}
2023-04-20 11:45:37,099-INFO-data : {'msisdnNo': '113493122', 'productId': '61000008', 'offerName': 'Anytime Add-on 5GB – 30 Days', 'operationType': 'ADD_OFFERING', 'channelName': 'SLT_CRM'}
2023-04-20 11:45:38,482-INFO-data : {'msisdnNo': '113493122', 'productId': '61000008', 'offerName': 'Anytime Add-on 5GB – 30 Days', 'operationType': 'ADD_OFFERING', 'channelName': 'SLT_CRM'}
2023-04-20 16:20:32,468-INFO-data : {'msisdnNo': '113493122', 'productId': '61000008', 'offerName': 'Anytime Add-on 5GB – 30 Days', 'operationType': 'ADD_OFFERING', 'channelName': 'SLT_CRM'}
2023-04-20 16:35:40,472-INFO-data : {'msisdnNo': '113493122', 'productId': '61000008', 'offerName': 'Anytime Add-on 5GB – 30 Days', 'operationType': 'ADD_OFFERING', 'channelName': 'SLT_CRM'}
2023-04-20 16:35:56,731-INFO-data : {'msisdnNo': '113493122', 'productId': '61000008', 'offerName': 'Anytime Add-on 5GB – 30 Days', 'operationType': 'ADD_OFFERING', 'channelName': 'SLT_CRM', 'channelSeq': 'test'}
2023-04-20 16:36:01,400-INFO-data : {'msisdnNo': '113493122', 'productId': '61000008', 'offerName': 'Anytime Add-on 5GB – 30 Days', 'operationType': 'ADD_OFFERING', 'channelName': 'SLT_CRM', 'channelSeq': {}}
2023-04-20 16:36:07,068-INFO-data : {'msisdnNo': '113493122', 'productId': '61000008', 'offerName': 'Anytime Add-on 5GB – 30 Days', 'operationType': 'ADD_OFFERING', 'channelName': 'SLT_CRM', 'channelSeq': 'test'}
2023-04-20 16:37:07,748-INFO-data : {'msisdnNo': '113493122', 'productId': '61000008', 'offerName': 'Anytime Add-on 5GB – 30 Days', 'operationType': 'ADD_OFFERING', 'channelName': 'SLT_CRM'}
2023-04-21 08:58:34,522-INFO-data : {'msisdnNo': '113493122', 'productId': '61000008', 'offerName': 'Anytime Add-on 5GB – 30 Days', 'operationType': 'ADD_OFFERING', 'channelName': 'SLT_CRM'}
2023-04-21 08:58:41,378-INFO-data : {'msisdnNo': '113493122', 'productId': '61000008', 'offerName': 'Anytime Add-on 5GB – 30 Days', 'operationType': 'ADD_OFFERING', 'channelName': 'SLT_CRM'}
2023-04-21 09:02:32,098-INFO-data : {'msisdnNo': '113493122', 'productId': '61000008', 'offerName': 'Anytime Add-on 5GB – 30 Days', 'operationType': 'ADD_OFFERING', 'channelName': 'SLT_CRM'}
2023-04-21 09:02:43,560-INFO-data : {'msisdnNo': '113493122', 'productId': '61000008', 'offerName': 'Anytime Add-on 5GB – 30 Days', 'operationType': 'ADD_OFFERING', 'channelName': 'SLT_CRM'}
2023-04-21 09:06:31,566-INFO-data : {'msisdnNo': '113493122', 'productId': '61000008', 'offerName': 'Anytime Add-on 5GB – 30 Days', 'operationType': 'ADD_OFFERING', 'channelName': 'SLT_CRM'}
2023-04-21 14:12:59,532-INFO-data : {'msisdnNo': '113493122', 'productId': '61000008', 'offerName': 'Anytime Add-on 5GB – 30 Days', 'operationType': 'ADD_OFFERING', 'channelName': 'SLT_CRM'}
2023-04-24 08:55:04,463-INFO-data : {'msisdnNo': '113493122', 'productId': '61000008', 'offerName': 'Anytime Add-on 5GB – 30 Days', 'operationType': 'ADD_OFFERING', 'channelName': 'SLT_CRM'}
2023-04-24 08:55:17,424-INFO-data : {'msisdnNo': '113493122', 'productId': '61000008', 'offerName': 'Anytime Add-on 5GB – 30 Days', 'operationType': 'ADD_OFFERING', 'channelName': 'SLT_CRM', 'channelSeq': 'null'}
2023-04-24 08:55:19,264-INFO-data : {'msisdnNo': '113493122', 'productId': '61000008', 'offerName': 'Anytime Add-on 5GB – 30 Days', 'operationType': 'ADD_OFFERING', 'channelName': 'SLT_CRM', 'channelSeq': 'null'}
2023-04-24 08:55:23,106-INFO-data : {'msisdnNo': '113493122', 'productId': '61000008', 'offerName': 'Anytime Add-on 5GB – 30 Days', 'operationType': 'ADD_OFFERING', 'channelName': 'SLT_CRM', 'channelSeq': 'null'}
2023-04-24 08:56:26,977-INFO-data : {'msisdnNo': '113493122', 'productId': '61000008', 'offerName': 'Anytime Add-on 5GB – 30 Days', 'operationType': 'ADD_OFFERING', 'channelName': 'SLT_CRM', 'channelSeq': 'null'}
2023-04-24 09:24:57,986-INFO-data : {'msisdnNo': '113493122', 'productId': '61000008', 'offerName': 'Anytime Add-on 5GB – 30 Days', 'operationType': 'ADD_OFFERING', 'channelName': 'SLT_CRM'}
2023-04-24 09:43:14,905-INFO-data : {'msisdnNo': '113493122', 'productId': '61000008', 'offerName': 'Anytime Add-on 5GB – 30 Days', 'operationType': 'ADD_OFFERING', 'channelName': 'SLT_CRM', 'channelSeq': 'null'}
2023-04-24 09:43:30,180-INFO-data : {'msisdnNo': '113493122', 'productId': '61000008', 'offerName': 'Anytime Add-on 5GB – 30 Days', 'operationType': 'ADD_OFFERING', 'channelName': 'SLT_CRM'}
2023-04-24 09:43:31,951-INFO-data : {'msisdnNo': '113493122', 'productId': '61000008', 'offerName': 'Anytime Add-on 5GB – 30 Days', 'operationType': 'ADD_OFFERING', 'channelName': 'SLT_CRM'}
2023-04-24 11:23:11,941-INFO-data : {'msisdnNo': '113493122', 'productId': '61000008', 'offerName': 'Anytime Add-on 5GB – 30 Days', 'operationType': 'ADD_OFFERING', 'channelName': 'SLT_CRM', 'channelSeq': 'null'}
2023-04-24 11:23:17,143-INFO-data : {'msisdnNo': '113493122', 'productId': '61000008', 'offerName': 'Anytime Add-on 5GB – 30 Days', 'operationType': 'ADD_OFFERING', 'channelName': 'SLT_CRM', 'channelSeq': 'null'}
2023-04-25 13:58:29,935-INFO-data : {'ns': 'http://www.soa.com.lk/Add_Del_Offering/', 'msisdnNo': '113493122', 'productId': '61000001', 'offerName': 'LTE-HBB-7D', 'operationType': 'ADD_OFFERING', 'channelName': 'SLT_CRM'}
2023-04-25 13:58:37,168-INFO-data : {'ns': 'http://www.soa.com.lk/Add_Del_Offering/', 'msisdnNo': '113493122', 'productId': '61000006', 'offerName': 'LTE-HBBV-30D', 'operationType': 'ADD_OFFERING', 'channelName': 'SLT_CRM'}
2023-04-25 13:59:33,770-INFO-data : {'ns': 'http://www.soa.com.lk/Add_Del_Offering/', 'msisdnNo': '113493122', 'productId': '61000011', 'offerName': 'Work & Learn Add-on-30D', 'operationType': 'ADD_OFFERING', 'channelName': 'SLT_CRM'}
2023-04-26 08:41:20,848-INFO-data : {'msisdnNo': '113493122', 'productId': '61000008', 'offerName': 'Anytime Add-on 5GB – 30 Days', 'operationType': 'ADD_OFFERING', 'channelName': 'SLT_CRM'}
2023-04-26 08:41:42,315-INFO-data : {'msisdnNo': '113493122', 'productId': '61000008', 'offerName': 'Anytime Add-on 5GB – 30 Days', 'operationType': 'ADD_OFFERING', 'channelName': 'SLT_CRM', 'channelSeq': 'test'}
2023-04-26 08:41:46,641-INFO-data : {'msisdnNo': '113493122', 'productId': '61000008', 'offerName': 'Anytime Add-on 5GB – 30 Days', 'operationType': 'ADD_OFFERING', 'channelName': 'SLT_CRM', 'channelSeq': {}}
2023-04-26 08:42:17,444-INFO-data : {'msisdnNo': '113493122', 'productId': '61000008', 'offerName': 'Anytime Add-on 5GB – 30 Days', 'operationType': 'ADD_OFFERING', 'channelName': 'SLT_CRM', 'channelSeq': {}}
2023-04-26 08:44:16,159-INFO-data : {'msisdnNo': '113493122', 'productId': '61000008', 'offerName': 'Anytime Add-on 5GB – 30 Days', 'operationType': 'ADD_OFFERING', 'channelName': 'SLT_CRM', 'channelSeq': 'test'}
2023-04-26 08:45:53,940-INFO-data : {'msisdnNo': '113493122', 'productId': '61000008', 'offerName': 'SLT_Pre_SO_BB_Anytime_Add_on_5GB_30D', 'operationType': 'DEL_OFFERING', 'channelName': 'SLT_CRM', 'channelSeq': 'test'}
2023-04-26 08:46:32,882-INFO-data : {'ns': 'http://www.soa.com.lk/Add_Del_Offering/', 'msisdnNo': '113493122', 'productId': '61000001', 'offerName': 'LTE-HBB-7D', 'operationType': 'ADD_OFFERING', 'channelName': 'SLT_CRM'}
2023-04-26 08:52:53,825-INFO-data : {'ns': 'http://www.soa.com.lk/Add_Del_Offering/', 'msisdnNo': '113493122', 'productId': '61000001', 'offerName': 'LTE-HBB-7D', 'operationType': 'ADD_OFFERING', 'channelName': 'SLT_CRM'}
2023-04-26 09:04:14,246-INFO-data : {'msisdnNo': '113493122', 'productId': '61000008', 'offerName': 'SLT_Pre_SO_BB_Anytime_Add_on_5GB_30D', 'operationType': 'DEL_OFFERING', 'channelName': 'SLT_CRM', 'channelSeq': 'test'}
2023-04-26 09:04:18,651-INFO-data : {'msisdnNo': '113493122', 'productId': '61000008', 'offerName': 'SLT_Pre_SO_BB_Anytime_Add_on_5GB_30D', 'operationType': 'DEL_OFFERING', 'channelName': 'SLT_CRM', 'channelSeq': 'test'}
2023-04-26 09:04:25,883-INFO-data : {'msisdnNo': '113493122', 'productId': '61000008', 'offerName': 'SLT_Pre_SO_BB_Anytime_Add_on_5GB_30D', 'operationType': 'ADD_OFFERING', 'channelName': 'SLT_CRM', 'channelSeq': 'test'}
2023-04-26 09:04:32,517-INFO-data : {'msisdnNo': '113493122', 'productId': '61000008', 'offerName': 'SLT_Pre_SO_BB_Anytime_Add_on_5GB_30D', 'operationType': 'DEL_OFFERING', 'channelName': 'SLT_CRM', 'channelSeq': 'test'}
2023-04-26 09:04:45,763-INFO-data : {'msisdnNo': '113493122', 'productId': '61000008', 'offerName': 'SLT_Pre_SO_BB_Anytime_Add_on_5GB_30D', 'operationType': 'ADD_OFFERING', 'channelName': 'SLT_CRM', 'channelSeq': 'test'}
2023-04-26 09:07:39,603-INFO-data : {'msisdnNo': '113493122', 'productId': '61000008', 'offerName': 'SLT_Pre_SO_BB_Anytime_Add_on_5GB_30D', 'operationType': 'ADD_OFFERING', 'channelName': 'SLT_CRM', 'channelSeq': 'test'}
2023-04-26 09:08:01,585-INFO-data : {'msisdnNo': '113493122', 'productId': '61000008', 'offerName': 'SLT_Pre_SO_BB_Anytime_Add_on_5GB_30D', 'operationType': 'ADD_OFFERING', 'channelName': 'SLT_CRM', 'channelSeq': 'test'}
2023-04-26 09:08:08,133-INFO-data : {'msisdnNo': '113493122', 'productId': '61000008', 'offerName': 'SLT_Pre_SO_BB_Anytime_Add_on_5GB_30D', 'operationType': 'ADD_OFFERING', 'channelName': 'SLT_CRM', 'channelSeq': 'test'}
2023-04-26 09:10:24,957-INFO-data : {'msisdnNo': '113493122', 'productId': '61000008', 'offerName': 'SLT_Pre_SO_BB_Anytime_Add_on_5GB_30D', 'operationType': 'ADD_OFFERING', 'channelName': 'SLT_CRM', 'channelSeq': 'test'}
2023-04-26 09:10:25,864-INFO-data : {'msisdnNo': '113493122', 'productId': '61000008', 'offerName': 'SLT_Pre_SO_BB_Anytime_Add_on_5GB_30D', 'operationType': 'ADD_OFFERING', 'channelName': 'SLT_CRM', 'channelSeq': 'test'}
2023-04-26 09:20:25,050-INFO-data : {'ns': 'http://www.soa.com.lk/Add_Del_Offering/', 'msisdnNo': '113493122', 'productId': '61000006', 'offerName': 'LTE-HBBV-30D', 'operationType': 'ADD_OFFERING', 'channelName': 'SLT_CRM'}
2023-04-26 09:28:52,615-INFO-data : {'msisdnNo': '113493122', 'productId': '61000008', 'offerName': 'SLT_Pre_SO_BB_Anytime_Add_on_5GB_30D', 'operationType': 'ADD_OFFERING', 'channelName': 'SLT_CRM', 'channelSeq': 'test'}
2023-04-26 09:29:02,397-INFO-data : {'msisdnNo': '113493122', 'productId': '61000008', 'offerName': 'SLT_Pre_SO_BB_Anytime_Add_on_5GB_30D', 'operationType': 'ADD_OFFERING', 'channelName': 'SLT_CRM'}
2023-04-26 09:36:23,469-INFO-data : {'msisdnNo': '113493122', 'productId': '61000008', 'offerName': 'SLT_Pre_SO_BB_Anytime_Add_on_5GB_30D', 'operationType': 'ADD_OFFERING', 'channelName': 'SLT_CRM'}
2023-04-26 09:38:22,722-INFO-data : {'msisdnNo': '113493122', 'productId': '61000008', 'offerName': 'SLT_Pre_SO_BB_Anytime_Add_on_5GB_30D', 'operationType': 'ADD_OFFERING', 'channelName': 'SLT_CRM'}
2023-04-26 09:39:55,190-INFO-data : {'msisdnNo': '113493122', 'productId': '61000008', 'offerName': 'SLT_Pre_SO_BB_Anytime_Add_on_5GB_30D', 'operationType': 'ADD_OFFERING', 'channelName': 'SLT_CRM'}
2023-04-26 09:40:20,702-INFO-data : {'msisdnNo': '113493122', 'productId': '61000008', 'offerName': 'SLT_Pre_SO_BB_Anytime_Add_on_5GB_30D', 'operationType': 'ADD_OFFERING', 'channelName': 'SLT_CRM'}
2023-04-26 09:54:17,430-INFO-data : {'msisdnNo': '113493122', 'productId': '61000008', 'offerName': 'SLT_Pre_SO_BB_Anytime_Add_on_5GB_30D', 'operationType': 'DEL_OFFERING', 'channelName': 'SLT_CRM'}
2023-04-26 09:54:29,414-INFO-data : {'msisdnNo': '113493122', 'productId': '61000008', 'offerName': 'SLT_Pre_SO_BB_Anytime_Add_on_5GB_30D', 'operationType': 'DEL_OFFERING', 'channelName': 'SLT_CRM', 'channelSeq': 'test'}
2023-04-26 13:54:31,566-INFO-data : {'ns': 'http://www.soa.com.lk/Add_Del_Offering/', 'msisdnNo': '113493122', 'productId': '61000011', 'offerName': 'Work & Learn Add-on-30D', 'operationType': 'ADD_OFFERING', 'channelName': 'SLT_CRM'}
2023-04-26 13:55:37,429-INFO-data : {'ns': 'http://www.soa.com.lk/Add_Del_Offering/', 'msisdnNo': '113493122', 'productId': '61000001', 'offerName': 'LTE-HBB-7D', 'operationType': 'ADD_OFFERING', 'channelName': 'SLT_CRM'}
2023-04-26 14:23:52,687-INFO-data : {'ns': 'http://www.soa.com.lk/Add_Del_Offering/', 'msisdnNo': '113493122', 'productId': '61000001', 'offerName': 'LTE-HBB-7D', 'operationType': 'ADD_OFFERING', 'channelName': 'SLT_CRM'}
2023-04-26 14:24:08,021-INFO-data : {'ns': 'http://www.soa.com.lk/Add_Del_Offering/', 'msisdnNo': '113493122', 'productId': '61000011', 'offerName': 'Work & Learn Add-on-30D', 'operationType': 'ADD_OFFERING', 'channelName': 'SLT_CRM'}
2023-04-27 13:54:33,034-INFO-data : {'ns': 'http://www.soa.com.lk/Add_Del_Offering/', 'msisdnNo': '113493122', 'productId': '61000001', 'offerName': 'LTE-HBB-7D', 'operationType': 'ADD_OFFERING', 'channelName': 'SLT_CRM'}
