2022-10-19 20:21:00,737-INFO-mNEdhriOfG_0112889229  ZTEGC084A4F9
2022-10-19 20:21:01,164-INFO-j9XbyKBdWz_0112861757  HWTC0FC9059F
2022-10-19 20:21:01,483-INFO-0rDZEpcmQu_0112889802  ZTEGC084ABF2
2022-10-19 20:21:01,577-INFO-u3Bk6tIE6z_0112877006  ZTEGC1DDFA02
2022-10-19 20:21:01,741-INFO-fJSGakYSNT_0112864494  ZTEGC084ABE1
2022-10-19 20:21:01,917-INFO-0Kcpf5LLbH_0112884865  HWTC1031CA9F
2022-10-19 20:21:02,028-INFO-H9NEIlIRe8_0112871837  ZTEGC1DD8EA2
2022-10-19 20:21:02,028-INFO-1qruppZAmD_0112889333  ZTEGC084A06C
2022-10-19 20:21:02,138-INFO-uttUQj8CIl_0112875999  HWTC9369069E
2022-10-19 20:21:02,153-INFO-Ycu8k9h4uZ_0112864000  ZTEGCB183035
2022-10-19 20:21:02,169-INFO-QzX2B4uEhu_0112864344  ZTEGCF289EB1
2022-10-19 20:21:02,247-INFO-mSr9cGtAKM_0112864414  HWTC15DB5EAA
2022-10-19 20:21:02,403-INFO-awkSp8LzgV_0112889801  ZTEGCB182EC1
2022-10-19 20:21:02,419-INFO-ro8sbUbBaG_0112866767  ZTEGC1DD8EAE
2022-10-19 20:21:05,378-INFO-hGiWDOYvTE_0112864000  ZTEGCB183035
2022-10-19 20:21:05,580-INFO-4dNDFUbw0N_0112866767  ZTEGC1DD8EAE
2022-10-19 20:21:05,596-INFO-IsxM0LWN0i_0112889802  ZTEGC084ABF2
2022-10-19 20:21:05,997-INFO-LBKARYNYQ9_0112871837  ZTEGC1DD8EA2
2022-10-19 20:21:05,997-INFO-ulbTUAWQX0_0112864494  ZTEGC084ABE1
2022-10-19 20:21:06,254-INFO-kflZI7q1Y7_0112884865  HWTC1031CA9F
2022-10-19 20:21:06,285-INFO-QthuzRZ1zi_0112877006  ZTEGC1DDFA02
2022-10-19 20:21:06,285-INFO-2oVcx6bSAX_0112864414  HWTC15DB5EAA
2022-10-19 20:21:06,482-INFO-3gXYV6SA12_0112861757  HWTC0FC9059F
2022-10-19 20:21:06,547-INFO-PdvlOhQ3xt_0112889229  ZTEGC084A4F9
2022-10-19 20:21:06,563-INFO-doMgW5LIDD_0112864344  ZTEGCF289EB1
2022-10-19 20:21:06,628-INFO-sF3yTU7bgM_0112889333  ZTEGC084A06C
2022-10-19 20:21:06,644-INFO-4Ed0KoOIeK_0112875999  HWTC9369069E
2022-10-19 20:21:06,878-INFO-HUipnKfWRV_0112889801  ZTEGCB182EC1
2022-10-19 21:11:55,697-INFO-Ikg4isYbwB_0112889802  ZTEGC084ABF2
2022-10-19 21:11:56,401-INFO-PASbIAWm6K_0112864000  ZTEGCB183035
2022-10-19 21:11:56,634-INFO-FzNOi3pmSl_0112866767  ZTEGC1DD8EAE
2022-10-19 21:11:56,971-INFO-WLUcUiUleL_0112875999  HWTC9369069E
2022-10-19 21:11:57,082-INFO-jlkjG1iLnw_0112884865  HWTC1031CA9F
2022-10-19 21:11:57,082-INFO-TFaIt5tY3W_0112861757  HWTC0FC9059F
2022-10-19 21:11:57,098-INFO-dvA0jhyTtH_0112877006  ZTEGC1DDFA02
2022-10-19 21:11:57,193-INFO-89f8ouYJ1b_0112889333  ZTEGC084A06C
2022-10-19 21:11:57,271-INFO-TeIJ4y8fDH_0112889801  ZTEGCB182EC1
2022-10-19 21:11:57,271-INFO-00g815SMoP_0112871837  ZTEGC1DD8EA2
2022-10-19 21:11:57,286-INFO-OiRDXu25es_0112864494  ZTEGC084ABE1
2022-10-19 21:11:57,295-INFO-VMZVTCJHPN_0112864344  ZTEGCF289EB1
2022-10-19 21:11:57,373-INFO-EBPFZX38XC_0112889229  ZTEGC084A4F9
2022-10-19 21:11:57,499-INFO-OhXBX82yoZ_0112864414  HWTC15DB5EAA
2022-10-19 21:12:05,678-INFO-hfLPrya3fs_0112884865  HWTC1031CA9F
2022-10-19 21:12:05,678-INFO-4g8TTkrjcC_0112889229  ZTEGC084A4F9
2022-10-19 21:12:05,970-INFO-ERoXNzhXaY_0112864344  ZTEGCF289EB1
2022-10-19 21:12:05,970-INFO-OkCc3cTv51_0112875999  HWTC9369069E
2022-10-19 21:12:06,064-INFO-VkOWZbSOjl_0112861757  HWTC0FC9059F
2022-10-19 21:12:06,187-INFO-Up679pCUVA_0112889802  ZTEGC084ABF2
2022-10-19 21:12:06,202-INFO-DpRIwcBC2T_0112889801  ZTEGCB182EC1
2022-10-19 21:12:06,312-INFO-NJf74eoPr7_0112889333  ZTEGC084A06C
2022-10-19 21:12:06,312-INFO-yZ8KT3ubMS_0112864494  ZTEGC084ABE1
2022-10-19 21:12:06,363-INFO-476lKUIrbW_0112871837  ZTEGC1DD8EA2
2022-10-19 21:12:06,708-INFO-gJOKxiveNR_0112864414  HWTC15DB5EAA
2022-10-19 21:12:06,708-INFO-94AatoY3c2_0112864000  ZTEGCB183035
2022-10-19 21:12:06,865-INFO-K16SgEeciB_0112877006  ZTEGC1DDFA02
2022-10-19 21:12:06,943-INFO-ryEfKBYqYx_0112866767  ZTEGC1DD8EAE
2022-10-19 22:16:14,915-INFO-rgCUcVEhSU_0112889229  ZTEGC084A4F9
2022-10-19 22:16:14,946-INFO-UNdowbDxRQ_0112889802  ZTEGC084ABF2
2022-10-19 22:16:15,318-INFO-4IbWnmjnTD_0112864000  ZTEGCB183035
2022-10-19 22:16:15,381-INFO-VtmutuVO5C_0112871837  ZTEGC1DD8EA2
2022-10-19 22:16:15,552-INFO-lbICXSUleS_0112866767  ZTEGC1DD8EAE
2022-10-19 22:16:15,724-INFO-RcU2c59x1q_0112864414  HWTC15DB5EAA
2022-10-19 22:16:15,724-INFO-3suiZgqIpe_0112889333  ZTEGC084A06C
2022-10-19 22:16:15,818-INFO-vLP3bNYI2e_0112875999  HWTC9369069E
2022-10-19 22:16:15,849-INFO-bJI4lj4ghg_0112877006  ZTEGC1DDFA02
2022-10-19 22:16:15,949-INFO-vANIUT4Ybp_0112861757  HWTC0FC9059F
2022-10-19 22:16:15,965-INFO-B7SQOfMVYJ_0112884865  HWTC1031CA9F
2022-10-19 22:16:15,965-INFO-lxS8KPw73B_0112864494  ZTEGC084ABE1
2022-10-19 22:16:16,059-INFO-BhnD2YZ2Jr_0112889801  ZTEGC0848D80
2022-10-19 22:16:16,167-INFO-daBp2Bw7Ij_0112864344  ZTEGCF289EB1
2022-10-19 22:16:18,352-INFO-toqE2ZfkbT_0112889229  ZTEGC084A4F9
2022-10-19 22:16:18,892-INFO-XBtBbIix2W_0112864000  ZTEGCB183035
2022-10-19 22:16:19,064-INFO-fnsvMwrLWQ_0112889802  ZTEGC084ABF2
2022-10-19 22:16:19,064-INFO-GV6YV1FCqa_0112871837  ZTEGC1DD8EA2
2022-10-19 22:16:19,149-INFO-c3mFUNZY9s_0112866767  ZTEGC1DD8EAE
2022-10-19 22:16:19,324-INFO-j6PQ34YFFY_0112864414  HWTC15DB5EAA
2022-10-19 22:16:19,584-INFO-tDez3uRrBV_0112864494  ZTEGC084ABE1
2022-10-19 22:16:19,584-INFO-YJyiazX1rR_0112884865  HWTC1031CA9F
2022-10-19 22:16:19,662-INFO-QzeE5aYc4E_0112877006  ZTEGC1DDFA02
2022-10-19 22:16:19,662-INFO-OGi78luv18_0112889333  ZTEGC084A06C
2022-10-19 22:16:19,662-INFO-WeGQRmpowd_0112861757  HWTC0FC9059F
2022-10-19 22:16:19,756-INFO-Ow4x0zhqHZ_0112875999  HWTC9369069E
2022-10-19 22:16:19,809-INFO-4vUdaaVCUa_0112864344  ZTEGCF289EB1
2022-10-19 22:16:19,986-INFO-1Vm9kq3djj_0112889801  ZTEGC0848D80
