2022-10-19 22:59:01,727-INFO-nZw17xmLwA_0112889229  command xml : lst_vlan.xml - VOICE
2022-10-19 22:59:01,727-INFO-nZw17xmLwA_0112889229  {'VOBB': '660'}
2022-10-19 22:59:01,861-INFO-KXO9NCMCzx_0112864000  command xml : lst_vlan.xml - VOICE
2022-10-19 22:59:01,861-INFO-KXO9NCMCzx_0112864000  {'VOBB': '660'}
2022-10-19 22:59:01,861-INFO-fTz9QuzR9Q_0112864494  command xml : lst_vlan.xml - VOICE
2022-10-19 22:59:01,861-INFO-fTz9QuzR9Q_0112864494  {'VOBB': '660'}
2022-10-19 22:59:01,892-INFO-ZDXhIHU2jk_0112877006  command xml : lst_vlan.xml - VOICE
2022-10-19 22:59:01,892-INFO-ZDXhIHU2jk_0112877006  {'VOBB': '660'}
2022-10-19 22:59:01,892-INFO-2H9i66uuNI_0112861757  command xml : lst_vlan.xml - VOICE
2022-10-19 22:59:01,892-INFO-2H9i66uuNI_0112861757  {'VOBB': '660'}
2022-10-19 22:59:01,970-INFO-nZw17xmLwA_0112889229  command xml : lst_vlan.xml - BB
2022-10-19 22:59:01,970-INFO-nZw17xmLwA_0112889229  {'EVLAN': '1000', 'SVLAN': '1540'}
2022-10-19 22:59:02,002-INFO-SziS6RgmHZ_0112875999  command xml : lst_vlan.xml - VOICE
2022-10-19 22:59:02,002-INFO-SziS6RgmHZ_0112875999  {'VOBB': '660'}
2022-10-19 22:59:02,033-INFO-fTz9QuzR9Q_0112864494  command xml : lst_vlan.xml - BB
2022-10-19 22:59:02,033-INFO-fTz9QuzR9Q_0112864494  {'EVLAN': '1000', 'SVLAN': '1540'}
2022-10-19 22:59:02,127-INFO-ZDXhIHU2jk_0112877006  command xml : lst_vlan.xml - BB
2022-10-19 22:59:02,127-INFO-ZDXhIHU2jk_0112877006  {'EVLAN': '1000', 'SVLAN': '1540'}
2022-10-19 22:59:02,142-INFO-2H9i66uuNI_0112861757  command xml : lst_vlan.xml - BB
2022-10-19 22:59:02,142-INFO-2H9i66uuNI_0112861757  {'EVLAN': '1000', 'SVLAN': '1540'}
2022-10-19 22:59:02,142-INFO-KXO9NCMCzx_0112864000  command xml : lst_vlan.xml - BB
2022-10-19 22:59:02,142-INFO-KXO9NCMCzx_0112864000  {'EVLAN': '1000', 'SVLAN': '1540'}
2022-10-19 22:59:02,158-INFO-nZw17xmLwA_0112889229  command xml : lst_vlan.xml - IPTV
2022-10-19 22:59:02,158-INFO-nZw17xmLwA_0112889229  {'IPSV': '1640', 'IPTVLAN': '2000'}
2022-10-19 22:59:02,215-INFO-SziS6RgmHZ_0112875999  command xml : lst_vlan.xml - BB
2022-10-19 22:59:02,215-INFO-SziS6RgmHZ_0112875999  {'EVLAN': '1000', 'SVLAN': '1540'}
2022-10-19 22:59:02,230-INFO-DOQyS9Wq5X_0112884865  command xml : lst_vlan.xml - VOICE
2022-10-19 22:59:02,230-INFO-DOQyS9Wq5X_0112884865  {'VOBB': '660'}
2022-10-19 22:59:02,230-INFO-ZH462FOAo5_0112871837  command xml : lst_vlan.xml - VOICE
2022-10-19 22:59:02,230-INFO-ZH462FOAo5_0112871837  {'VOBB': '660'}
2022-10-19 22:59:02,355-INFO-eShUF228Mt_0112889802  command xml : lst_vlan.xml - VOICE
2022-10-19 22:59:02,355-INFO-eShUF228Mt_0112889802  {'VOBB': '660'}
2022-10-19 22:59:02,355-INFO-fTz9QuzR9Q_0112864494  command xml : lst_vlan.xml - IPTV
2022-10-19 22:59:02,355-INFO-fTz9QuzR9Q_0112864494  {'IPSV': '1640', 'IPTVLAN': '2000'}
2022-10-19 22:59:02,355-INFO-KXO9NCMCzx_0112864000  command xml : lst_vlan.xml - IPTV
2022-10-19 22:59:02,355-INFO-KXO9NCMCzx_0112864000  {'IPSV': '1640', 'IPTVLAN': '2000'}
2022-10-19 22:59:02,371-INFO-ZDXhIHU2jk_0112877006  command xml : lst_vlan.xml - IPTV
2022-10-19 22:59:02,371-INFO-ZDXhIHU2jk_0112877006  {'IPSV': '1640', 'IPTVLAN': '2000'}
2022-10-19 22:59:02,371-INFO-t7OTW1EbqM_0112889333  command xml : lst_vlan.xml - VOICE
2022-10-19 22:59:02,371-INFO-t7OTW1EbqM_0112889333  {'VOBB': '660'}
2022-10-19 22:59:02,427-INFO-ZH462FOAo5_0112871837  command xml : lst_vlan.xml - BB
2022-10-19 22:59:02,427-INFO-ZH462FOAo5_0112871837  {'EVLAN': '1000', 'SVLAN': '1540'}
2022-10-19 22:59:02,427-INFO-DOQyS9Wq5X_0112884865  command xml : lst_vlan.xml - BB
2022-10-19 22:59:02,427-INFO-DOQyS9Wq5X_0112884865  {'EVLAN': '1000', 'SVLAN': '1540'}
2022-10-19 22:59:02,443-INFO-SziS6RgmHZ_0112875999  command xml : lst_vlan.xml - IPTV
2022-10-19 22:59:02,443-INFO-SziS6RgmHZ_0112875999  {'IPSV': '1640', 'IPTVLAN': '2000'}
2022-10-19 22:59:02,522-INFO-2H9i66uuNI_0112861757  command xml : lst_vlan.xml - IPTV
2022-10-19 22:59:02,522-INFO-2H9i66uuNI_0112861757  {'IPSV': '1640', 'IPTVLAN': '2000'}
2022-10-19 22:59:02,542-INFO-eShUF228Mt_0112889802  command xml : lst_vlan.xml - BB
2022-10-19 22:59:02,542-INFO-eShUF228Mt_0112889802  {'EVLAN': '1000', 'SVLAN': '1540'}
2022-10-19 22:59:02,557-INFO-t7OTW1EbqM_0112889333  command xml : lst_vlan.xml - BB
2022-10-19 22:59:02,558-INFO-t7OTW1EbqM_0112889333  {'EVLAN': '1000', 'SVLAN': '1540'}
2022-10-19 22:59:02,578-INFO-ZH462FOAo5_0112871837  command xml : lst_vlan.xml - IPTV
2022-10-19 22:59:02,578-INFO-ZH462FOAo5_0112871837  {'IPSV': '1640', 'IPTVLAN': '2000'}
2022-10-19 22:59:02,594-INFO-DOQyS9Wq5X_0112884865  command xml : lst_vlan.xml - IPTV
2022-10-19 22:59:02,594-INFO-DOQyS9Wq5X_0112884865  {'IPSV': '1640', 'IPTVLAN': '2000'}
2022-10-19 22:59:02,698-INFO-eShUF228Mt_0112889802  command xml : lst_vlan.xml - IPTV
2022-10-19 22:59:02,698-INFO-eShUF228Mt_0112889802  {'IPSV': '1640', 'IPTVLAN': '2000'}
2022-10-19 22:59:02,760-INFO-t7OTW1EbqM_0112889333  command xml : lst_vlan.xml - IPTV
2022-10-19 22:59:02,760-INFO-t7OTW1EbqM_0112889333  {'IPSV': '1640', 'IPTVLAN': '2000'}
2022-10-19 22:59:03,473-INFO-nZw17xmLwA_0112889229  command xml : DELETE IMS
2022-10-19 22:59:03,473-INFO-nZw17xmLwA_0112889229  0
2022-10-19 22:59:04,402-INFO-fTz9QuzR9Q_0112864494  command xml : DELETE IMS
2022-10-19 22:59:04,402-INFO-fTz9QuzR9Q_0112864494  0
2022-10-19 22:59:04,724-INFO-ZDXhIHU2jk_0112877006  command xml : DELETE IMS
2022-10-19 22:59:04,724-INFO-ZDXhIHU2jk_0112877006  0
2022-10-19 22:59:04,833-INFO-SziS6RgmHZ_0112875999  command xml : DELETE IMS
2022-10-19 22:59:04,833-INFO-SziS6RgmHZ_0112875999  0
2022-10-19 22:59:04,849-INFO-KXO9NCMCzx_0112864000  command xml : DELETE IMS
2022-10-19 22:59:04,849-INFO-KXO9NCMCzx_0112864000  0
2022-10-19 22:59:05,264-INFO-2H9i66uuNI_0112861757  command xml : DELETE IMS
2022-10-19 22:59:05,264-INFO-2H9i66uuNI_0112861757  0
2022-10-19 22:59:05,376-INFO-DOQyS9Wq5X_0112884865  command xml : DELETE IMS
2022-10-19 22:59:05,376-INFO-DOQyS9Wq5X_0112884865  0
2022-10-19 22:59:05,376-INFO-eShUF228Mt_0112889802  command xml : DELETE IMS
2022-10-19 22:59:05,376-INFO-eShUF228Mt_0112889802  0
2022-10-19 22:59:05,438-INFO-ZH462FOAo5_0112871837  command xml : DELETE IMS
2022-10-19 22:59:05,438-INFO-ZH462FOAo5_0112871837  0
2022-10-19 22:59:05,735-INFO-nZw17xmLwA_0112889229  command xml : DELETE HSS
2022-10-19 22:59:05,735-INFO-nZw17xmLwA_0112889229  0
2022-10-19 22:59:05,929-INFO-t7OTW1EbqM_0112889333  command xml : DELETE IMS
2022-10-19 22:59:05,929-INFO-t7OTW1EbqM_0112889333  0
2022-10-19 22:59:06,850-INFO-SziS6RgmHZ_0112875999  command xml : DELETE HSS
2022-10-19 22:59:06,850-INFO-SziS6RgmHZ_0112875999  0
2022-10-19 22:59:06,923-INFO-KXO9NCMCzx_0112864000  command xml : DELETE HSS
2022-10-19 22:59:06,923-INFO-KXO9NCMCzx_0112864000  0
2022-10-19 22:59:07,001-INFO-ZDXhIHU2jk_0112877006  command xml : DELETE HSS
2022-10-19 22:59:07,001-INFO-ZDXhIHU2jk_0112877006  0
2022-10-19 22:59:07,079-INFO-fTz9QuzR9Q_0112864494  command xml : DELETE HSS
2022-10-19 22:59:07,079-INFO-fTz9QuzR9Q_0112864494  0
2022-10-19 22:59:07,871-INFO-2H9i66uuNI_0112861757  command xml : DELETE HSS
2022-10-19 22:59:07,871-INFO-2H9i66uuNI_0112861757  0
2022-10-19 22:59:08,266-INFO-DOQyS9Wq5X_0112884865  command xml : DELETE HSS
2022-10-19 22:59:08,266-INFO-DOQyS9Wq5X_0112884865  0
2022-10-19 22:59:08,313-INFO-ZH462FOAo5_0112871837  command xml : DELETE HSS
2022-10-19 22:59:08,313-INFO-ZH462FOAo5_0112871837  0
2022-10-19 22:59:08,546-INFO-eShUF228Mt_0112889802  command xml : DELETE HSS
2022-10-19 22:59:08,546-INFO-eShUF228Mt_0112889802  0
2022-10-19 22:59:08,844-INFO-t7OTW1EbqM_0112889333  command xml : DELETE HSS
2022-10-19 22:59:08,844-INFO-t7OTW1EbqM_0112889333  0
2022-10-19 22:59:09,304-INFO-nZw17xmLwA_0112889229  command xml : DELETE ENS
2022-10-19 22:59:09,304-INFO-nZw17xmLwA_0112889229  0
2022-10-19 22:59:10,202-INFO-2H9i66uuNI_0112861757  command xml : DELETE ENS
2022-10-19 22:59:10,202-INFO-2H9i66uuNI_0112861757  0
2022-10-19 22:59:10,202-INFO-ZDXhIHU2jk_0112877006  command xml : DELETE ENS
2022-10-19 22:59:10,202-INFO-ZDXhIHU2jk_0112877006  0
2022-10-19 22:59:10,280-INFO-KXO9NCMCzx_0112864000  command xml : DELETE ENS
2022-10-19 22:59:10,280-INFO-KXO9NCMCzx_0112864000  0
2022-10-19 22:59:10,280-INFO-fTz9QuzR9Q_0112864494  command xml : DELETE ENS
2022-10-19 22:59:10,280-INFO-fTz9QuzR9Q_0112864494  0
2022-10-19 22:59:10,327-INFO-SziS6RgmHZ_0112875999  command xml : DELETE ENS
2022-10-19 22:59:10,327-INFO-SziS6RgmHZ_0112875999  0
2022-10-19 22:59:10,756-INFO-ZH462FOAo5_0112871837  command xml : DELETE ENS
2022-10-19 22:59:10,757-INFO-ZH462FOAo5_0112871837  0
2022-10-19 22:59:11,443-INFO-t7OTW1EbqM_0112889333  command xml : DELETE ENS
2022-10-19 22:59:11,443-INFO-t7OTW1EbqM_0112889333  0
2022-10-19 22:59:11,511-INFO-DOQyS9Wq5X_0112884865  command xml : DELETE ENS
2022-10-19 22:59:11,511-INFO-DOQyS9Wq5X_0112884865  0
2022-10-19 22:59:11,636-INFO-eShUF228Mt_0112889802  command xml : DELETE ENS
2022-10-19 22:59:11,636-INFO-eShUF228Mt_0112889802  0
2022-10-19 22:59:13,065-INFO-nZw17xmLwA_0112889229  command xml : DELETE MSAN
2022-10-19 22:59:13,065-INFO-nZw17xmLwA_0112889229  0
2022-10-19 22:59:13,128-INFO-ZDXhIHU2jk_0112877006  command xml : DELETE MSAN
2022-10-19 22:59:13,128-INFO-ZDXhIHU2jk_0112877006  0
2022-10-19 22:59:13,191-INFO-2H9i66uuNI_0112861757  command xml : DELETE MSAN
2022-10-19 22:59:13,191-INFO-2H9i66uuNI_0112861757  0
2022-10-19 22:59:13,596-INFO-KXO9NCMCzx_0112864000  command xml : DELETE MSAN
2022-10-19 22:59:13,596-INFO-KXO9NCMCzx_0112864000  1
2022-10-19 22:59:13,789-INFO-SziS6RgmHZ_0112875999  command xml : DELETE MSAN
2022-10-19 22:59:13,789-INFO-SziS6RgmHZ_0112875999  0
2022-10-19 22:59:15,900-INFO-nZw17xmLwA_0112889229  command xml : DELETE NMS
2022-10-19 22:59:15,900-INFO-nZw17xmLwA_0112889229  0
2022-10-19 22:59:17,279-INFO-ZDXhIHU2jk_0112877006  command xml : DELETE NMS
2022-10-19 22:59:17,279-INFO-ZDXhIHU2jk_0112877006  0
2022-10-19 22:59:17,326-INFO-fTz9QuzR9Q_0112864494  command xml : DELETE MSAN
2022-10-19 22:59:17,326-INFO-fTz9QuzR9Q_0112864494  0
2022-10-19 22:59:18,673-INFO-2H9i66uuNI_0112861757  command xml : DELETE NMS
2022-10-19 22:59:18,673-INFO-2H9i66uuNI_0112861757  0
2022-10-19 22:59:20,319-INFO-KXO9NCMCzx_0112864000  command xml : DELETE NMS
2022-10-19 22:59:20,319-INFO-DOQyS9Wq5X_0112884865  command xml : DELETE MSAN
2022-10-19 22:59:20,319-INFO-DOQyS9Wq5X_0112884865  0
2022-10-19 22:59:20,319-INFO-KXO9NCMCzx_0112864000  0
2022-10-19 22:59:20,334-INFO-ZH462FOAo5_0112871837  command xml : DELETE MSAN
2022-10-19 22:59:20,334-INFO-t7OTW1EbqM_0112889333  command xml : DELETE MSAN
2022-10-19 22:59:20,334-INFO-ZH462FOAo5_0112871837  0
2022-10-19 22:59:20,334-INFO-t7OTW1EbqM_0112889333  0
2022-10-19 22:59:21,353-INFO-nZw17xmLwA_0112889229  command xml : FAB CREATE
2022-10-19 22:59:21,353-INFO-nZw17xmLwA_0112889229  0
2022-10-19 22:59:21,853-INFO-SziS6RgmHZ_0112875999  command xml : DELETE NMS
2022-10-19 22:59:21,853-INFO-SziS6RgmHZ_0112875999  0
2022-10-19 22:59:21,884-INFO-eShUF228Mt_0112889802  command xml : DELETE MSAN
2022-10-19 22:59:21,884-INFO-eShUF228Mt_0112889802  0
2022-10-19 22:59:22,323-INFO-nZw17xmLwA_0112889229  command xml : PROFILE CREATE
2022-10-19 22:59:22,323-INFO-nZw17xmLwA_0112889229  0
2022-10-19 22:59:22,683-INFO-ZDXhIHU2jk_0112877006  command xml : FAB CREATE
2022-10-19 22:59:22,683-INFO-ZDXhIHU2jk_0112877006  0
2022-10-19 22:59:22,699-INFO-nZw17xmLwA_0112889229  command xml : VOICE CREATE
2022-10-19 22:59:22,699-INFO-nZw17xmLwA_0112889229  0
2022-10-19 22:59:23,216-INFO-nZw17xmLwA_0112889229  command xml : BB CREATE
2022-10-19 22:59:23,216-INFO-nZw17xmLwA_0112889229  0
2022-10-19 22:59:23,467-INFO-fTz9QuzR9Q_0112864494  command xml : DELETE NMS
2022-10-19 22:59:23,467-INFO-fTz9QuzR9Q_0112864494  0
2022-10-19 22:59:23,562-INFO-nZw17xmLwA_0112889229  command xml : BB USER CREATE
2022-10-19 22:59:23,562-INFO-nZw17xmLwA_0112889229  0
2022-10-19 22:59:23,703-INFO-ZDXhIHU2jk_0112877006  command xml : PROFILE CREATE
2022-10-19 22:59:23,703-INFO-ZDXhIHU2jk_0112877006  0
2022-10-19 22:59:23,938-INFO-nZw17xmLwA_0112889229  command xml : IPTV PORT CREATE
2022-10-19 22:59:23,938-INFO-nZw17xmLwA_0112889229  0
2022-10-19 22:59:24,095-INFO-ZDXhIHU2jk_0112877006  command xml : VOICE CREATE
2022-10-19 22:59:24,095-INFO-ZDXhIHU2jk_0112877006  0
2022-10-19 22:59:24,095-INFO-2H9i66uuNI_0112861757  command xml : FAB CREATE
2022-10-19 22:59:24,095-INFO-2H9i66uuNI_0112861757  0
2022-10-19 22:59:24,553-INFO-ZDXhIHU2jk_0112877006  command xml : BB CREATE
2022-10-19 22:59:24,553-INFO-ZDXhIHU2jk_0112877006  0
2022-10-19 22:59:24,553-INFO-nZw17xmLwA_0112889229  command xml : IPTV A CREATE
2022-10-19 22:59:24,553-INFO-nZw17xmLwA_0112889229  0
2022-10-19 22:59:24,792-INFO-DOQyS9Wq5X_0112884865  command xml : DELETE NMS
2022-10-19 22:59:24,792-INFO-DOQyS9Wq5X_0112884865  0
2022-10-19 22:59:24,893-INFO-nZw17xmLwA_0112889229  command xml : IPTV B CREATE
2022-10-19 22:59:24,893-INFO-nZw17xmLwA_0112889229  0
2022-10-19 22:59:24,942-INFO-ZDXhIHU2jk_0112877006  command xml : BB USER CREATE
2022-10-19 22:59:24,942-INFO-ZDXhIHU2jk_0112877006  0
2022-10-19 22:59:25,303-INFO-2H9i66uuNI_0112861757  command xml : PROFILE CREATE
2022-10-19 22:59:25,303-INFO-2H9i66uuNI_0112861757  0
2022-10-19 22:59:25,319-INFO-ZDXhIHU2jk_0112877006  command xml : IPTV PORT CREATE
2022-10-19 22:59:25,319-INFO-ZDXhIHU2jk_0112877006  0
2022-10-19 22:59:25,319-INFO-nZw17xmLwA_0112889229  command xml : IPTV C CREATE
2022-10-19 22:59:25,319-INFO-nZw17xmLwA_0112889229  0
2022-10-19 22:59:25,618-INFO-nZw17xmLwA_0112889229  command xml : IPTV D CREATE
2022-10-19 22:59:25,618-INFO-nZw17xmLwA_0112889229  0
2022-10-19 22:59:25,665-INFO-2H9i66uuNI_0112861757  command xml : VOICE CREATE
2022-10-19 22:59:25,665-INFO-2H9i66uuNI_0112861757  0
2022-10-19 22:59:25,674-INFO-ZDXhIHU2jk_0112877006  command xml : IPTV A CREATE
2022-10-19 22:59:25,674-INFO-ZDXhIHU2jk_0112877006  0
2022-10-19 22:59:25,832-INFO-KXO9NCMCzx_0112864000  command xml : FAB CREATE
2022-10-19 22:59:25,832-INFO-KXO9NCMCzx_0112864000  0
2022-10-19 22:59:26,179-INFO-ZDXhIHU2jk_0112877006  command xml : IPTV B CREATE
2022-10-19 22:59:26,179-INFO-ZDXhIHU2jk_0112877006  0
2022-10-19 22:59:26,179-INFO-2H9i66uuNI_0112861757  command xml : BB CREATE
2022-10-19 22:59:26,179-INFO-2H9i66uuNI_0112861757  0
2022-10-19 22:59:26,556-INFO-ZDXhIHU2jk_0112877006  command xml : IPTV C CREATE
2022-10-19 22:59:26,556-INFO-ZDXhIHU2jk_0112877006  0
2022-10-19 22:59:26,571-INFO-ZH462FOAo5_0112871837  command xml : DELETE NMS
2022-10-19 22:59:26,571-INFO-ZH462FOAo5_0112871837  0
2022-10-19 22:59:26,603-INFO-nZw17xmLwA_0112889229  command xml : CREATE HSS
2022-10-19 22:59:26,603-INFO-nZw17xmLwA_0112889229  0
2022-10-19 22:59:26,618-INFO-2H9i66uuNI_0112861757  command xml : BB USER CREATE
2022-10-19 22:59:26,618-INFO-2H9i66uuNI_0112861757  0
2022-10-19 22:59:26,862-INFO-ZDXhIHU2jk_0112877006  command xml : IPTV D CREATE
2022-10-19 22:59:26,862-INFO-ZDXhIHU2jk_0112877006  0
2022-10-19 22:59:27,034-INFO-KXO9NCMCzx_0112864000  command xml : PROFILE CREATE
2022-10-19 22:59:27,034-INFO-KXO9NCMCzx_0112864000  0
2022-10-19 22:59:27,050-INFO-2H9i66uuNI_0112861757  command xml : IPTV PORT CREATE
2022-10-19 22:59:27,050-INFO-2H9i66uuNI_0112861757  0
2022-10-19 22:59:27,276-INFO-nZw17xmLwA_0112889229  command xml : CREATE ENS
2022-10-19 22:59:27,276-INFO-nZw17xmLwA_0112889229  0
2022-10-19 22:59:27,276-INFO-SziS6RgmHZ_0112875999  command xml : FAB CREATE
2022-10-19 22:59:27,276-INFO-SziS6RgmHZ_0112875999  0
2022-10-19 22:59:27,398-INFO-2H9i66uuNI_0112861757  command xml : IPTV A CREATE
2022-10-19 22:59:27,398-INFO-2H9i66uuNI_0112861757  0
2022-10-19 22:59:27,398-INFO-KXO9NCMCzx_0112864000  command xml : VOICE CREATE
2022-10-19 22:59:27,398-INFO-KXO9NCMCzx_0112864000  0
2022-10-19 22:59:27,792-INFO-2H9i66uuNI_0112861757  command xml : IPTV B CREATE
2022-10-19 22:59:27,792-INFO-2H9i66uuNI_0112861757  0
2022-10-19 22:59:27,987-INFO-KXO9NCMCzx_0112864000  command xml : BB CREATE
2022-10-19 22:59:27,987-INFO-KXO9NCMCzx_0112864000  0
2022-10-19 22:59:28,018-INFO-nZw17xmLwA_0112889229  command xml : CREATE ATS
2022-10-19 22:59:28,018-INFO-nZw17xmLwA_0112889229  0
2022-10-19 22:59:28,081-INFO-t7OTW1EbqM_0112889333  command xml : DELETE NMS
2022-10-19 22:59:28,081-INFO-t7OTW1EbqM_0112889333  0
2022-10-19 22:59:28,113-INFO-ZDXhIHU2jk_0112877006  command xml : CREATE HSS
2022-10-19 22:59:28,113-INFO-ZDXhIHU2jk_0112877006  0
2022-10-19 22:59:28,160-INFO-2H9i66uuNI_0112861757  command xml : IPTV C CREATE
2022-10-19 22:59:28,160-INFO-2H9i66uuNI_0112861757  0
2022-10-19 22:59:28,457-INFO-2H9i66uuNI_0112861757  command xml : IPTV D CREATE
2022-10-19 22:59:28,457-INFO-2H9i66uuNI_0112861757  0
2022-10-19 22:59:28,457-INFO-KXO9NCMCzx_0112864000  command xml : BB USER CREATE
2022-10-19 22:59:28,457-INFO-KXO9NCMCzx_0112864000  0
2022-10-19 22:59:28,594-INFO-SziS6RgmHZ_0112875999  command xml : PROFILE CREATE
2022-10-19 22:59:28,594-INFO-SziS6RgmHZ_0112875999  0
2022-10-19 22:59:28,714-INFO-ZDXhIHU2jk_0112877006  command xml : CREATE ENS
2022-10-19 22:59:28,714-INFO-ZDXhIHU2jk_0112877006  0
2022-10-19 22:59:28,870-INFO-fTz9QuzR9Q_0112864494  command xml : FAB CREATE
2022-10-19 22:59:28,870-INFO-fTz9QuzR9Q_0112864494  0
2022-10-19 22:59:28,885-INFO-KXO9NCMCzx_0112864000  command xml : IPTV PORT CREATE
2022-10-19 22:59:28,885-INFO-KXO9NCMCzx_0112864000  0
2022-10-19 22:59:29,017-INFO-SziS6RgmHZ_0112875999  command xml : VOICE CREATE
2022-10-19 22:59:29,017-INFO-SziS6RgmHZ_0112875999  0
2022-10-19 22:59:29,255-INFO-KXO9NCMCzx_0112864000  command xml : IPTV A CREATE
2022-10-19 22:59:29,255-INFO-KXO9NCMCzx_0112864000  0
2022-10-19 22:59:29,570-INFO-SziS6RgmHZ_0112875999  command xml : BB CREATE
2022-10-19 22:59:29,570-INFO-SziS6RgmHZ_0112875999  0
2022-10-19 22:59:29,570-INFO-KXO9NCMCzx_0112864000  command xml : IPTV B CREATE
2022-10-19 22:59:29,570-INFO-KXO9NCMCzx_0112864000  0
2022-10-19 22:59:29,618-INFO-ZDXhIHU2jk_0112877006  command xml : CREATE ATS
2022-10-19 22:59:29,618-INFO-ZDXhIHU2jk_0112877006  0
2022-10-19 22:59:29,869-INFO-eShUF228Mt_0112889802  command xml : DELETE NMS
2022-10-19 22:59:29,869-INFO-eShUF228Mt_0112889802  0
2022-10-19 22:59:29,917-INFO-2H9i66uuNI_0112861757  command xml : CREATE HSS
2022-10-19 22:59:29,917-INFO-2H9i66uuNI_0112861757  0
2022-10-19 22:59:29,948-INFO-SziS6RgmHZ_0112875999  command xml : BB USER CREATE
2022-10-19 22:59:29,948-INFO-SziS6RgmHZ_0112875999  0
2022-10-19 22:59:29,976-INFO-KXO9NCMCzx_0112864000  command xml : IPTV C CREATE
2022-10-19 22:59:29,977-INFO-KXO9NCMCzx_0112864000  0
2022-10-19 22:59:30,191-INFO-DOQyS9Wq5X_0112884865  command xml : FAB CREATE
2022-10-19 22:59:30,191-INFO-DOQyS9Wq5X_0112884865  0
2022-10-19 22:59:30,272-INFO-KXO9NCMCzx_0112864000  command xml : IPTV D CREATE
2022-10-19 22:59:30,272-INFO-KXO9NCMCzx_0112864000  0
2022-10-19 22:59:30,303-INFO-SziS6RgmHZ_0112875999  command xml : IPTV PORT CREATE
2022-10-19 22:59:30,303-INFO-SziS6RgmHZ_0112875999  0
2022-10-19 22:59:30,392-INFO-fTz9QuzR9Q_0112864494  command xml : PROFILE CREATE
2022-10-19 22:59:30,392-INFO-fTz9QuzR9Q_0112864494  0
2022-10-19 22:59:30,549-INFO-2H9i66uuNI_0112861757  command xml : CREATE ENS
2022-10-19 22:59:30,549-INFO-2H9i66uuNI_0112861757  0
2022-10-19 22:59:30,628-INFO-SziS6RgmHZ_0112875999  command xml : IPTV A CREATE
2022-10-19 22:59:30,628-INFO-SziS6RgmHZ_0112875999  0
2022-10-19 22:59:30,735-INFO-fTz9QuzR9Q_0112864494  command xml : VOICE CREATE
2022-10-19 22:59:30,735-INFO-fTz9QuzR9Q_0112864494  0
2022-10-19 22:59:30,986-INFO-SziS6RgmHZ_0112875999  command xml : IPTV B CREATE
2022-10-19 22:59:30,986-INFO-SziS6RgmHZ_0112875999  0
2022-10-19 22:59:31,018-INFO-DOQyS9Wq5X_0112884865  command xml : PROFILE CREATE
2022-10-19 22:59:31,018-INFO-DOQyS9Wq5X_0112884865  0
2022-10-19 22:59:31,081-INFO-fTz9QuzR9Q_0112864494  command xml : BB CREATE
2022-10-19 22:59:31,081-INFO-fTz9QuzR9Q_0112864494  0
2022-10-19 22:59:31,206-INFO-KXO9NCMCzx_0112864000  command xml : CREATE HSS
2022-10-19 22:59:31,206-INFO-KXO9NCMCzx_0112864000  0
2022-10-19 22:59:31,350-INFO-2H9i66uuNI_0112861757  command xml : CREATE ATS
2022-10-19 22:59:31,350-INFO-DOQyS9Wq5X_0112884865  command xml : VOICE CREATE
2022-10-19 22:59:31,350-INFO-DOQyS9Wq5X_0112884865  0
2022-10-19 22:59:31,350-INFO-SziS6RgmHZ_0112875999  command xml : IPTV C CREATE
2022-10-19 22:59:31,350-INFO-SziS6RgmHZ_0112875999  0
2022-10-19 22:59:31,412-INFO-fTz9QuzR9Q_0112864494  command xml : BB USER CREATE
2022-10-19 22:59:31,412-INFO-fTz9QuzR9Q_0112864494  0
2022-10-19 22:59:31,711-INFO-SziS6RgmHZ_0112875999  command xml : IPTV D CREATE
2022-10-19 22:59:31,711-INFO-SziS6RgmHZ_0112875999  0
2022-10-19 22:59:31,726-INFO-DOQyS9Wq5X_0112884865  command xml : BB CREATE
2022-10-19 22:59:31,726-INFO-DOQyS9Wq5X_0112884865  0
2022-10-19 22:59:31,742-INFO-fTz9QuzR9Q_0112864494  command xml : IPTV PORT CREATE
2022-10-19 22:59:31,742-INFO-fTz9QuzR9Q_0112864494  0
2022-10-19 22:59:31,804-INFO-KXO9NCMCzx_0112864000  command xml : CREATE ENS
2022-10-19 22:59:31,804-INFO-KXO9NCMCzx_0112864000  0
2022-10-19 22:59:32,058-INFO-ZH462FOAo5_0112871837  command xml : FAB CREATE
2022-10-19 22:59:32,058-INFO-ZH462FOAo5_0112871837  0
2022-10-19 22:59:32,199-INFO-DOQyS9Wq5X_0112884865  command xml : BB USER CREATE
2022-10-19 22:59:32,199-INFO-DOQyS9Wq5X_0112884865  0
2022-10-19 22:59:32,279-INFO-fTz9QuzR9Q_0112864494  command xml : IPTV A CREATE
2022-10-19 22:59:32,279-INFO-fTz9QuzR9Q_0112864494  0
2022-10-19 22:59:32,545-INFO-DOQyS9Wq5X_0112884865  command xml : IPTV PORT CREATE
2022-10-19 22:59:32,545-INFO-DOQyS9Wq5X_0112884865  0
2022-10-19 22:59:32,577-INFO-KXO9NCMCzx_0112864000  command xml : CREATE ATS
2022-10-19 22:59:32,577-INFO-KXO9NCMCzx_0112864000  0
2022-10-19 22:59:32,608-INFO-fTz9QuzR9Q_0112864494  command xml : IPTV B CREATE
2022-10-19 22:59:32,608-INFO-fTz9QuzR9Q_0112864494  0
2022-10-19 22:59:32,686-INFO-SziS6RgmHZ_0112875999  command xml : CREATE HSS
2022-10-19 22:59:32,686-INFO-SziS6RgmHZ_0112875999  0
2022-10-19 22:59:32,776-INFO-KXO9NCMCzx_0112866767  command xml : lst_vlan.xml - VOICE
2022-10-19 22:59:32,776-INFO-KXO9NCMCzx_0112866767  {'VOBB': '660'}
2022-10-19 22:59:32,902-INFO-ZH462FOAo5_0112871837  command xml : PROFILE CREATE
2022-10-19 22:59:32,902-INFO-ZH462FOAo5_0112871837  0
2022-10-19 22:59:32,917-INFO-DOQyS9Wq5X_0112884865  command xml : IPTV A CREATE
2022-10-19 22:59:32,917-INFO-DOQyS9Wq5X_0112884865  0
2022-10-19 22:59:32,933-INFO-KXO9NCMCzx_0112866767  command xml : lst_vlan.xml - BB
2022-10-19 22:59:32,933-INFO-KXO9NCMCzx_0112866767  {'EVLAN': '1000', 'SVLAN': '1540'}
2022-10-19 22:59:32,964-INFO-fTz9QuzR9Q_0112864494  command xml : IPTV C CREATE
2022-10-19 22:59:32,964-INFO-fTz9QuzR9Q_0112864494  0
2022-10-19 22:59:33,262-INFO-SziS6RgmHZ_0112875999  command xml : CREATE ENS
2022-10-19 22:59:33,262-INFO-SziS6RgmHZ_0112875999  0
2022-10-19 22:59:33,480-INFO-t7OTW1EbqM_0112889333  command xml : FAB CREATE
2022-10-19 22:59:33,480-INFO-t7OTW1EbqM_0112889333  0
2022-10-19 22:59:33,659-INFO-KXO9NCMCzx_0112866767  command xml : lst_vlan.xml - IPTV
2022-10-19 22:59:33,659-INFO-KXO9NCMCzx_0112866767  {'IPSV': '1640', 'IPTVLAN': '2000'}
2022-10-19 22:59:33,774-INFO-ZH462FOAo5_0112871837  command xml : VOICE CREATE
2022-10-19 22:59:33,774-INFO-ZH462FOAo5_0112871837  0
2022-10-19 22:59:33,790-INFO-DOQyS9Wq5X_0112884865  command xml : IPTV B CREATE
2022-10-19 22:59:33,790-INFO-DOQyS9Wq5X_0112884865  0
2022-10-19 22:59:33,790-INFO-fTz9QuzR9Q_0112864494  command xml : IPTV D CREATE
2022-10-19 22:59:33,790-INFO-fTz9QuzR9Q_0112864494  0
2022-10-19 22:59:33,926-INFO-SziS6RgmHZ_0112875999  command xml : CREATE ATS
2022-10-19 22:59:33,926-INFO-SziS6RgmHZ_0112875999  0
2022-10-19 22:59:34,118-INFO-SziS6RgmHZ_0112889801  command xml : lst_vlan.xml - VOICE
2022-10-19 22:59:34,118-INFO-SziS6RgmHZ_0112889801  {'VOBB': '660'}
2022-10-19 22:59:34,212-INFO-ZH462FOAo5_0112871837  command xml : BB CREATE
2022-10-19 22:59:34,212-INFO-ZH462FOAo5_0112871837  0
2022-10-19 22:59:34,274-INFO-DOQyS9Wq5X_0112884865  command xml : IPTV C CREATE
2022-10-19 22:59:34,274-INFO-DOQyS9Wq5X_0112884865  0
2022-10-19 22:59:34,290-INFO-SziS6RgmHZ_0112889801  command xml : lst_vlan.xml - BB
2022-10-19 22:59:34,290-INFO-SziS6RgmHZ_0112889801  {'EVLAN': '1000', 'SVLAN': '1540'}
2022-10-19 22:59:34,290-INFO-t7OTW1EbqM_0112889333  command xml : PROFILE CREATE
2022-10-19 22:59:34,290-INFO-t7OTW1EbqM_0112889333  0
2022-10-19 22:59:34,431-INFO-SziS6RgmHZ_0112889801  command xml : lst_vlan.xml - IPTV
2022-10-19 22:59:34,431-INFO-SziS6RgmHZ_0112889801  {'IPSV': '1640', 'IPTVLAN': '2000'}
2022-10-19 22:59:34,601-INFO-DOQyS9Wq5X_0112884865  command xml : IPTV D CREATE
2022-10-19 22:59:34,601-INFO-DOQyS9Wq5X_0112884865  0
2022-10-19 22:59:34,648-INFO-ZH462FOAo5_0112871837  command xml : BB USER CREATE
2022-10-19 22:59:34,648-INFO-ZH462FOAo5_0112871837  0
2022-10-19 22:59:34,648-INFO-t7OTW1EbqM_0112889333  command xml : VOICE CREATE
2022-10-19 22:59:34,648-INFO-t7OTW1EbqM_0112889333  0
2022-10-19 22:59:34,736-INFO-KXO9NCMCzx_0112866767  command xml : DELETE IMS
2022-10-19 22:59:34,736-INFO-KXO9NCMCzx_0112866767  0
2022-10-19 22:59:35,084-INFO-fTz9QuzR9Q_0112864494  command xml : CREATE HSS
2022-10-19 22:59:35,084-INFO-fTz9QuzR9Q_0112864494  0
2022-10-19 22:59:35,100-INFO-ZH462FOAo5_0112871837  command xml : IPTV PORT CREATE
2022-10-19 22:59:35,100-INFO-ZH462FOAo5_0112871837  0
2022-10-19 22:59:35,116-INFO-t7OTW1EbqM_0112889333  command xml : BB CREATE
2022-10-19 22:59:35,116-INFO-t7OTW1EbqM_0112889333  0
2022-10-19 22:59:35,415-INFO-eShUF228Mt_0112889802  command xml : FAB CREATE
2022-10-19 22:59:35,415-INFO-eShUF228Mt_0112889802  0
2022-10-19 22:59:35,494-INFO-ZH462FOAo5_0112871837  command xml : IPTV A CREATE
2022-10-19 22:59:35,494-INFO-ZH462FOAo5_0112871837  0
2022-10-19 22:59:35,537-INFO-t7OTW1EbqM_0112889333  command xml : BB USER CREATE
2022-10-19 22:59:35,537-INFO-t7OTW1EbqM_0112889333  0
2022-10-19 22:59:35,568-INFO-SziS6RgmHZ_0112889801  command xml : DELETE IMS
2022-10-19 22:59:35,568-INFO-SziS6RgmHZ_0112889801  0
2022-10-19 22:59:35,755-INFO-KXO9NCMCzx_0112866767  command xml : DELETE HSS
2022-10-19 22:59:35,755-INFO-KXO9NCMCzx_0112866767  0
2022-10-19 22:59:35,802-INFO-ZH462FOAo5_0112871837  command xml : IPTV B CREATE
2022-10-19 22:59:35,802-INFO-ZH462FOAo5_0112871837  0
2022-10-19 22:59:35,943-INFO-t7OTW1EbqM_0112889333  command xml : IPTV PORT CREATE
2022-10-19 22:59:35,943-INFO-t7OTW1EbqM_0112889333  0
2022-10-19 22:59:35,959-INFO-DOQyS9Wq5X_0112884865  command xml : CREATE HSS
2022-10-19 22:59:35,959-INFO-DOQyS9Wq5X_0112884865  0
2022-10-19 22:59:36,218-INFO-ZH462FOAo5_0112871837  command xml : IPTV C CREATE
2022-10-19 22:59:36,218-INFO-ZH462FOAo5_0112871837  0
2022-10-19 22:59:36,298-INFO-eShUF228Mt_0112889802  command xml : PROFILE CREATE
2022-10-19 22:59:36,298-INFO-eShUF228Mt_0112889802  0
2022-10-19 22:59:36,377-INFO-fTz9QuzR9Q_0112864494  command xml : CREATE ENS
2022-10-19 22:59:36,377-INFO-fTz9QuzR9Q_0112864494  0
2022-10-19 22:59:36,408-INFO-t7OTW1EbqM_0112889333  command xml : IPTV A CREATE
2022-10-19 22:59:36,408-INFO-t7OTW1EbqM_0112889333  0
2022-10-19 22:59:36,575-INFO-ZH462FOAo5_0112871837  command xml : IPTV D CREATE
2022-10-19 22:59:36,575-INFO-ZH462FOAo5_0112871837  0
2022-10-19 22:59:36,578-INFO-SziS6RgmHZ_0112889801  command xml : DELETE HSS
2022-10-19 22:59:36,578-INFO-SziS6RgmHZ_0112889801  0
2022-10-19 22:59:36,700-INFO-eShUF228Mt_0112889802  command xml : VOICE CREATE
2022-10-19 22:59:36,700-INFO-eShUF228Mt_0112889802  0
2022-10-19 22:59:36,779-INFO-t7OTW1EbqM_0112889333  command xml : IPTV B CREATE
2022-10-19 22:59:36,779-INFO-t7OTW1EbqM_0112889333  0
2022-10-19 22:59:37,093-INFO-KXO9NCMCzx_0112866767  command xml : DELETE ENS
2022-10-19 22:59:37,093-INFO-KXO9NCMCzx_0112866767  0
2022-10-19 22:59:37,109-INFO-eShUF228Mt_0112889802  command xml : BB CREATE
2022-10-19 22:59:37,109-INFO-eShUF228Mt_0112889802  0
2022-10-19 22:59:37,172-INFO-t7OTW1EbqM_0112889333  command xml : IPTV C CREATE
2022-10-19 22:59:37,172-INFO-t7OTW1EbqM_0112889333  0
2022-10-19 22:59:37,495-INFO-eShUF228Mt_0112889802  command xml : BB USER CREATE
2022-10-19 22:59:37,495-INFO-eShUF228Mt_0112889802  0
2022-10-19 22:59:37,511-INFO-t7OTW1EbqM_0112889333  command xml : IPTV D CREATE
2022-10-19 22:59:37,511-INFO-t7OTW1EbqM_0112889333  0
2022-10-19 22:59:37,668-INFO-DOQyS9Wq5X_0112884865  command xml : CREATE ENS
2022-10-19 22:59:37,668-INFO-DOQyS9Wq5X_0112884865  0
2022-10-19 22:59:38,080-INFO-fTz9QuzR9Q_0112864494  command xml : CREATE ATS
2022-10-19 22:59:38,080-INFO-fTz9QuzR9Q_0112864494  0
2022-10-19 22:59:38,112-INFO-eShUF228Mt_0112889802  command xml : IPTV PORT CREATE
2022-10-19 22:59:38,112-INFO-eShUF228Mt_0112889802  0
2022-10-19 22:59:38,311-INFO-SziS6RgmHZ_0112889801  command xml : DELETE ENS
2022-10-19 22:59:38,311-INFO-SziS6RgmHZ_0112889801  0
2022-10-19 22:59:38,467-INFO-ZH462FOAo5_0112871837  command xml : CREATE HSS
2022-10-19 22:59:38,467-INFO-ZH462FOAo5_0112871837  0
2022-10-19 22:59:38,514-INFO-eShUF228Mt_0112889802  command xml : IPTV A CREATE
2022-10-19 22:59:38,514-INFO-eShUF228Mt_0112889802  0
2022-10-19 22:59:38,974-INFO-KXO9NCMCzx_0112866767  command xml : DELETE MSAN
2022-10-19 22:59:38,974-INFO-KXO9NCMCzx_0112866767  1
2022-10-19 22:59:39,021-INFO-eShUF228Mt_0112889802  command xml : IPTV B CREATE
2022-10-19 22:59:39,021-INFO-eShUF228Mt_0112889802  0
2022-10-19 22:59:39,385-INFO-DOQyS9Wq5X_0112884865  command xml : CREATE ATS
2022-10-19 22:59:39,385-INFO-DOQyS9Wq5X_0112884865  0
2022-10-19 22:59:39,385-INFO-KXO9NCMCzx_0112866767  command xml : DELETE NMS
2022-10-19 22:59:39,385-INFO-KXO9NCMCzx_0112866767  1
2022-10-19 22:59:39,526-INFO-DOQyS9Wq5X_0112864344  command xml : lst_vlan.xml - VOICE
2022-10-19 22:59:39,526-INFO-DOQyS9Wq5X_0112864344  {'VOBB': '660'}
2022-10-19 22:59:39,542-INFO-eShUF228Mt_0112889802  command xml : IPTV C CREATE
2022-10-19 22:59:39,542-INFO-eShUF228Mt_0112889802  0
2022-10-19 22:59:39,558-INFO-t7OTW1EbqM_0112889333  command xml : CREATE HSS
2022-10-19 22:59:39,558-INFO-t7OTW1EbqM_0112889333  0
2022-10-19 22:59:39,681-INFO-DOQyS9Wq5X_0112864344  command xml : lst_vlan.xml - BB
2022-10-19 22:59:39,681-INFO-DOQyS9Wq5X_0112864344  {'EVLAN': '1000', 'SVLAN': '1540'}
2022-10-19 22:59:39,830-INFO-DOQyS9Wq5X_0112864344  command xml : lst_vlan.xml - IPTV
2022-10-19 22:59:39,830-INFO-DOQyS9Wq5X_0112864344  {'IPSV': '1640', 'IPTVLAN': '2000'}
2022-10-19 22:59:39,955-INFO-ZH462FOAo5_0112871837  command xml : CREATE ENS
2022-10-19 22:59:39,955-INFO-ZH462FOAo5_0112871837  0
2022-10-19 22:59:39,971-INFO-eShUF228Mt_0112889802  command xml : IPTV D CREATE
2022-10-19 22:59:39,971-INFO-eShUF228Mt_0112889802  0
2022-10-19 22:59:39,987-INFO-SziS6RgmHZ_0112889801  command xml : DELETE MSAN
2022-10-19 22:59:39,987-INFO-SziS6RgmHZ_0112889801  0
2022-10-19 22:59:40,847-INFO-t7OTW1EbqM_0112889333  command xml : CREATE ENS
2022-10-19 22:59:40,848-INFO-t7OTW1EbqM_0112889333  0
2022-10-19 22:59:41,570-INFO-KXO9NCMCzx_0112866767  command xml : CREATE HSS
2022-10-19 22:59:41,570-INFO-KXO9NCMCzx_0112866767  1
2022-10-19 22:59:41,694-INFO-DOQyS9Wq5X_0112864344  command xml : DELETE IMS
2022-10-19 22:59:41,694-INFO-DOQyS9Wq5X_0112864344  0
2022-10-19 22:59:42,224-INFO-SziS6RgmHZ_0112889801  command xml : DELETE NMS
2022-10-19 22:59:42,224-INFO-SziS6RgmHZ_0112889801  0
2022-10-19 22:59:42,283-INFO-eShUF228Mt_0112889802  command xml : CREATE HSS
2022-10-19 22:59:42,283-INFO-eShUF228Mt_0112889802  0
2022-10-19 22:59:42,474-INFO-ZH462FOAo5_0112871837  command xml : CREATE ATS
2022-10-19 22:59:42,474-INFO-ZH462FOAo5_0112871837  0
2022-10-19 22:59:42,642-INFO-ZH462FOAo5_0112864414  command xml : lst_vlan.xml - VOICE
2022-10-19 22:59:42,643-INFO-ZH462FOAo5_0112864414  {'VOBB': '660'}
2022-10-19 22:59:42,804-INFO-t7OTW1EbqM_0112889333  command xml : CREATE ATS
2022-10-19 22:59:42,804-INFO-t7OTW1EbqM_0112889333  0
2022-10-19 22:59:42,835-INFO-ZH462FOAo5_0112864414  command xml : lst_vlan.xml - BB
2022-10-19 22:59:42,835-INFO-ZH462FOAo5_0112864414  {'EVLAN': '1000', 'SVLAN': '1540'}
2022-10-19 22:59:42,992-INFO-ZH462FOAo5_0112864414  command xml : lst_vlan.xml - IPTV
2022-10-19 22:59:42,992-INFO-ZH462FOAo5_0112864414  {'IPSV': '1640', 'IPTVLAN': '2000'}
2022-10-19 22:59:43,118-INFO-DOQyS9Wq5X_0112864344  command xml : DELETE HSS
2022-10-19 22:59:43,118-INFO-DOQyS9Wq5X_0112864344  0
2022-10-19 22:59:43,356-INFO-eShUF228Mt_0112889802  command xml : CREATE ENS
2022-10-19 22:59:43,356-INFO-eShUF228Mt_0112889802  0
2022-10-19 22:59:43,938-INFO-DOQyS9Wq5X_0112864344  command xml : DELETE ENS
2022-10-19 22:59:43,938-INFO-DOQyS9Wq5X_0112864344  0
2022-10-19 22:59:44,107-INFO-ZH462FOAo5_0112864414  command xml : DELETE IMS
2022-10-19 22:59:44,107-INFO-ZH462FOAo5_0112864414  0
2022-10-19 22:59:44,532-INFO-eShUF228Mt_0112889802  command xml : CREATE ATS
2022-10-19 22:59:44,532-INFO-eShUF228Mt_0112889802  0
2022-10-19 22:59:45,054-INFO-DOQyS9Wq5X_0112864344  command xml : DELETE MSAN
2022-10-19 22:59:45,054-INFO-DOQyS9Wq5X_0112864344  0
2022-10-19 22:59:45,133-INFO-ZH462FOAo5_0112864414  command xml : DELETE HSS
2022-10-19 22:59:45,133-INFO-ZH462FOAo5_0112864414  0
2022-10-19 22:59:45,675-INFO-ZH462FOAo5_0112864414  command xml : DELETE ENS
2022-10-19 22:59:45,675-INFO-ZH462FOAo5_0112864414  0
2022-10-19 22:59:47,404-INFO-DOQyS9Wq5X_0112864344  command xml : DELETE NMS
2022-10-19 22:59:47,404-INFO-DOQyS9Wq5X_0112864344  0
2022-10-19 22:59:47,435-INFO-ZH462FOAo5_0112864414  command xml : DELETE MSAN
2022-10-19 22:59:47,435-INFO-ZH462FOAo5_0112864414  0
2022-10-19 22:59:47,671-INFO-SziS6RgmHZ_0112889801  command xml : FAB CREATE
2022-10-19 22:59:47,671-INFO-SziS6RgmHZ_0112889801  0
2022-10-19 22:59:48,612-INFO-SziS6RgmHZ_0112889801  command xml : PROFILE CREATE
2022-10-19 22:59:48,612-INFO-SziS6RgmHZ_0112889801  0
2022-10-19 22:59:48,973-INFO-SziS6RgmHZ_0112889801  command xml : VOICE CREATE
2022-10-19 22:59:48,973-INFO-SziS6RgmHZ_0112889801  0
2022-10-19 22:59:49,492-INFO-SziS6RgmHZ_0112889801  command xml : BB CREATE
2022-10-19 22:59:49,492-INFO-SziS6RgmHZ_0112889801  0
2022-10-19 22:59:50,655-INFO-ZH462FOAo5_0112864414  command xml : DELETE NMS
2022-10-19 22:59:50,655-INFO-ZH462FOAo5_0112864414  0
2022-10-19 22:59:50,733-INFO-SziS6RgmHZ_0112889801  command xml : BB USER CREATE
2022-10-19 22:59:50,733-INFO-SziS6RgmHZ_0112889801  0
2022-10-19 22:59:51,063-INFO-SziS6RgmHZ_0112889801  command xml : IPTV PORT CREATE
2022-10-19 22:59:51,063-INFO-SziS6RgmHZ_0112889801  0
2022-10-19 22:59:51,471-INFO-SziS6RgmHZ_0112889801  command xml : IPTV A CREATE
2022-10-19 22:59:51,471-INFO-SziS6RgmHZ_0112889801  0
2022-10-19 22:59:51,753-INFO-SziS6RgmHZ_0112889801  command xml : IPTV B CREATE
2022-10-19 22:59:51,753-INFO-SziS6RgmHZ_0112889801  0
2022-10-19 22:59:52,114-INFO-SziS6RgmHZ_0112889801  command xml : IPTV C CREATE
2022-10-19 22:59:52,114-INFO-SziS6RgmHZ_0112889801  0
2022-10-19 22:59:52,411-INFO-SziS6RgmHZ_0112889801  command xml : IPTV D CREATE
2022-10-19 22:59:52,411-INFO-SziS6RgmHZ_0112889801  0
2022-10-19 22:59:52,806-INFO-DOQyS9Wq5X_0112864344  command xml : FAB CREATE
2022-10-19 22:59:52,806-INFO-DOQyS9Wq5X_0112864344  0
2022-10-19 22:59:53,213-INFO-SziS6RgmHZ_0112889801  command xml : CREATE HSS
2022-10-19 22:59:53,213-INFO-SziS6RgmHZ_0112889801  0
2022-10-19 22:59:53,630-INFO-DOQyS9Wq5X_0112864344  command xml : PROFILE CREATE
2022-10-19 22:59:53,630-INFO-DOQyS9Wq5X_0112864344  0
2022-10-19 22:59:53,818-INFO-SziS6RgmHZ_0112889801  command xml : CREATE ENS
2022-10-19 22:59:53,818-INFO-SziS6RgmHZ_0112889801  0
2022-10-19 22:59:53,956-INFO-DOQyS9Wq5X_0112864344  command xml : VOICE CREATE
2022-10-19 22:59:53,956-INFO-DOQyS9Wq5X_0112864344  0
2022-10-19 22:59:54,392-INFO-DOQyS9Wq5X_0112864344  command xml : BB CREATE
2022-10-19 22:59:54,392-INFO-DOQyS9Wq5X_0112864344  0
2022-10-19 22:59:54,486-INFO-SziS6RgmHZ_0112889801  command xml : CREATE ATS
2022-10-19 22:59:54,486-INFO-SziS6RgmHZ_0112889801  0
2022-10-19 22:59:54,816-INFO-DOQyS9Wq5X_0112864344  command xml : BB USER CREATE
2022-10-19 22:59:54,816-INFO-DOQyS9Wq5X_0112864344  0
2022-10-19 22:59:55,193-INFO-DOQyS9Wq5X_0112864344  command xml : IPTV PORT CREATE
2022-10-19 22:59:55,193-INFO-DOQyS9Wq5X_0112864344  0
2022-10-19 22:59:55,634-INFO-DOQyS9Wq5X_0112864344  command xml : IPTV A CREATE
2022-10-19 22:59:55,634-INFO-DOQyS9Wq5X_0112864344  0
2022-10-19 22:59:55,916-INFO-DOQyS9Wq5X_0112864344  command xml : IPTV B CREATE
2022-10-19 22:59:55,916-INFO-DOQyS9Wq5X_0112864344  0
2022-10-19 22:59:56,089-INFO-ZH462FOAo5_0112864414  command xml : FAB CREATE
2022-10-19 22:59:56,089-INFO-ZH462FOAo5_0112864414  0
2022-10-19 22:59:56,293-INFO-DOQyS9Wq5X_0112864344  command xml : IPTV C CREATE
2022-10-19 22:59:56,293-INFO-DOQyS9Wq5X_0112864344  0
2022-10-19 22:59:56,592-INFO-DOQyS9Wq5X_0112864344  command xml : IPTV D CREATE
2022-10-19 22:59:56,592-INFO-DOQyS9Wq5X_0112864344  0
2022-10-19 22:59:56,928-INFO-ZH462FOAo5_0112864414  command xml : PROFILE CREATE
2022-10-19 22:59:56,928-INFO-ZH462FOAo5_0112864414  0
2022-10-19 22:59:57,541-INFO-DOQyS9Wq5X_0112864344  command xml : CREATE HSS
2022-10-19 22:59:57,541-INFO-DOQyS9Wq5X_0112864344  0
2022-10-19 22:59:57,572-INFO-ZH462FOAo5_0112864414  command xml : VOICE CREATE
2022-10-19 22:59:57,572-INFO-ZH462FOAo5_0112864414  0
2022-10-19 22:59:58,046-INFO-ZH462FOAo5_0112864414  command xml : BB CREATE
2022-10-19 22:59:58,046-INFO-ZH462FOAo5_0112864414  0
2022-10-19 22:59:58,470-INFO-DOQyS9Wq5X_0112864344  command xml : CREATE ENS
2022-10-19 22:59:58,470-INFO-DOQyS9Wq5X_0112864344  0
2022-10-19 22:59:58,810-INFO-ZH462FOAo5_0112864414  command xml : BB USER CREATE
2022-10-19 22:59:58,827-INFO-ZH462FOAo5_0112864414  0
2022-10-19 22:59:59,109-INFO-DOQyS9Wq5X_0112864344  command xml : CREATE ATS
2022-10-19 22:59:59,109-INFO-DOQyS9Wq5X_0112864344  0
2022-10-19 22:59:59,219-INFO-ZH462FOAo5_0112864414  command xml : IPTV PORT CREATE
2022-10-19 22:59:59,219-INFO-ZH462FOAo5_0112864414  0
2022-10-19 22:59:59,627-INFO-ZH462FOAo5_0112864414  command xml : IPTV A CREATE
2022-10-19 22:59:59,627-INFO-ZH462FOAo5_0112864414  0
2022-10-19 22:59:59,941-INFO-ZH462FOAo5_0112864414  command xml : IPTV B CREATE
2022-10-19 22:59:59,941-INFO-ZH462FOAo5_0112864414  0
2022-10-19 23:00:00,435-INFO-ZH462FOAo5_0112864414  command xml : IPTV C CREATE
2022-10-19 23:00:00,435-INFO-ZH462FOAo5_0112864414  0
2022-10-19 23:00:00,811-INFO-ZH462FOAo5_0112864414  command xml : IPTV D CREATE
2022-10-19 23:00:00,811-INFO-ZH462FOAo5_0112864414  0
2022-10-19 23:00:01,569-INFO-ZH462FOAo5_0112864414  command xml : CREATE HSS
2022-10-19 23:00:01,569-INFO-ZH462FOAo5_0112864414  0
2022-10-19 23:00:02,091-INFO-ZH462FOAo5_0112864414  command xml : CREATE ENS
2022-10-19 23:00:02,091-INFO-ZH462FOAo5_0112864414  0
2022-10-19 23:00:02,696-INFO-ZH462FOAo5_0112864414  command xml : CREATE ATS
2022-10-19 23:00:02,696-INFO-ZH462FOAo5_0112864414  0
